[  0%] Built target std_msgs_generate_messages_py
[  0%] Built target _novatel_oem7_msgs_generate_messages_check_deps_Oem7AbasciiCmd
[  0%] Built target _novatel_oem7_msgs_generate_messages_check_deps_Oem7Header
[  0%] Built target _novatel_oem7_msgs_generate_messages_check_deps_Oem7RawMsg
[  0%] Built target _novatel_oem7_msgs_generate_messages_check_deps_BESTGNSSPOS
[  0%] Built target _novatel_oem7_msgs_generate_messages_check_deps_BESTPOS
[  0%] Built target _novatel_oem7_msgs_generate_messages_check_deps_BESTUTM
[  0%] Built target _novatel_oem7_msgs_generate_messages_check_deps_PPPPOS
[  0%] Built target _novatel_oem7_msgs_generate_messages_check_deps_TERRASTARSTATUS
[  0%] Built target _novatel_oem7_msgs_generate_messages_check_deps_TERRASTARINFO
[  0%] Built target _novatel_oem7_msgs_generate_messages_check_deps_BESTVEL
[  0%] Built target _novatel_oem7_msgs_generate_messages_check_deps_HEADING2
[  0%] Built target _novatel_oem7_msgs_generate_messages_check_deps_INSCONFIG
[  0%] Built target _novatel_oem7_msgs_generate_messages_check_deps_INSPVA
[  0%] Built target _novatel_oem7_msgs_generate_messages_check_deps_INSPVAX
[  0%] Built target _novatel_oem7_msgs_generate_messages_check_deps_INSSTDEV
[  0%] Built target _novatel_oem7_msgs_generate_messages_check_deps_CORRIMU
[  0%] Built target _novatel_oem7_msgs_generate_messages_check_deps_IMURATECORRIMU
[  0%] Built target _novatel_oem7_msgs_generate_messages_check_deps_RXSTATUS
[  0%] Built target _novatel_oem7_msgs_generate_messages_check_deps_TIME
[  0%] Built target _novatel_oem7_msgs_generate_messages_check_deps_INSExtendedSolutionStatus
[  0%] Built target _novatel_oem7_msgs_generate_messages_check_deps_INSFrame
[  0%] Built target _novatel_oem7_msgs_generate_messages_check_deps_INSReceiverStatus
[  0%] Built target _novatel_oem7_msgs_generate_messages_check_deps_INSResetType
[  0%] Built target _novatel_oem7_msgs_generate_messages_check_deps_INSSourceStatus
[  0%] Built target _novatel_oem7_msgs_generate_messages_check_deps_INSUpdate
[  0%] Built target _novatel_oem7_msgs_generate_messages_check_deps_SubscriptionPermission
[  0%] Built target _novatel_oem7_msgs_generate_messages_check_deps_SubscriptionType
[  0%] Built target _novatel_oem7_msgs_generate_messages_check_deps_SyncState
[  0%] Built target _novatel_oem7_msgs_generate_messages_check_deps_RegionRestriction
[  0%] Built target _novatel_oem7_msgs_generate_messages_check_deps_LocalAreaStatus
[  0%] Built target _novatel_oem7_msgs_generate_messages_check_deps_AccessStatus
[  0%] Built target _novatel_oem7_msgs_generate_messages_check_deps_GeogatingStatus
[  0%] Built target _novatel_oem7_msgs_generate_messages_check_deps_BestExtendedSolutionStatus
[  0%] Built target _novatel_oem7_msgs_generate_messages_check_deps_InertialSolutionStatus
[  0%] Built target _novatel_oem7_msgs_generate_messages_check_deps_INSAlignmentMode
[  0%] Built target _novatel_oem7_msgs_generate_messages_check_deps_INSOutputFrame
[  0%] Built target _novatel_oem7_msgs_generate_messages_check_deps_Rotation
[  0%] Built target _novatel_oem7_msgs_generate_messages_check_deps_PositionOrVelocityType
[  0%] Built target _novatel_oem7_msgs_generate_messages_check_deps_RotationalOffset
[  0%] Built target _novatel_oem7_msgs_generate_messages_check_deps_SolutionStatus
[  0%] Built target _novatel_oem7_msgs_generate_messages_check_deps_SolutionSource
[  0%] Built target _novatel_oem7_msgs_generate_messages_check_deps_Translation
[  0%] Built target _novatel_oem7_msgs_generate_messages_check_deps_TranslationOffset
[  0%] Built target std_msgs_generate_messages_cpp
[  0%] Built target std_msgs_generate_messages_eus
[  0%] Built target std_msgs_generate_messages_lisp
[  0%] Built target std_msgs_generate_messages_nodejs
[  0%] [34m[1mGenerating Python from MSG novatel_oem7_msgs/Oem7RawMsg[0m
[  0%] [34m[1mGenerating C++ code from novatel_oem7_msgs/Oem7RawMsg.msg[0m
[  1%] [34m[1mGenerating Python from MSG novatel_oem7_msgs/Oem7Header[0m
[  2%] [34m[1mGenerating C++ code from novatel_oem7_msgs/Oem7Header.msg[0m
[  3%] [34m[1mGenerating C++ code from novatel_oem7_msgs/BESTGNSSPOS.msg[0m
[  3%] [34m[1mGenerating Python from MSG novatel_oem7_msgs/BESTGNSSPOS[0m
[  3%] [34m[1mGenerating C++ code from novatel_oem7_msgs/BESTPOS.msg[0m
[  4%] [34m[1mGenerating C++ code from novatel_oem7_msgs/BESTUTM.msg[0m
[  4%] [34m[1mGenerating C++ code from novatel_oem7_msgs/PPPPOS.msg[0m
[  5%] [34m[1mGenerating Python from MSG novatel_oem7_msgs/BESTPOS[0m
[  6%] [34m[1mGenerating C++ code from novatel_oem7_msgs/TERRASTARSTATUS.msg[0m
[  6%] [34m[1mGenerating C++ code from novatel_oem7_msgs/TERRASTARINFO.msg[0m
[  6%] [34m[1mGenerating Python from MSG novatel_oem7_msgs/BESTUTM[0m
[  7%] [34m[1mGenerating Python from MSG novatel_oem7_msgs/PPPPOS[0m
[  7%] [34m[1mGenerating C++ code from novatel_oem7_msgs/BESTVEL.msg[0m
[  8%] [34m[1mGenerating Python from MSG novatel_oem7_msgs/TERRASTARSTATUS[0m
[  8%] [34m[1mGenerating C++ code from novatel_oem7_msgs/HEADING2.msg[0m
[  8%] [34m[1mGenerating Python from MSG novatel_oem7_msgs/TERRASTARINFO[0m
[  8%] [34m[1mGenerating C++ code from novatel_oem7_msgs/INSCONFIG.msg[0m
[  9%] [34m[1mGenerating Python from MSG novatel_oem7_msgs/BESTVEL[0m
[  9%] [34m[1mGenerating C++ code from novatel_oem7_msgs/INSPVA.msg[0m
[ 10%] [34m[1mGenerating C++ code from novatel_oem7_msgs/INSPVAX.msg[0m
[ 11%] [34m[1mGenerating Python from MSG novatel_oem7_msgs/HEADING2[0m
[ 11%] [34m[1mGenerating EusLisp code from novatel_oem7_msgs/Oem7RawMsg.msg[0m
[ 12%] [34m[1mGenerating C++ code from novatel_oem7_msgs/INSSTDEV.msg[0m
[ 12%] [34m[1mGenerating C++ code from novatel_oem7_msgs/CORRIMU.msg[0m
[ 13%] [34m[1mGenerating EusLisp code from novatel_oem7_msgs/Oem7Header.msg[0m
[ 14%] [34m[1mGenerating Python from MSG novatel_oem7_msgs/INSCONFIG[0m
[ 14%] [34m[1mGenerating C++ code from novatel_oem7_msgs/IMURATECORRIMU.msg[0m
[ 14%] [34m[1mGenerating C++ code from novatel_oem7_msgs/RXSTATUS.msg[0m
[ 14%] [34m[1mGenerating EusLisp code from novatel_oem7_msgs/BESTGNSSPOS.msg[0m
[ 14%] [34m[1mGenerating C++ code from novatel_oem7_msgs/TIME.msg[0m
[ 15%] [34m[1mGenerating C++ code from novatel_oem7_msgs/INSExtendedSolutionStatus.msg[0m
[ 16%] [34m[1mGenerating Python from MSG novatel_oem7_msgs/INSPVA[0m
[ 17%] [34m[1mGenerating EusLisp code from novatel_oem7_msgs/BESTPOS.msg[0m
[ 17%] [34m[1mGenerating EusLisp code from novatel_oem7_msgs/BESTUTM.msg[0m
[ 17%] [34m[1mGenerating C++ code from novatel_oem7_msgs/INSFrame.msg[0m
[ 17%] [34m[1mGenerating C++ code from novatel_oem7_msgs/INSReceiverStatus.msg[0m
[ 17%] [34m[1mGenerating EusLisp code from novatel_oem7_msgs/PPPPOS.msg[0m
[ 17%] [34m[1mGenerating Python from MSG novatel_oem7_msgs/INSPVAX[0m
[ 17%] [34m[1mGenerating Python from MSG novatel_oem7_msgs/INSSTDEV[0m
[ 17%] [34m[1mGenerating C++ code from novatel_oem7_msgs/INSResetType.msg[0m
[ 18%] [34m[1mGenerating EusLisp code from novatel_oem7_msgs/TERRASTARSTATUS.msg[0m
[ 18%] [34m[1mGenerating C++ code from novatel_oem7_msgs/INSSourceStatus.msg[0m
[ 18%] [34m[1mGenerating EusLisp code from novatel_oem7_msgs/TERRASTARINFO.msg[0m
[ 19%] [34m[1mGenerating Python from MSG novatel_oem7_msgs/CORRIMU[0m
[ 19%] [34m[1mGenerating Python from MSG novatel_oem7_msgs/IMURATECORRIMU[0m
[ 20%] [34m[1mGenerating EusLisp code from novatel_oem7_msgs/BESTVEL.msg[0m
[ 21%] [34m[1mGenerating C++ code from novatel_oem7_msgs/INSUpdate.msg[0m
[ 21%] [34m[1mGenerating EusLisp code from novatel_oem7_msgs/HEADING2.msg[0m
[ 21%] [34m[1mGenerating Python from MSG novatel_oem7_msgs/TIME[0m
[ 21%] [34m[1mGenerating Python from MSG novatel_oem7_msgs/RXSTATUS[0m
[ 21%] [34m[1mGenerating C++ code from novatel_oem7_msgs/SubscriptionPermission.msg[0m
[ 21%] [34m[1mGenerating Python from MSG novatel_oem7_msgs/INSExtendedSolutionStatus[0m
[ 21%] [34m[1mGenerating C++ code from novatel_oem7_msgs/SubscriptionType.msg[0m
[ 22%] [34m[1mGenerating EusLisp code from novatel_oem7_msgs/INSCONFIG.msg[0m
[ 23%] [34m[1mGenerating Python from MSG novatel_oem7_msgs/INSFrame[0m
[ 24%] [34m[1mGenerating EusLisp code from novatel_oem7_msgs/INSPVA.msg[0m
[ 24%] [34m[1mGenerating EusLisp code from novatel_oem7_msgs/INSPVAX.msg[0m
[ 25%] [34m[1mGenerating C++ code from novatel_oem7_msgs/SyncState.msg[0m
[ 26%] [34m[1mGenerating C++ code from novatel_oem7_msgs/RegionRestriction.msg[0m
[ 27%] [34m[1mGenerating Python from MSG novatel_oem7_msgs/INSReceiverStatus[0m
[ 27%] [34m[1mGenerating Python from MSG novatel_oem7_msgs/INSResetType[0m
[ 27%] [34m[1mGenerating EusLisp code from novatel_oem7_msgs/INSSTDEV.msg[0m
[ 28%] [34m[1mGenerating C++ code from novatel_oem7_msgs/LocalAreaStatus.msg[0m
[ 29%] [34m[1mGenerating Python from MSG novatel_oem7_msgs/INSSourceStatus[0m
[ 29%] [34m[1mGenerating Python from MSG novatel_oem7_msgs/INSUpdate[0m
[ 30%] [34m[1mGenerating EusLisp code from novatel_oem7_msgs/CORRIMU.msg[0m
[ 31%] [34m[1mGenerating EusLisp code from novatel_oem7_msgs/IMURATECORRIMU.msg[0m
[ 31%] [34m[1mGenerating C++ code from novatel_oem7_msgs/AccessStatus.msg[0m
[ 31%] [34m[1mGenerating Python from MSG novatel_oem7_msgs/SubscriptionPermission[0m
[ 32%] [34m[1mGenerating Python from MSG novatel_oem7_msgs/SubscriptionType[0m
[ 32%] [34m[1mGenerating EusLisp code from novatel_oem7_msgs/RXSTATUS.msg[0m
[ 34%] [34m[1mGenerating C++ code from novatel_oem7_msgs/GeogatingStatus.msg[0m
[ 34%] [34m[1mGenerating EusLisp code from novatel_oem7_msgs/TIME.msg[0m
[ 34%] [34m[1mGenerating Python from MSG novatel_oem7_msgs/SyncState[0m
[ 35%] [34m[1mGenerating C++ code from novatel_oem7_msgs/BestExtendedSolutionStatus.msg[0m
[ 36%] [34m[1mGenerating Python from MSG novatel_oem7_msgs/RegionRestriction[0m
[ 36%] [34m[1mGenerating EusLisp code from novatel_oem7_msgs/INSExtendedSolutionStatus.msg[0m
[ 36%] [34m[1mGenerating Python from MSG novatel_oem7_msgs/LocalAreaStatus[0m
[ 36%] [34m[1mGenerating C++ code from novatel_oem7_msgs/InertialSolutionStatus.msg[0m
[ 37%] [34m[1mGenerating C++ code from novatel_oem7_msgs/INSAlignmentMode.msg[0m
[ 38%] [34m[1mGenerating EusLisp code from novatel_oem7_msgs/INSFrame.msg[0m
[ 38%] [34m[1mGenerating Python from MSG novatel_oem7_msgs/AccessStatus[0m
[ 38%] [34m[1mGenerating Python from MSG novatel_oem7_msgs/GeogatingStatus[0m
[ 39%] [34m[1mGenerating C++ code from novatel_oem7_msgs/INSOutputFrame.msg[0m
[ 39%] [34m[1mGenerating Python from MSG novatel_oem7_msgs/BestExtendedSolutionStatus[0m
[ 39%] [34m[1mGenerating EusLisp code from novatel_oem7_msgs/INSReceiverStatus.msg[0m
[ 40%] [34m[1mGenerating C++ code from novatel_oem7_msgs/PositionOrVelocityType.msg[0m
[ 41%] [34m[1mGenerating EusLisp code from novatel_oem7_msgs/INSResetType.msg[0m
[ 42%] [34m[1mGenerating Python from MSG novatel_oem7_msgs/InertialSolutionStatus[0m
[ 43%] [34m[1mGenerating EusLisp code from novatel_oem7_msgs/INSSourceStatus.msg[0m
[ 43%] [34m[1mGenerating Lisp code from novatel_oem7_msgs/Oem7RawMsg.msg[0m
[ 43%] [34m[1mGenerating EusLisp code from novatel_oem7_msgs/INSUpdate.msg[0m
[ 43%] [34m[1mGenerating C++ code from novatel_oem7_msgs/Rotation.msg[0m
[ 43%] [34m[1mGenerating EusLisp code from novatel_oem7_msgs/SubscriptionPermission.msg[0m
[ 44%] [34m[1mGenerating Lisp code from novatel_oem7_msgs/Oem7Header.msg[0m
[ 44%] [34m[1mGenerating Python from MSG novatel_oem7_msgs/INSAlignmentMode[0m
[ 44%] [34m[1mGenerating EusLisp code from novatel_oem7_msgs/SubscriptionType.msg[0m
[ 44%] [34m[1mGenerating Lisp code from novatel_oem7_msgs/BESTGNSSPOS.msg[0m
[ 45%] [34m[1mGenerating C++ code from novatel_oem7_msgs/RotationalOffset.msg[0m
[ 46%] [34m[1mGenerating C++ code from novatel_oem7_msgs/SolutionStatus.msg[0m
[ 47%] [34m[1mGenerating EusLisp code from novatel_oem7_msgs/SyncState.msg[0m
[ 48%] [34m[1mGenerating Lisp code from novatel_oem7_msgs/BESTPOS.msg[0m
[ 48%] [34m[1mGenerating Python from MSG novatel_oem7_msgs/INSOutputFrame[0m
[ 48%] [34m[1mGenerating C++ code from novatel_oem7_msgs/SolutionSource.msg[0m
[ 49%] [34m[1mGenerating C++ code from novatel_oem7_msgs/Translation.msg[0m
[ 49%] [34m[1mGenerating Lisp code from novatel_oem7_msgs/BESTUTM.msg[0m
[ 50%] [34m[1mGenerating EusLisp code from novatel_oem7_msgs/RegionRestriction.msg[0m
[ 50%] [34m[1mGenerating Lisp code from novatel_oem7_msgs/PPPPOS.msg[0m
[ 50%] [34m[1mGenerating Python from MSG novatel_oem7_msgs/PositionOrVelocityType[0m
[ 50%] [34m[1mGenerating Python from MSG novatel_oem7_msgs/Rotation[0m
[ 51%] [34m[1mGenerating Lisp code from novatel_oem7_msgs/TERRASTARSTATUS.msg[0m
[ 51%] [34m[1mGenerating EusLisp code from novatel_oem7_msgs/LocalAreaStatus.msg[0m
[ 51%] [34m[1mGenerating C++ code from novatel_oem7_msgs/Oem7AbasciiCmd.srv[0m
[ 51%] [34m[1mGenerating C++ code from novatel_oem7_msgs/TranslationOffset.msg[0m
[ 51%] [34m[1mGenerating Lisp code from novatel_oem7_msgs/TERRASTARINFO.msg[0m
[ 52%] [34m[1mGenerating Python from MSG novatel_oem7_msgs/RotationalOffset[0m
[ 52%] [34m[1mGenerating EusLisp code from novatel_oem7_msgs/AccessStatus.msg[0m
[ 53%] [34m[1mGenerating Python from MSG novatel_oem7_msgs/SolutionStatus[0m
[ 53%] [34m[1mGenerating EusLisp code from novatel_oem7_msgs/GeogatingStatus.msg[0m
[ 54%] [34m[1mGenerating Lisp code from novatel_oem7_msgs/BESTVEL.msg[0m
[ 54%] [34m[1mGenerating Python from MSG novatel_oem7_msgs/SolutionSource[0m
[ 54%] Built target novatel_oem7_msgs_generate_messages_cpp
[ 54%] [34m[1mGenerating EusLisp code from novatel_oem7_msgs/BestExtendedSolutionStatus.msg[0m
[ 54%] [34m[1mGenerating Javascript code from novatel_oem7_msgs/Oem7RawMsg.msg[0m
[ 55%] [34m[1mGenerating Lisp code from novatel_oem7_msgs/HEADING2.msg[0m
[ 56%] [34m[1mGenerating EusLisp code from novatel_oem7_msgs/InertialSolutionStatus.msg[0m
[ 57%] [34m[1mGenerating Python from MSG novatel_oem7_msgs/Translation[0m
[ 57%] [34m[1mGenerating Python from MSG novatel_oem7_msgs/TranslationOffset[0m
[ 58%] [34m[1mGenerating Lisp code from novatel_oem7_msgs/INSCONFIG.msg[0m
[ 59%] [34m[1mGenerating Javascript code from novatel_oem7_msgs/Oem7Header.msg[0m
[ 59%] [34m[1mGenerating EusLisp code from novatel_oem7_msgs/INSAlignmentMode.msg[0m
[ 59%] [34m[1mGenerating EusLisp code from novatel_oem7_msgs/INSOutputFrame.msg[0m
[ 60%] [34m[1mGenerating Lisp code from novatel_oem7_msgs/INSPVA.msg[0m
[ 60%] [34m[1mGenerating Javascript code from novatel_oem7_msgs/BESTGNSSPOS.msg[0m
[ 61%] [34m[1mGenerating EusLisp code from novatel_oem7_msgs/PositionOrVelocityType.msg[0m
[ 61%] [34m[1mGenerating Lisp code from novatel_oem7_msgs/INSPVAX.msg[0m
[ 61%] [34m[1mGenerating Python code from SRV novatel_oem7_msgs/Oem7AbasciiCmd[0m
[ 61%] [34m[1mGenerating EusLisp code from novatel_oem7_msgs/Rotation.msg[0m
[ 62%] [34m[1mGenerating Javascript code from novatel_oem7_msgs/BESTPOS.msg[0m
[ 63%] [34m[1mGenerating EusLisp code from novatel_oem7_msgs/RotationalOffset.msg[0m
[ 63%] [34m[1mGenerating Lisp code from novatel_oem7_msgs/INSSTDEV.msg[0m
[ 64%] [34m[1mGenerating EusLisp code from novatel_oem7_msgs/SolutionStatus.msg[0m
[ 64%] [34m[1mGenerating Javascript code from novatel_oem7_msgs/BESTUTM.msg[0m
[ 65%] [34m[1mGenerating EusLisp code from novatel_oem7_msgs/Translation.msg[0m
[ 65%] [34m[1mGenerating EusLisp code from novatel_oem7_msgs/SolutionSource.msg[0m
[ 65%] [34m[1mGenerating EusLisp code from novatel_oem7_msgs/TranslationOffset.msg[0m
[ 67%] [34m[1mGenerating Lisp code from novatel_oem7_msgs/CORRIMU.msg[0m
[ 68%] [34m[1mGenerating Javascript code from novatel_oem7_msgs/PPPPOS.msg[0m
[ 69%] [34m[1mGenerating EusLisp code from novatel_oem7_msgs/Oem7AbasciiCmd.srv[0m
[ 69%] [34m[1mGenerating Lisp code from novatel_oem7_msgs/IMURATECORRIMU.msg[0m
[ 70%] [34m[1mGenerating Python msg __init__.py for novatel_oem7_msgs[0m
[ 71%] [34m[1mGenerating EusLisp manifest code for novatel_oem7_msgs[0m
[ 71%] [34m[1mGenerating Lisp code from novatel_oem7_msgs/RXSTATUS.msg[0m
[ 72%] [34m[1mGenerating Python srv __init__.py for novatel_oem7_msgs[0m
[ 73%] [34m[1mGenerating Javascript code from novatel_oem7_msgs/TERRASTARSTATUS.msg[0m
[ 73%] [34m[1mGenerating Javascript code from novatel_oem7_msgs/TERRASTARINFO.msg[0m
[ 73%] [34m[1mGenerating Lisp code from novatel_oem7_msgs/TIME.msg[0m
[ 74%] [34m[1mGenerating Javascript code from novatel_oem7_msgs/BESTVEL.msg[0m
[ 75%] [34m[1mGenerating Javascript code from novatel_oem7_msgs/HEADING2.msg[0m
[ 75%] [34m[1mGenerating Lisp code from novatel_oem7_msgs/INSExtendedSolutionStatus.msg[0m
[ 76%] [34m[1mGenerating Javascript code from novatel_oem7_msgs/INSCONFIG.msg[0m
[ 77%] [34m[1mGenerating Javascript code from novatel_oem7_msgs/INSPVA.msg[0m
[ 78%] [34m[1mGenerating Lisp code from novatel_oem7_msgs/INSFrame.msg[0m
[ 78%] [34m[1mGenerating Javascript code from novatel_oem7_msgs/INSPVAX.msg[0m
[ 79%] [34m[1mGenerating Lisp code from novatel_oem7_msgs/INSReceiverStatus.msg[0m
[ 79%] [34m[1mGenerating Javascript code from novatel_oem7_msgs/INSSTDEV.msg[0m
[ 79%] [34m[1mGenerating Lisp code from novatel_oem7_msgs/INSResetType.msg[0m
[ 79%] [34m[1mGenerating Javascript code from novatel_oem7_msgs/IMURATECORRIMU.msg[0m
[ 80%] [34m[1mGenerating Javascript code from novatel_oem7_msgs/CORRIMU.msg[0m
[ 81%] [34m[1mGenerating Lisp code from novatel_oem7_msgs/INSSourceStatus.msg[0m
[ 81%] [34m[1mGenerating Lisp code from novatel_oem7_msgs/INSUpdate.msg[0m
[ 81%] Built target novatel_oem7_msgs_generate_messages_py
[ 81%] [34m[1mGenerating Javascript code from novatel_oem7_msgs/RXSTATUS.msg[0m
[ 81%] [34m[1mGenerating Lisp code from novatel_oem7_msgs/SubscriptionPermission.msg[0m
[ 81%] [34m[1mGenerating Javascript code from novatel_oem7_msgs/TIME.msg[0m
[ 81%] [34m[1mGenerating Lisp code from novatel_oem7_msgs/SubscriptionType.msg[0m
[ 81%] [34m[1mGenerating Javascript code from novatel_oem7_msgs/INSExtendedSolutionStatus.msg[0m
[ 82%] [34m[1mGenerating Javascript code from novatel_oem7_msgs/INSFrame.msg[0m
[ 83%] [34m[1mGenerating Lisp code from novatel_oem7_msgs/SyncState.msg[0m
[ 84%] [34m[1mGenerating Javascript code from novatel_oem7_msgs/INSReceiverStatus.msg[0m
[ 85%] [34m[1mGenerating Javascript code from novatel_oem7_msgs/INSResetType.msg[0m
[ 85%] [34m[1mGenerating Lisp code from novatel_oem7_msgs/RegionRestriction.msg[0m
[ 86%] [34m[1mGenerating Lisp code from novatel_oem7_msgs/LocalAreaStatus.msg[0m
[ 86%] [34m[1mGenerating Javascript code from novatel_oem7_msgs/INSSourceStatus.msg[0m
[ 86%] [34m[1mGenerating Javascript code from novatel_oem7_msgs/INSUpdate.msg[0m
[ 86%] [34m[1mGenerating Javascript code from novatel_oem7_msgs/SubscriptionPermission.msg[0m
[ 86%] [34m[1mGenerating Lisp code from novatel_oem7_msgs/AccessStatus.msg[0m
[ 86%] [34m[1mGenerating Lisp code from novatel_oem7_msgs/GeogatingStatus.msg[0m
[ 86%] [34m[1mGenerating Javascript code from novatel_oem7_msgs/SubscriptionType.msg[0m
[ 87%] [34m[1mGenerating Javascript code from novatel_oem7_msgs/SyncState.msg[0m
[ 87%] [34m[1mGenerating Lisp code from novatel_oem7_msgs/BestExtendedSolutionStatus.msg[0m
[ 88%] [34m[1mGenerating Javascript code from novatel_oem7_msgs/RegionRestriction.msg[0m
[ 88%] [34m[1mGenerating Javascript code from novatel_oem7_msgs/LocalAreaStatus.msg[0m
[ 89%] [34m[1mGenerating Lisp code from novatel_oem7_msgs/InertialSolutionStatus.msg[0m
[ 89%] [34m[1mGenerating Javascript code from novatel_oem7_msgs/AccessStatus.msg[0m
[ 89%] [34m[1mGenerating Javascript code from novatel_oem7_msgs/GeogatingStatus.msg[0m
[ 89%] [34m[1mGenerating Lisp code from novatel_oem7_msgs/INSAlignmentMode.msg[0m
[ 89%] [34m[1mGenerating Lisp code from novatel_oem7_msgs/INSOutputFrame.msg[0m
[ 90%] [34m[1mGenerating Lisp code from novatel_oem7_msgs/PositionOrVelocityType.msg[0m
[ 90%] [34m[1mGenerating Lisp code from novatel_oem7_msgs/Rotation.msg[0m
[ 91%] [34m[1mGenerating Lisp code from novatel_oem7_msgs/RotationalOffset.msg[0m
[ 91%] [34m[1mGenerating Javascript code from novatel_oem7_msgs/BestExtendedSolutionStatus.msg[0m
[ 92%] [34m[1mGenerating Javascript code from novatel_oem7_msgs/InertialSolutionStatus.msg[0m
[ 92%] Built target novatel_oem7_msgs_generate_messages_eus
[ 93%] [34m[1mGenerating Javascript code from novatel_oem7_msgs/INSAlignmentMode.msg[0m
[ 93%] [34m[1mGenerating Lisp code from novatel_oem7_msgs/SolutionStatus.msg[0m
[ 93%] [34m[1mGenerating Javascript code from novatel_oem7_msgs/INSOutputFrame.msg[0m
[ 93%] [34m[1mGenerating Javascript code from novatel_oem7_msgs/PositionOrVelocityType.msg[0m
[ 93%] [34m[1mGenerating Lisp code from novatel_oem7_msgs/SolutionSource.msg[0m
[ 94%] [34m[1mGenerating Lisp code from novatel_oem7_msgs/Translation.msg[0m
[ 94%] [34m[1mGenerating Lisp code from novatel_oem7_msgs/TranslationOffset.msg[0m
[ 94%] [34m[1mGenerating Javascript code from novatel_oem7_msgs/Rotation.msg[0m
[ 95%] [34m[1mGenerating Javascript code from novatel_oem7_msgs/RotationalOffset.msg[0m
[ 96%] [34m[1mGenerating Lisp code from novatel_oem7_msgs/Oem7AbasciiCmd.srv[0m
[ 97%] [34m[1mGenerating Javascript code from novatel_oem7_msgs/SolutionStatus.msg[0m
[ 97%] [34m[1mGenerating Javascript code from novatel_oem7_msgs/SolutionSource.msg[0m
[ 98%] [34m[1mGenerating Javascript code from novatel_oem7_msgs/TranslationOffset.msg[0m
[ 98%] [34m[1mGenerating Javascript code from novatel_oem7_msgs/Translation.msg[0m
[100%] [34m[1mGenerating Javascript code from novatel_oem7_msgs/Oem7AbasciiCmd.srv[0m
[100%] Built target novatel_oem7_msgs_generate_messages_lisp
[100%] Built target novatel_oem7_msgs_generate_messages_nodejs
[100%] Built target novatel_oem7_msgs_generate_messages
