[  0%] Built target _novatel_oem7_msgs_generate_messages_check_deps_PPPPOS
[  0%] Built target _novatel_oem7_msgs_generate_messages_check_deps_BESTPOS
[  0%] Built target _novatel_oem7_msgs_generate_messages_check_deps_INSReceiverStatus
[  0%] Built target _novatel_oem7_msgs_generate_messages_check_deps_Oem7Header
[  0%] Built target _novatel_oem7_msgs_generate_messages_check_deps_LocalAreaStatus
[  0%] Built target _novatel_oem7_msgs_generate_messages_check_deps_SubscriptionType
[  0%] Built target _novatel_oem7_msgs_generate_messages_check_deps_AccessStatus
[  0%] Built target _novatel_oem7_msgs_generate_messages_check_deps_BESTUTM
[  0%] Built target _novatel_oem7_msgs_generate_messages_check_deps_INSSourceStatus
[  0%] Built target _novatel_oem7_msgs_generate_messages_check_deps_RegionRestriction
[  0%] Built target _novatel_oem7_msgs_generate_messages_check_deps_INSUpdate
[  0%] Built target _novatel_oem7_msgs_generate_messages_check_deps_Rotation
[  0%] Built target _novatel_oem7_msgs_generate_messages_check_deps_InertialSolutionStatus
[  0%] Built target _novatel_oem7_msgs_generate_messages_check_deps_BestExtendedSolutionStatus
[  0%] Built target _novatel_oem7_msgs_generate_messages_check_deps_SolutionStatus
[  0%] Built target _novatel_oem7_msgs_generate_messages_check_deps_INSSTDEV
[  0%] Built target _novatel_oem7_msgs_generate_messages_check_deps_INSResetType
[  0%] Built target _novatel_oem7_msgs_generate_messages_check_deps_RXSTATUS
[  0%] Built target _novatel_oem7_msgs_generate_messages_check_deps_TERRASTARSTATUS
[  0%] Built target std_msgs_generate_messages_cpp
[  0%] Built target _novatel_oem7_msgs_generate_messages_check_deps_PositionOrVelocityType
[  0%] Built target _novatel_oem7_msgs_generate_messages_check_deps_TIME
[  0%] Built target _novatel_oem7_msgs_generate_messages_check_deps_INSExtendedSolutionStatus
[  0%] Built target _novatel_oem7_msgs_generate_messages_check_deps_TERRASTARINFO
[  0%] Built target _novatel_oem7_msgs_generate_messages_check_deps_INSFrame
[  0%] Built target _novatel_oem7_msgs_generate_messages_check_deps_Oem7RawMsg
[  0%] Built target _novatel_oem7_msgs_generate_messages_check_deps_GeogatingStatus
[  0%] Built target _novatel_oem7_msgs_generate_messages_check_deps_BESTGNSSPOS
[  0%] Built target _novatel_oem7_msgs_generate_messages_check_deps_INSPVA
[  0%] Built target _novatel_oem7_msgs_generate_messages_check_deps_INSCONFIG
[  0%] Built target _novatel_oem7_msgs_generate_messages_check_deps_IMURATECORRIMU
[  0%] Built target _novatel_oem7_msgs_generate_messages_check_deps_HEADING2
[  0%] Built target _novatel_oem7_msgs_generate_messages_check_deps_INSAlignmentMode
[  0%] Built target _novatel_oem7_msgs_generate_messages_check_deps_SubscriptionPermission
[  0%] Built target _novatel_oem7_msgs_generate_messages_check_deps_TranslationOffset
[  0%] Built target _novatel_oem7_msgs_generate_messages_check_deps_SolutionSource
[  0%] Built target std_msgs_generate_messages_nodejs
[  0%] Built target _novatel_oem7_msgs_generate_messages_check_deps_RotationalOffset
[  0%] Built target _novatel_oem7_msgs_generate_messages_check_deps_INSOutputFrame
[  0%] Built target _novatel_oem7_msgs_generate_messages_check_deps_CORRIMU
[  0%] Built target _novatel_oem7_msgs_generate_messages_check_deps_BESTVEL
[  0%] Built target std_msgs_generate_messages_py
[  0%] Built target _novatel_oem7_msgs_generate_messages_check_deps_Translation
[  0%] Built target std_msgs_generate_messages_eus
[  0%] Built target _novatel_oem7_msgs_generate_messages_check_deps_Oem7AbasciiCmd
[  0%] Built target std_msgs_generate_messages_lisp
[  0%] Built target _novatel_oem7_msgs_generate_messages_check_deps_INSPVAX
[  0%] Built target _novatel_oem7_msgs_generate_messages_check_deps_SyncState
[ 44%] Built target novatel_oem7_msgs_generate_messages_eus
[ 74%] Built target novatel_oem7_msgs_generate_messages_cpp
[ 74%] Built target novatel_oem7_msgs_generate_messages_py
[ 80%] Built target novatel_oem7_msgs_generate_messages_nodejs
[100%] Built target novatel_oem7_msgs_generate_messages_lisp
[100%] Built target novatel_oem7_msgs_generate_messages
