Linked: (/home/terry/mr23_ws/devel/.private/novatel_oem7_msgs/share/common-lisp/ros/novatel_oem7_msgs/srv/_package.lisp, /home/terry/mr23_ws/devel/share/common-lisp/ros/novatel_oem7_msgs/srv/_package.lisp)
Linked: (/home/terry/mr23_ws/devel/.private/novatel_oem7_msgs/share/common-lisp/ros/novatel_oem7_msgs/srv/Oem7AbasciiCmd.lisp, /home/terry/mr23_ws/devel/share/common-lisp/ros/novatel_oem7_msgs/srv/Oem7AbasciiCmd.lisp)
Linked: (/home/terry/mr23_ws/devel/.private/novatel_oem7_msgs/share/common-lisp/ros/novatel_oem7_msgs/srv/_package_Oem7AbasciiCmd.lisp, /home/terry/mr23_ws/devel/share/common-lisp/ros/novatel_oem7_msgs/srv/_package_Oem7AbasciiCmd.lisp)
Linked: (/home/terry/mr23_ws/devel/.private/novatel_oem7_msgs/share/common-lisp/ros/novatel_oem7_msgs/srv/novatel_oem7_msgs-srv.asd, /home/terry/mr23_ws/devel/share/common-lisp/ros/novatel_oem7_msgs/srv/novatel_oem7_msgs-srv.asd)
Linked: (/home/terry/mr23_ws/devel/.private/novatel_oem7_msgs/share/common-lisp/ros/novatel_oem7_msgs/msg/_package_RegionRestriction.lisp, /home/terry/mr23_ws/devel/share/common-lisp/ros/novatel_oem7_msgs/msg/_package_RegionRestriction.lisp)
Linked: (/home/terry/mr23_ws/devel/.private/novatel_oem7_msgs/share/common-lisp/ros/novatel_oem7_msgs/msg/SubscriptionType.lisp, /home/terry/mr23_ws/devel/share/common-lisp/ros/novatel_oem7_msgs/msg/SubscriptionType.lisp)
Linked: (/home/terry/mr23_ws/devel/.private/novatel_oem7_msgs/share/common-lisp/ros/novatel_oem7_msgs/msg/IMURATECORRIMU.lisp, /home/terry/mr23_ws/devel/share/common-lisp/ros/novatel_oem7_msgs/msg/IMURATECORRIMU.lisp)
Linked: (/home/terry/mr23_ws/devel/.private/novatel_oem7_msgs/share/common-lisp/ros/novatel_oem7_msgs/msg/_package_SubscriptionType.lisp, /home/terry/mr23_ws/devel/share/common-lisp/ros/novatel_oem7_msgs/msg/_package_SubscriptionType.lisp)
Linked: (/home/terry/mr23_ws/devel/.private/novatel_oem7_msgs/share/common-lisp/ros/novatel_oem7_msgs/msg/_package_BESTPOS.lisp, /home/terry/mr23_ws/devel/share/common-lisp/ros/novatel_oem7_msgs/msg/_package_BESTPOS.lisp)
Linked: (/home/terry/mr23_ws/devel/.private/novatel_oem7_msgs/share/common-lisp/ros/novatel_oem7_msgs/msg/_package_InertialSolutionStatus.lisp, /home/terry/mr23_ws/devel/share/common-lisp/ros/novatel_oem7_msgs/msg/_package_InertialSolutionStatus.lisp)
Linked: (/home/terry/mr23_ws/devel/.private/novatel_oem7_msgs/share/common-lisp/ros/novatel_oem7_msgs/msg/_package_HEADING2.lisp, /home/terry/mr23_ws/devel/share/common-lisp/ros/novatel_oem7_msgs/msg/_package_HEADING2.lisp)
Linked: (/home/terry/mr23_ws/devel/.private/novatel_oem7_msgs/share/common-lisp/ros/novatel_oem7_msgs/msg/_package_SyncState.lisp, /home/terry/mr23_ws/devel/share/common-lisp/ros/novatel_oem7_msgs/msg/_package_SyncState.lisp)
Linked: (/home/terry/mr23_ws/devel/.private/novatel_oem7_msgs/share/common-lisp/ros/novatel_oem7_msgs/msg/_package_INSSTDEV.lisp, /home/terry/mr23_ws/devel/share/common-lisp/ros/novatel_oem7_msgs/msg/_package_INSSTDEV.lisp)
Linked: (/home/terry/mr23_ws/devel/.private/novatel_oem7_msgs/share/common-lisp/ros/novatel_oem7_msgs/msg/_package_INSUpdate.lisp, /home/terry/mr23_ws/devel/share/common-lisp/ros/novatel_oem7_msgs/msg/_package_INSUpdate.lisp)
Linked: (/home/terry/mr23_ws/devel/.private/novatel_oem7_msgs/share/common-lisp/ros/novatel_oem7_msgs/msg/_package_INSCONFIG.lisp, /home/terry/mr23_ws/devel/share/common-lisp/ros/novatel_oem7_msgs/msg/_package_INSCONFIG.lisp)
Linked: (/home/terry/mr23_ws/devel/.private/novatel_oem7_msgs/share/common-lisp/ros/novatel_oem7_msgs/msg/_package_Oem7Header.lisp, /home/terry/mr23_ws/devel/share/common-lisp/ros/novatel_oem7_msgs/msg/_package_Oem7Header.lisp)
Linked: (/home/terry/mr23_ws/devel/.private/novatel_oem7_msgs/share/common-lisp/ros/novatel_oem7_msgs/msg/GeogatingStatus.lisp, /home/terry/mr23_ws/devel/share/common-lisp/ros/novatel_oem7_msgs/msg/GeogatingStatus.lisp)
Linked: (/home/terry/mr23_ws/devel/.private/novatel_oem7_msgs/share/common-lisp/ros/novatel_oem7_msgs/msg/TIME.lisp, /home/terry/mr23_ws/devel/share/common-lisp/ros/novatel_oem7_msgs/msg/TIME.lisp)
Linked: (/home/terry/mr23_ws/devel/.private/novatel_oem7_msgs/share/common-lisp/ros/novatel_oem7_msgs/msg/_package_TranslationOffset.lisp, /home/terry/mr23_ws/devel/share/common-lisp/ros/novatel_oem7_msgs/msg/_package_TranslationOffset.lisp)
Linked: (/home/terry/mr23_ws/devel/.private/novatel_oem7_msgs/share/common-lisp/ros/novatel_oem7_msgs/msg/Oem7Header.lisp, /home/terry/mr23_ws/devel/share/common-lisp/ros/novatel_oem7_msgs/msg/Oem7Header.lisp)
Linked: (/home/terry/mr23_ws/devel/.private/novatel_oem7_msgs/share/common-lisp/ros/novatel_oem7_msgs/msg/novatel_oem7_msgs-msg.asd, /home/terry/mr23_ws/devel/share/common-lisp/ros/novatel_oem7_msgs/msg/novatel_oem7_msgs-msg.asd)
Linked: (/home/terry/mr23_ws/devel/.private/novatel_oem7_msgs/share/common-lisp/ros/novatel_oem7_msgs/msg/CORRIMU.lisp, /home/terry/mr23_ws/devel/share/common-lisp/ros/novatel_oem7_msgs/msg/CORRIMU.lisp)
Linked: (/home/terry/mr23_ws/devel/.private/novatel_oem7_msgs/share/common-lisp/ros/novatel_oem7_msgs/msg/_package_SolutionSource.lisp, /home/terry/mr23_ws/devel/share/common-lisp/ros/novatel_oem7_msgs/msg/_package_SolutionSource.lisp)
Linked: (/home/terry/mr23_ws/devel/.private/novatel_oem7_msgs/share/common-lisp/ros/novatel_oem7_msgs/msg/_package_GeogatingStatus.lisp, /home/terry/mr23_ws/devel/share/common-lisp/ros/novatel_oem7_msgs/msg/_package_GeogatingStatus.lisp)
Linked: (/home/terry/mr23_ws/devel/.private/novatel_oem7_msgs/share/common-lisp/ros/novatel_oem7_msgs/msg/SyncState.lisp, /home/terry/mr23_ws/devel/share/common-lisp/ros/novatel_oem7_msgs/msg/SyncState.lisp)
Linked: (/home/terry/mr23_ws/devel/.private/novatel_oem7_msgs/share/common-lisp/ros/novatel_oem7_msgs/msg/_package_Rotation.lisp, /home/terry/mr23_ws/devel/share/common-lisp/ros/novatel_oem7_msgs/msg/_package_Rotation.lisp)
Linked: (/home/terry/mr23_ws/devel/.private/novatel_oem7_msgs/share/common-lisp/ros/novatel_oem7_msgs/msg/SolutionStatus.lisp, /home/terry/mr23_ws/devel/share/common-lisp/ros/novatel_oem7_msgs/msg/SolutionStatus.lisp)
Linked: (/home/terry/mr23_ws/devel/.private/novatel_oem7_msgs/share/common-lisp/ros/novatel_oem7_msgs/msg/_package.lisp, /home/terry/mr23_ws/devel/share/common-lisp/ros/novatel_oem7_msgs/msg/_package.lisp)
Linked: (/home/terry/mr23_ws/devel/.private/novatel_oem7_msgs/share/common-lisp/ros/novatel_oem7_msgs/msg/_package_INSReceiverStatus.lisp, /home/terry/mr23_ws/devel/share/common-lisp/ros/novatel_oem7_msgs/msg/_package_INSReceiverStatus.lisp)
Linked: (/home/terry/mr23_ws/devel/.private/novatel_oem7_msgs/share/common-lisp/ros/novatel_oem7_msgs/msg/_package_SubscriptionPermission.lisp, /home/terry/mr23_ws/devel/share/common-lisp/ros/novatel_oem7_msgs/msg/_package_SubscriptionPermission.lisp)
Linked: (/home/terry/mr23_ws/devel/.private/novatel_oem7_msgs/share/common-lisp/ros/novatel_oem7_msgs/msg/_package_TERRASTARSTATUS.lisp, /home/terry/mr23_ws/devel/share/common-lisp/ros/novatel_oem7_msgs/msg/_package_TERRASTARSTATUS.lisp)
Linked: (/home/terry/mr23_ws/devel/.private/novatel_oem7_msgs/share/common-lisp/ros/novatel_oem7_msgs/msg/BESTPOS.lisp, /home/terry/mr23_ws/devel/share/common-lisp/ros/novatel_oem7_msgs/msg/BESTPOS.lisp)
Linked: (/home/terry/mr23_ws/devel/.private/novatel_oem7_msgs/share/common-lisp/ros/novatel_oem7_msgs/msg/_package_LocalAreaStatus.lisp, /home/terry/mr23_ws/devel/share/common-lisp/ros/novatel_oem7_msgs/msg/_package_LocalAreaStatus.lisp)
Linked: (/home/terry/mr23_ws/devel/.private/novatel_oem7_msgs/share/common-lisp/ros/novatel_oem7_msgs/msg/_package_PositionOrVelocityType.lisp, /home/terry/mr23_ws/devel/share/common-lisp/ros/novatel_oem7_msgs/msg/_package_PositionOrVelocityType.lisp)
Linked: (/home/terry/mr23_ws/devel/.private/novatel_oem7_msgs/share/common-lisp/ros/novatel_oem7_msgs/msg/BESTUTM.lisp, /home/terry/mr23_ws/devel/share/common-lisp/ros/novatel_oem7_msgs/msg/BESTUTM.lisp)
Linked: (/home/terry/mr23_ws/devel/.private/novatel_oem7_msgs/share/common-lisp/ros/novatel_oem7_msgs/msg/PositionOrVelocityType.lisp, /home/terry/mr23_ws/devel/share/common-lisp/ros/novatel_oem7_msgs/msg/PositionOrVelocityType.lisp)
Linked: (/home/terry/mr23_ws/devel/.private/novatel_oem7_msgs/share/common-lisp/ros/novatel_oem7_msgs/msg/INSExtendedSolutionStatus.lisp, /home/terry/mr23_ws/devel/share/common-lisp/ros/novatel_oem7_msgs/msg/INSExtendedSolutionStatus.lisp)
Linked: (/home/terry/mr23_ws/devel/.private/novatel_oem7_msgs/share/common-lisp/ros/novatel_oem7_msgs/msg/_package_IMURATECORRIMU.lisp, /home/terry/mr23_ws/devel/share/common-lisp/ros/novatel_oem7_msgs/msg/_package_IMURATECORRIMU.lisp)
Linked: (/home/terry/mr23_ws/devel/.private/novatel_oem7_msgs/share/common-lisp/ros/novatel_oem7_msgs/msg/TERRASTARINFO.lisp, /home/terry/mr23_ws/devel/share/common-lisp/ros/novatel_oem7_msgs/msg/TERRASTARINFO.lisp)
Linked: (/home/terry/mr23_ws/devel/.private/novatel_oem7_msgs/share/common-lisp/ros/novatel_oem7_msgs/msg/INSPVA.lisp, /home/terry/mr23_ws/devel/share/common-lisp/ros/novatel_oem7_msgs/msg/INSPVA.lisp)
Linked: (/home/terry/mr23_ws/devel/.private/novatel_oem7_msgs/share/common-lisp/ros/novatel_oem7_msgs/msg/_package_AccessStatus.lisp, /home/terry/mr23_ws/devel/share/common-lisp/ros/novatel_oem7_msgs/msg/_package_AccessStatus.lisp)
Linked: (/home/terry/mr23_ws/devel/.private/novatel_oem7_msgs/share/common-lisp/ros/novatel_oem7_msgs/msg/INSCONFIG.lisp, /home/terry/mr23_ws/devel/share/common-lisp/ros/novatel_oem7_msgs/msg/INSCONFIG.lisp)
Linked: (/home/terry/mr23_ws/devel/.private/novatel_oem7_msgs/share/common-lisp/ros/novatel_oem7_msgs/msg/_package_INSOutputFrame.lisp, /home/terry/mr23_ws/devel/share/common-lisp/ros/novatel_oem7_msgs/msg/_package_INSOutputFrame.lisp)
Linked: (/home/terry/mr23_ws/devel/.private/novatel_oem7_msgs/share/common-lisp/ros/novatel_oem7_msgs/msg/PPPPOS.lisp, /home/terry/mr23_ws/devel/share/common-lisp/ros/novatel_oem7_msgs/msg/PPPPOS.lisp)
Linked: (/home/terry/mr23_ws/devel/.private/novatel_oem7_msgs/share/common-lisp/ros/novatel_oem7_msgs/msg/INSAlignmentMode.lisp, /home/terry/mr23_ws/devel/share/common-lisp/ros/novatel_oem7_msgs/msg/INSAlignmentMode.lisp)
Linked: (/home/terry/mr23_ws/devel/.private/novatel_oem7_msgs/share/common-lisp/ros/novatel_oem7_msgs/msg/Translation.lisp, /home/terry/mr23_ws/devel/share/common-lisp/ros/novatel_oem7_msgs/msg/Translation.lisp)
Linked: (/home/terry/mr23_ws/devel/.private/novatel_oem7_msgs/share/common-lisp/ros/novatel_oem7_msgs/msg/_package_BESTUTM.lisp, /home/terry/mr23_ws/devel/share/common-lisp/ros/novatel_oem7_msgs/msg/_package_BESTUTM.lisp)
Linked: (/home/terry/mr23_ws/devel/.private/novatel_oem7_msgs/share/common-lisp/ros/novatel_oem7_msgs/msg/INSOutputFrame.lisp, /home/terry/mr23_ws/devel/share/common-lisp/ros/novatel_oem7_msgs/msg/INSOutputFrame.lisp)
Linked: (/home/terry/mr23_ws/devel/.private/novatel_oem7_msgs/share/common-lisp/ros/novatel_oem7_msgs/msg/TERRASTARSTATUS.lisp, /home/terry/mr23_ws/devel/share/common-lisp/ros/novatel_oem7_msgs/msg/TERRASTARSTATUS.lisp)
Linked: (/home/terry/mr23_ws/devel/.private/novatel_oem7_msgs/share/common-lisp/ros/novatel_oem7_msgs/msg/AccessStatus.lisp, /home/terry/mr23_ws/devel/share/common-lisp/ros/novatel_oem7_msgs/msg/AccessStatus.lisp)
Linked: (/home/terry/mr23_ws/devel/.private/novatel_oem7_msgs/share/common-lisp/ros/novatel_oem7_msgs/msg/INSResetType.lisp, /home/terry/mr23_ws/devel/share/common-lisp/ros/novatel_oem7_msgs/msg/INSResetType.lisp)
Linked: (/home/terry/mr23_ws/devel/.private/novatel_oem7_msgs/share/common-lisp/ros/novatel_oem7_msgs/msg/_package_INSAlignmentMode.lisp, /home/terry/mr23_ws/devel/share/common-lisp/ros/novatel_oem7_msgs/msg/_package_INSAlignmentMode.lisp)
Linked: (/home/terry/mr23_ws/devel/.private/novatel_oem7_msgs/share/common-lisp/ros/novatel_oem7_msgs/msg/BestExtendedSolutionStatus.lisp, /home/terry/mr23_ws/devel/share/common-lisp/ros/novatel_oem7_msgs/msg/BestExtendedSolutionStatus.lisp)
Linked: (/home/terry/mr23_ws/devel/.private/novatel_oem7_msgs/share/common-lisp/ros/novatel_oem7_msgs/msg/INSPVAX.lisp, /home/terry/mr23_ws/devel/share/common-lisp/ros/novatel_oem7_msgs/msg/INSPVAX.lisp)
Linked: (/home/terry/mr23_ws/devel/.private/novatel_oem7_msgs/share/common-lisp/ros/novatel_oem7_msgs/msg/_package_INSResetType.lisp, /home/terry/mr23_ws/devel/share/common-lisp/ros/novatel_oem7_msgs/msg/_package_INSResetType.lisp)
Linked: (/home/terry/mr23_ws/devel/.private/novatel_oem7_msgs/share/common-lisp/ros/novatel_oem7_msgs/msg/RegionRestriction.lisp, /home/terry/mr23_ws/devel/share/common-lisp/ros/novatel_oem7_msgs/msg/RegionRestriction.lisp)
Linked: (/home/terry/mr23_ws/devel/.private/novatel_oem7_msgs/share/common-lisp/ros/novatel_oem7_msgs/msg/BESTGNSSPOS.lisp, /home/terry/mr23_ws/devel/share/common-lisp/ros/novatel_oem7_msgs/msg/BESTGNSSPOS.lisp)
Linked: (/home/terry/mr23_ws/devel/.private/novatel_oem7_msgs/share/common-lisp/ros/novatel_oem7_msgs/msg/Rotation.lisp, /home/terry/mr23_ws/devel/share/common-lisp/ros/novatel_oem7_msgs/msg/Rotation.lisp)
Linked: (/home/terry/mr23_ws/devel/.private/novatel_oem7_msgs/share/common-lisp/ros/novatel_oem7_msgs/msg/INSSTDEV.lisp, /home/terry/mr23_ws/devel/share/common-lisp/ros/novatel_oem7_msgs/msg/INSSTDEV.lisp)
Linked: (/home/terry/mr23_ws/devel/.private/novatel_oem7_msgs/share/common-lisp/ros/novatel_oem7_msgs/msg/_package_TERRASTARINFO.lisp, /home/terry/mr23_ws/devel/share/common-lisp/ros/novatel_oem7_msgs/msg/_package_TERRASTARINFO.lisp)
Linked: (/home/terry/mr23_ws/devel/.private/novatel_oem7_msgs/share/common-lisp/ros/novatel_oem7_msgs/msg/HEADING2.lisp, /home/terry/mr23_ws/devel/share/common-lisp/ros/novatel_oem7_msgs/msg/HEADING2.lisp)
Linked: (/home/terry/mr23_ws/devel/.private/novatel_oem7_msgs/share/common-lisp/ros/novatel_oem7_msgs/msg/INSSourceStatus.lisp, /home/terry/mr23_ws/devel/share/common-lisp/ros/novatel_oem7_msgs/msg/INSSourceStatus.lisp)
Linked: (/home/terry/mr23_ws/devel/.private/novatel_oem7_msgs/share/common-lisp/ros/novatel_oem7_msgs/msg/_package_Translation.lisp, /home/terry/mr23_ws/devel/share/common-lisp/ros/novatel_oem7_msgs/msg/_package_Translation.lisp)
Linked: (/home/terry/mr23_ws/devel/.private/novatel_oem7_msgs/share/common-lisp/ros/novatel_oem7_msgs/msg/_package_BESTGNSSPOS.lisp, /home/terry/mr23_ws/devel/share/common-lisp/ros/novatel_oem7_msgs/msg/_package_BESTGNSSPOS.lisp)
Linked: (/home/terry/mr23_ws/devel/.private/novatel_oem7_msgs/share/common-lisp/ros/novatel_oem7_msgs/msg/SubscriptionPermission.lisp, /home/terry/mr23_ws/devel/share/common-lisp/ros/novatel_oem7_msgs/msg/SubscriptionPermission.lisp)
Linked: (/home/terry/mr23_ws/devel/.private/novatel_oem7_msgs/share/common-lisp/ros/novatel_oem7_msgs/msg/_package_SolutionStatus.lisp, /home/terry/mr23_ws/devel/share/common-lisp/ros/novatel_oem7_msgs/msg/_package_SolutionStatus.lisp)
Linked: (/home/terry/mr23_ws/devel/.private/novatel_oem7_msgs/share/common-lisp/ros/novatel_oem7_msgs/msg/_package_CORRIMU.lisp, /home/terry/mr23_ws/devel/share/common-lisp/ros/novatel_oem7_msgs/msg/_package_CORRIMU.lisp)
Linked: (/home/terry/mr23_ws/devel/.private/novatel_oem7_msgs/share/common-lisp/ros/novatel_oem7_msgs/msg/InertialSolutionStatus.lisp, /home/terry/mr23_ws/devel/share/common-lisp/ros/novatel_oem7_msgs/msg/InertialSolutionStatus.lisp)
Linked: (/home/terry/mr23_ws/devel/.private/novatel_oem7_msgs/share/common-lisp/ros/novatel_oem7_msgs/msg/_package_RotationalOffset.lisp, /home/terry/mr23_ws/devel/share/common-lisp/ros/novatel_oem7_msgs/msg/_package_RotationalOffset.lisp)
Linked: (/home/terry/mr23_ws/devel/.private/novatel_oem7_msgs/share/common-lisp/ros/novatel_oem7_msgs/msg/_package_BestExtendedSolutionStatus.lisp, /home/terry/mr23_ws/devel/share/common-lisp/ros/novatel_oem7_msgs/msg/_package_BestExtendedSolutionStatus.lisp)
Linked: (/home/terry/mr23_ws/devel/.private/novatel_oem7_msgs/share/common-lisp/ros/novatel_oem7_msgs/msg/INSReceiverStatus.lisp, /home/terry/mr23_ws/devel/share/common-lisp/ros/novatel_oem7_msgs/msg/INSReceiverStatus.lisp)
Linked: (/home/terry/mr23_ws/devel/.private/novatel_oem7_msgs/share/common-lisp/ros/novatel_oem7_msgs/msg/_package_Oem7RawMsg.lisp, /home/terry/mr23_ws/devel/share/common-lisp/ros/novatel_oem7_msgs/msg/_package_Oem7RawMsg.lisp)
Linked: (/home/terry/mr23_ws/devel/.private/novatel_oem7_msgs/share/common-lisp/ros/novatel_oem7_msgs/msg/_package_RXSTATUS.lisp, /home/terry/mr23_ws/devel/share/common-lisp/ros/novatel_oem7_msgs/msg/_package_RXSTATUS.lisp)
Linked: (/home/terry/mr23_ws/devel/.private/novatel_oem7_msgs/share/common-lisp/ros/novatel_oem7_msgs/msg/RXSTATUS.lisp, /home/terry/mr23_ws/devel/share/common-lisp/ros/novatel_oem7_msgs/msg/RXSTATUS.lisp)
Linked: (/home/terry/mr23_ws/devel/.private/novatel_oem7_msgs/share/common-lisp/ros/novatel_oem7_msgs/msg/_package_INSPVA.lisp, /home/terry/mr23_ws/devel/share/common-lisp/ros/novatel_oem7_msgs/msg/_package_INSPVA.lisp)
Linked: (/home/terry/mr23_ws/devel/.private/novatel_oem7_msgs/share/common-lisp/ros/novatel_oem7_msgs/msg/SolutionSource.lisp, /home/terry/mr23_ws/devel/share/common-lisp/ros/novatel_oem7_msgs/msg/SolutionSource.lisp)
Linked: (/home/terry/mr23_ws/devel/.private/novatel_oem7_msgs/share/common-lisp/ros/novatel_oem7_msgs/msg/_package_INSFrame.lisp, /home/terry/mr23_ws/devel/share/common-lisp/ros/novatel_oem7_msgs/msg/_package_INSFrame.lisp)
Linked: (/home/terry/mr23_ws/devel/.private/novatel_oem7_msgs/share/common-lisp/ros/novatel_oem7_msgs/msg/_package_BESTVEL.lisp, /home/terry/mr23_ws/devel/share/common-lisp/ros/novatel_oem7_msgs/msg/_package_BESTVEL.lisp)
Linked: (/home/terry/mr23_ws/devel/.private/novatel_oem7_msgs/share/common-lisp/ros/novatel_oem7_msgs/msg/BESTVEL.lisp, /home/terry/mr23_ws/devel/share/common-lisp/ros/novatel_oem7_msgs/msg/BESTVEL.lisp)
Linked: (/home/terry/mr23_ws/devel/.private/novatel_oem7_msgs/share/common-lisp/ros/novatel_oem7_msgs/msg/_package_INSSourceStatus.lisp, /home/terry/mr23_ws/devel/share/common-lisp/ros/novatel_oem7_msgs/msg/_package_INSSourceStatus.lisp)
Linked: (/home/terry/mr23_ws/devel/.private/novatel_oem7_msgs/share/common-lisp/ros/novatel_oem7_msgs/msg/_package_INSExtendedSolutionStatus.lisp, /home/terry/mr23_ws/devel/share/common-lisp/ros/novatel_oem7_msgs/msg/_package_INSExtendedSolutionStatus.lisp)
Linked: (/home/terry/mr23_ws/devel/.private/novatel_oem7_msgs/share/common-lisp/ros/novatel_oem7_msgs/msg/INSFrame.lisp, /home/terry/mr23_ws/devel/share/common-lisp/ros/novatel_oem7_msgs/msg/INSFrame.lisp)
Linked: (/home/terry/mr23_ws/devel/.private/novatel_oem7_msgs/share/common-lisp/ros/novatel_oem7_msgs/msg/Oem7RawMsg.lisp, /home/terry/mr23_ws/devel/share/common-lisp/ros/novatel_oem7_msgs/msg/Oem7RawMsg.lisp)
Linked: (/home/terry/mr23_ws/devel/.private/novatel_oem7_msgs/share/common-lisp/ros/novatel_oem7_msgs/msg/RotationalOffset.lisp, /home/terry/mr23_ws/devel/share/common-lisp/ros/novatel_oem7_msgs/msg/RotationalOffset.lisp)
Linked: (/home/terry/mr23_ws/devel/.private/novatel_oem7_msgs/share/common-lisp/ros/novatel_oem7_msgs/msg/INSUpdate.lisp, /home/terry/mr23_ws/devel/share/common-lisp/ros/novatel_oem7_msgs/msg/INSUpdate.lisp)
Linked: (/home/terry/mr23_ws/devel/.private/novatel_oem7_msgs/share/common-lisp/ros/novatel_oem7_msgs/msg/_package_INSPVAX.lisp, /home/terry/mr23_ws/devel/share/common-lisp/ros/novatel_oem7_msgs/msg/_package_INSPVAX.lisp)
Linked: (/home/terry/mr23_ws/devel/.private/novatel_oem7_msgs/share/common-lisp/ros/novatel_oem7_msgs/msg/TranslationOffset.lisp, /home/terry/mr23_ws/devel/share/common-lisp/ros/novatel_oem7_msgs/msg/TranslationOffset.lisp)
Linked: (/home/terry/mr23_ws/devel/.private/novatel_oem7_msgs/share/common-lisp/ros/novatel_oem7_msgs/msg/LocalAreaStatus.lisp, /home/terry/mr23_ws/devel/share/common-lisp/ros/novatel_oem7_msgs/msg/LocalAreaStatus.lisp)
Linked: (/home/terry/mr23_ws/devel/.private/novatel_oem7_msgs/share/common-lisp/ros/novatel_oem7_msgs/msg/_package_PPPPOS.lisp, /home/terry/mr23_ws/devel/share/common-lisp/ros/novatel_oem7_msgs/msg/_package_PPPPOS.lisp)
Linked: (/home/terry/mr23_ws/devel/.private/novatel_oem7_msgs/share/common-lisp/ros/novatel_oem7_msgs/msg/_package_TIME.lisp, /home/terry/mr23_ws/devel/share/common-lisp/ros/novatel_oem7_msgs/msg/_package_TIME.lisp)
Linked: (/home/terry/mr23_ws/devel/.private/novatel_oem7_msgs/share/roseus/ros/novatel_oem7_msgs/manifest.l, /home/terry/mr23_ws/devel/share/roseus/ros/novatel_oem7_msgs/manifest.l)
Linked: (/home/terry/mr23_ws/devel/.private/novatel_oem7_msgs/share/roseus/ros/novatel_oem7_msgs/srv/Oem7AbasciiCmd.l, /home/terry/mr23_ws/devel/share/roseus/ros/novatel_oem7_msgs/srv/Oem7AbasciiCmd.l)
Linked: (/home/terry/mr23_ws/devel/.private/novatel_oem7_msgs/share/roseus/ros/novatel_oem7_msgs/msg/BESTGNSSPOS.l, /home/terry/mr23_ws/devel/share/roseus/ros/novatel_oem7_msgs/msg/BESTGNSSPOS.l)
Linked: (/home/terry/mr23_ws/devel/.private/novatel_oem7_msgs/share/roseus/ros/novatel_oem7_msgs/msg/PPPPOS.l, /home/terry/mr23_ws/devel/share/roseus/ros/novatel_oem7_msgs/msg/PPPPOS.l)
Linked: (/home/terry/mr23_ws/devel/.private/novatel_oem7_msgs/share/roseus/ros/novatel_oem7_msgs/msg/INSExtendedSolutionStatus.l, /home/terry/mr23_ws/devel/share/roseus/ros/novatel_oem7_msgs/msg/INSExtendedSolutionStatus.l)
Linked: (/home/terry/mr23_ws/devel/.private/novatel_oem7_msgs/share/roseus/ros/novatel_oem7_msgs/msg/RotationalOffset.l, /home/terry/mr23_ws/devel/share/roseus/ros/novatel_oem7_msgs/msg/RotationalOffset.l)
Linked: (/home/terry/mr23_ws/devel/.private/novatel_oem7_msgs/share/roseus/ros/novatel_oem7_msgs/msg/INSCONFIG.l, /home/terry/mr23_ws/devel/share/roseus/ros/novatel_oem7_msgs/msg/INSCONFIG.l)
Linked: (/home/terry/mr23_ws/devel/.private/novatel_oem7_msgs/share/roseus/ros/novatel_oem7_msgs/msg/BESTPOS.l, /home/terry/mr23_ws/devel/share/roseus/ros/novatel_oem7_msgs/msg/BESTPOS.l)
Linked: (/home/terry/mr23_ws/devel/.private/novatel_oem7_msgs/share/roseus/ros/novatel_oem7_msgs/msg/INSPVA.l, /home/terry/mr23_ws/devel/share/roseus/ros/novatel_oem7_msgs/msg/INSPVA.l)
Linked: (/home/terry/mr23_ws/devel/.private/novatel_oem7_msgs/share/roseus/ros/novatel_oem7_msgs/msg/TranslationOffset.l, /home/terry/mr23_ws/devel/share/roseus/ros/novatel_oem7_msgs/msg/TranslationOffset.l)
Linked: (/home/terry/mr23_ws/devel/.private/novatel_oem7_msgs/share/roseus/ros/novatel_oem7_msgs/msg/SubscriptionType.l, /home/terry/mr23_ws/devel/share/roseus/ros/novatel_oem7_msgs/msg/SubscriptionType.l)
Linked: (/home/terry/mr23_ws/devel/.private/novatel_oem7_msgs/share/roseus/ros/novatel_oem7_msgs/msg/INSUpdate.l, /home/terry/mr23_ws/devel/share/roseus/ros/novatel_oem7_msgs/msg/INSUpdate.l)
Linked: (/home/terry/mr23_ws/devel/.private/novatel_oem7_msgs/share/roseus/ros/novatel_oem7_msgs/msg/SolutionStatus.l, /home/terry/mr23_ws/devel/share/roseus/ros/novatel_oem7_msgs/msg/SolutionStatus.l)
Linked: (/home/terry/mr23_ws/devel/.private/novatel_oem7_msgs/share/roseus/ros/novatel_oem7_msgs/msg/SubscriptionPermission.l, /home/terry/mr23_ws/devel/share/roseus/ros/novatel_oem7_msgs/msg/SubscriptionPermission.l)
Linked: (/home/terry/mr23_ws/devel/.private/novatel_oem7_msgs/share/roseus/ros/novatel_oem7_msgs/msg/IMURATECORRIMU.l, /home/terry/mr23_ws/devel/share/roseus/ros/novatel_oem7_msgs/msg/IMURATECORRIMU.l)
Linked: (/home/terry/mr23_ws/devel/.private/novatel_oem7_msgs/share/roseus/ros/novatel_oem7_msgs/msg/INSFrame.l, /home/terry/mr23_ws/devel/share/roseus/ros/novatel_oem7_msgs/msg/INSFrame.l)
Linked: (/home/terry/mr23_ws/devel/.private/novatel_oem7_msgs/share/roseus/ros/novatel_oem7_msgs/msg/Oem7RawMsg.l, /home/terry/mr23_ws/devel/share/roseus/ros/novatel_oem7_msgs/msg/Oem7RawMsg.l)
Linked: (/home/terry/mr23_ws/devel/.private/novatel_oem7_msgs/share/roseus/ros/novatel_oem7_msgs/msg/BESTUTM.l, /home/terry/mr23_ws/devel/share/roseus/ros/novatel_oem7_msgs/msg/BESTUTM.l)
Linked: (/home/terry/mr23_ws/devel/.private/novatel_oem7_msgs/share/roseus/ros/novatel_oem7_msgs/msg/BestExtendedSolutionStatus.l, /home/terry/mr23_ws/devel/share/roseus/ros/novatel_oem7_msgs/msg/BestExtendedSolutionStatus.l)
Linked: (/home/terry/mr23_ws/devel/.private/novatel_oem7_msgs/share/roseus/ros/novatel_oem7_msgs/msg/Rotation.l, /home/terry/mr23_ws/devel/share/roseus/ros/novatel_oem7_msgs/msg/Rotation.l)
Linked: (/home/terry/mr23_ws/devel/.private/novatel_oem7_msgs/share/roseus/ros/novatel_oem7_msgs/msg/PositionOrVelocityType.l, /home/terry/mr23_ws/devel/share/roseus/ros/novatel_oem7_msgs/msg/PositionOrVelocityType.l)
Linked: (/home/terry/mr23_ws/devel/.private/novatel_oem7_msgs/share/roseus/ros/novatel_oem7_msgs/msg/Oem7Header.l, /home/terry/mr23_ws/devel/share/roseus/ros/novatel_oem7_msgs/msg/Oem7Header.l)
Linked: (/home/terry/mr23_ws/devel/.private/novatel_oem7_msgs/share/roseus/ros/novatel_oem7_msgs/msg/InertialSolutionStatus.l, /home/terry/mr23_ws/devel/share/roseus/ros/novatel_oem7_msgs/msg/InertialSolutionStatus.l)
Linked: (/home/terry/mr23_ws/devel/.private/novatel_oem7_msgs/share/roseus/ros/novatel_oem7_msgs/msg/INSReceiverStatus.l, /home/terry/mr23_ws/devel/share/roseus/ros/novatel_oem7_msgs/msg/INSReceiverStatus.l)
Linked: (/home/terry/mr23_ws/devel/.private/novatel_oem7_msgs/share/roseus/ros/novatel_oem7_msgs/msg/SyncState.l, /home/terry/mr23_ws/devel/share/roseus/ros/novatel_oem7_msgs/msg/SyncState.l)
Linked: (/home/terry/mr23_ws/devel/.private/novatel_oem7_msgs/share/roseus/ros/novatel_oem7_msgs/msg/HEADING2.l, /home/terry/mr23_ws/devel/share/roseus/ros/novatel_oem7_msgs/msg/HEADING2.l)
Linked: (/home/terry/mr23_ws/devel/.private/novatel_oem7_msgs/share/roseus/ros/novatel_oem7_msgs/msg/LocalAreaStatus.l, /home/terry/mr23_ws/devel/share/roseus/ros/novatel_oem7_msgs/msg/LocalAreaStatus.l)
Linked: (/home/terry/mr23_ws/devel/.private/novatel_oem7_msgs/share/roseus/ros/novatel_oem7_msgs/msg/INSSTDEV.l, /home/terry/mr23_ws/devel/share/roseus/ros/novatel_oem7_msgs/msg/INSSTDEV.l)
Linked: (/home/terry/mr23_ws/devel/.private/novatel_oem7_msgs/share/roseus/ros/novatel_oem7_msgs/msg/CORRIMU.l, /home/terry/mr23_ws/devel/share/roseus/ros/novatel_oem7_msgs/msg/CORRIMU.l)
Linked: (/home/terry/mr23_ws/devel/.private/novatel_oem7_msgs/share/roseus/ros/novatel_oem7_msgs/msg/Translation.l, /home/terry/mr23_ws/devel/share/roseus/ros/novatel_oem7_msgs/msg/Translation.l)
Linked: (/home/terry/mr23_ws/devel/.private/novatel_oem7_msgs/share/roseus/ros/novatel_oem7_msgs/msg/AccessStatus.l, /home/terry/mr23_ws/devel/share/roseus/ros/novatel_oem7_msgs/msg/AccessStatus.l)
Linked: (/home/terry/mr23_ws/devel/.private/novatel_oem7_msgs/share/roseus/ros/novatel_oem7_msgs/msg/RegionRestriction.l, /home/terry/mr23_ws/devel/share/roseus/ros/novatel_oem7_msgs/msg/RegionRestriction.l)
Linked: (/home/terry/mr23_ws/devel/.private/novatel_oem7_msgs/share/roseus/ros/novatel_oem7_msgs/msg/INSPVAX.l, /home/terry/mr23_ws/devel/share/roseus/ros/novatel_oem7_msgs/msg/INSPVAX.l)
Linked: (/home/terry/mr23_ws/devel/.private/novatel_oem7_msgs/share/roseus/ros/novatel_oem7_msgs/msg/TIME.l, /home/terry/mr23_ws/devel/share/roseus/ros/novatel_oem7_msgs/msg/TIME.l)
Linked: (/home/terry/mr23_ws/devel/.private/novatel_oem7_msgs/share/roseus/ros/novatel_oem7_msgs/msg/INSOutputFrame.l, /home/terry/mr23_ws/devel/share/roseus/ros/novatel_oem7_msgs/msg/INSOutputFrame.l)
Linked: (/home/terry/mr23_ws/devel/.private/novatel_oem7_msgs/share/roseus/ros/novatel_oem7_msgs/msg/BESTVEL.l, /home/terry/mr23_ws/devel/share/roseus/ros/novatel_oem7_msgs/msg/BESTVEL.l)
Linked: (/home/terry/mr23_ws/devel/.private/novatel_oem7_msgs/share/roseus/ros/novatel_oem7_msgs/msg/SolutionSource.l, /home/terry/mr23_ws/devel/share/roseus/ros/novatel_oem7_msgs/msg/SolutionSource.l)
Linked: (/home/terry/mr23_ws/devel/.private/novatel_oem7_msgs/share/roseus/ros/novatel_oem7_msgs/msg/TERRASTARSTATUS.l, /home/terry/mr23_ws/devel/share/roseus/ros/novatel_oem7_msgs/msg/TERRASTARSTATUS.l)
Linked: (/home/terry/mr23_ws/devel/.private/novatel_oem7_msgs/share/roseus/ros/novatel_oem7_msgs/msg/TERRASTARINFO.l, /home/terry/mr23_ws/devel/share/roseus/ros/novatel_oem7_msgs/msg/TERRASTARINFO.l)
Linked: (/home/terry/mr23_ws/devel/.private/novatel_oem7_msgs/share/roseus/ros/novatel_oem7_msgs/msg/GeogatingStatus.l, /home/terry/mr23_ws/devel/share/roseus/ros/novatel_oem7_msgs/msg/GeogatingStatus.l)
Linked: (/home/terry/mr23_ws/devel/.private/novatel_oem7_msgs/share/roseus/ros/novatel_oem7_msgs/msg/INSAlignmentMode.l, /home/terry/mr23_ws/devel/share/roseus/ros/novatel_oem7_msgs/msg/INSAlignmentMode.l)
Linked: (/home/terry/mr23_ws/devel/.private/novatel_oem7_msgs/share/roseus/ros/novatel_oem7_msgs/msg/INSSourceStatus.l, /home/terry/mr23_ws/devel/share/roseus/ros/novatel_oem7_msgs/msg/INSSourceStatus.l)
Linked: (/home/terry/mr23_ws/devel/.private/novatel_oem7_msgs/share/roseus/ros/novatel_oem7_msgs/msg/RXSTATUS.l, /home/terry/mr23_ws/devel/share/roseus/ros/novatel_oem7_msgs/msg/RXSTATUS.l)
Linked: (/home/terry/mr23_ws/devel/.private/novatel_oem7_msgs/share/roseus/ros/novatel_oem7_msgs/msg/INSResetType.l, /home/terry/mr23_ws/devel/share/roseus/ros/novatel_oem7_msgs/msg/INSResetType.l)
Linked: (/home/terry/mr23_ws/devel/.private/novatel_oem7_msgs/share/gennodejs/ros/novatel_oem7_msgs/_index.js, /home/terry/mr23_ws/devel/share/gennodejs/ros/novatel_oem7_msgs/_index.js)
Linked: (/home/terry/mr23_ws/devel/.private/novatel_oem7_msgs/share/gennodejs/ros/novatel_oem7_msgs/srv/Oem7AbasciiCmd.js, /home/terry/mr23_ws/devel/share/gennodejs/ros/novatel_oem7_msgs/srv/Oem7AbasciiCmd.js)
Linked: (/home/terry/mr23_ws/devel/.private/novatel_oem7_msgs/share/gennodejs/ros/novatel_oem7_msgs/srv/_index.js, /home/terry/mr23_ws/devel/share/gennodejs/ros/novatel_oem7_msgs/srv/_index.js)
Linked: (/home/terry/mr23_ws/devel/.private/novatel_oem7_msgs/share/gennodejs/ros/novatel_oem7_msgs/msg/SubscriptionPermission.js, /home/terry/mr23_ws/devel/share/gennodejs/ros/novatel_oem7_msgs/msg/SubscriptionPermission.js)
Linked: (/home/terry/mr23_ws/devel/.private/novatel_oem7_msgs/share/gennodejs/ros/novatel_oem7_msgs/msg/BestExtendedSolutionStatus.js, /home/terry/mr23_ws/devel/share/gennodejs/ros/novatel_oem7_msgs/msg/BestExtendedSolutionStatus.js)
Linked: (/home/terry/mr23_ws/devel/.private/novatel_oem7_msgs/share/gennodejs/ros/novatel_oem7_msgs/msg/RotationalOffset.js, /home/terry/mr23_ws/devel/share/gennodejs/ros/novatel_oem7_msgs/msg/RotationalOffset.js)
Linked: (/home/terry/mr23_ws/devel/.private/novatel_oem7_msgs/share/gennodejs/ros/novatel_oem7_msgs/msg/AccessStatus.js, /home/terry/mr23_ws/devel/share/gennodejs/ros/novatel_oem7_msgs/msg/AccessStatus.js)
Linked: (/home/terry/mr23_ws/devel/.private/novatel_oem7_msgs/share/gennodejs/ros/novatel_oem7_msgs/msg/HEADING2.js, /home/terry/mr23_ws/devel/share/gennodejs/ros/novatel_oem7_msgs/msg/HEADING2.js)
Linked: (/home/terry/mr23_ws/devel/.private/novatel_oem7_msgs/share/gennodejs/ros/novatel_oem7_msgs/msg/CORRIMU.js, /home/terry/mr23_ws/devel/share/gennodejs/ros/novatel_oem7_msgs/msg/CORRIMU.js)
Linked: (/home/terry/mr23_ws/devel/.private/novatel_oem7_msgs/share/gennodejs/ros/novatel_oem7_msgs/msg/BESTUTM.js, /home/terry/mr23_ws/devel/share/gennodejs/ros/novatel_oem7_msgs/msg/BESTUTM.js)
Linked: (/home/terry/mr23_ws/devel/.private/novatel_oem7_msgs/share/gennodejs/ros/novatel_oem7_msgs/msg/INSSTDEV.js, /home/terry/mr23_ws/devel/share/gennodejs/ros/novatel_oem7_msgs/msg/INSSTDEV.js)
Linked: (/home/terry/mr23_ws/devel/.private/novatel_oem7_msgs/share/gennodejs/ros/novatel_oem7_msgs/msg/IMURATECORRIMU.js, /home/terry/mr23_ws/devel/share/gennodejs/ros/novatel_oem7_msgs/msg/IMURATECORRIMU.js)
Linked: (/home/terry/mr23_ws/devel/.private/novatel_oem7_msgs/share/gennodejs/ros/novatel_oem7_msgs/msg/BESTVEL.js, /home/terry/mr23_ws/devel/share/gennodejs/ros/novatel_oem7_msgs/msg/BESTVEL.js)
Linked: (/home/terry/mr23_ws/devel/.private/novatel_oem7_msgs/share/gennodejs/ros/novatel_oem7_msgs/msg/Translation.js, /home/terry/mr23_ws/devel/share/gennodejs/ros/novatel_oem7_msgs/msg/Translation.js)
Linked: (/home/terry/mr23_ws/devel/.private/novatel_oem7_msgs/share/gennodejs/ros/novatel_oem7_msgs/msg/BESTGNSSPOS.js, /home/terry/mr23_ws/devel/share/gennodejs/ros/novatel_oem7_msgs/msg/BESTGNSSPOS.js)
Linked: (/home/terry/mr23_ws/devel/.private/novatel_oem7_msgs/share/gennodejs/ros/novatel_oem7_msgs/msg/INSExtendedSolutionStatus.js, /home/terry/mr23_ws/devel/share/gennodejs/ros/novatel_oem7_msgs/msg/INSExtendedSolutionStatus.js)
Linked: (/home/terry/mr23_ws/devel/.private/novatel_oem7_msgs/share/gennodejs/ros/novatel_oem7_msgs/msg/Rotation.js, /home/terry/mr23_ws/devel/share/gennodejs/ros/novatel_oem7_msgs/msg/Rotation.js)
Linked: (/home/terry/mr23_ws/devel/.private/novatel_oem7_msgs/share/gennodejs/ros/novatel_oem7_msgs/msg/INSFrame.js, /home/terry/mr23_ws/devel/share/gennodejs/ros/novatel_oem7_msgs/msg/INSFrame.js)
Linked: (/home/terry/mr23_ws/devel/.private/novatel_oem7_msgs/share/gennodejs/ros/novatel_oem7_msgs/msg/BESTPOS.js, /home/terry/mr23_ws/devel/share/gennodejs/ros/novatel_oem7_msgs/msg/BESTPOS.js)
Linked: (/home/terry/mr23_ws/devel/.private/novatel_oem7_msgs/share/gennodejs/ros/novatel_oem7_msgs/msg/SyncState.js, /home/terry/mr23_ws/devel/share/gennodejs/ros/novatel_oem7_msgs/msg/SyncState.js)
Linked: (/home/terry/mr23_ws/devel/.private/novatel_oem7_msgs/share/gennodejs/ros/novatel_oem7_msgs/msg/TIME.js, /home/terry/mr23_ws/devel/share/gennodejs/ros/novatel_oem7_msgs/msg/TIME.js)
Linked: (/home/terry/mr23_ws/devel/.private/novatel_oem7_msgs/share/gennodejs/ros/novatel_oem7_msgs/msg/RegionRestriction.js, /home/terry/mr23_ws/devel/share/gennodejs/ros/novatel_oem7_msgs/msg/RegionRestriction.js)
Linked: (/home/terry/mr23_ws/devel/.private/novatel_oem7_msgs/share/gennodejs/ros/novatel_oem7_msgs/msg/InertialSolutionStatus.js, /home/terry/mr23_ws/devel/share/gennodejs/ros/novatel_oem7_msgs/msg/InertialSolutionStatus.js)
Linked: (/home/terry/mr23_ws/devel/.private/novatel_oem7_msgs/share/gennodejs/ros/novatel_oem7_msgs/msg/PPPPOS.js, /home/terry/mr23_ws/devel/share/gennodejs/ros/novatel_oem7_msgs/msg/PPPPOS.js)
Linked: (/home/terry/mr23_ws/devel/.private/novatel_oem7_msgs/share/gennodejs/ros/novatel_oem7_msgs/msg/INSPVAX.js, /home/terry/mr23_ws/devel/share/gennodejs/ros/novatel_oem7_msgs/msg/INSPVAX.js)
Linked: (/home/terry/mr23_ws/devel/.private/novatel_oem7_msgs/share/gennodejs/ros/novatel_oem7_msgs/msg/INSSourceStatus.js, /home/terry/mr23_ws/devel/share/gennodejs/ros/novatel_oem7_msgs/msg/INSSourceStatus.js)
Linked: (/home/terry/mr23_ws/devel/.private/novatel_oem7_msgs/share/gennodejs/ros/novatel_oem7_msgs/msg/GeogatingStatus.js, /home/terry/mr23_ws/devel/share/gennodejs/ros/novatel_oem7_msgs/msg/GeogatingStatus.js)
Linked: (/home/terry/mr23_ws/devel/.private/novatel_oem7_msgs/share/gennodejs/ros/novatel_oem7_msgs/msg/INSOutputFrame.js, /home/terry/mr23_ws/devel/share/gennodejs/ros/novatel_oem7_msgs/msg/INSOutputFrame.js)
Linked: (/home/terry/mr23_ws/devel/.private/novatel_oem7_msgs/share/gennodejs/ros/novatel_oem7_msgs/msg/INSUpdate.js, /home/terry/mr23_ws/devel/share/gennodejs/ros/novatel_oem7_msgs/msg/INSUpdate.js)
Linked: (/home/terry/mr23_ws/devel/.private/novatel_oem7_msgs/share/gennodejs/ros/novatel_oem7_msgs/msg/INSCONFIG.js, /home/terry/mr23_ws/devel/share/gennodejs/ros/novatel_oem7_msgs/msg/INSCONFIG.js)
Linked: (/home/terry/mr23_ws/devel/.private/novatel_oem7_msgs/share/gennodejs/ros/novatel_oem7_msgs/msg/INSAlignmentMode.js, /home/terry/mr23_ws/devel/share/gennodejs/ros/novatel_oem7_msgs/msg/INSAlignmentMode.js)
Linked: (/home/terry/mr23_ws/devel/.private/novatel_oem7_msgs/share/gennodejs/ros/novatel_oem7_msgs/msg/SolutionSource.js, /home/terry/mr23_ws/devel/share/gennodejs/ros/novatel_oem7_msgs/msg/SolutionSource.js)
Linked: (/home/terry/mr23_ws/devel/.private/novatel_oem7_msgs/share/gennodejs/ros/novatel_oem7_msgs/msg/_index.js, /home/terry/mr23_ws/devel/share/gennodejs/ros/novatel_oem7_msgs/msg/_index.js)
Linked: (/home/terry/mr23_ws/devel/.private/novatel_oem7_msgs/share/gennodejs/ros/novatel_oem7_msgs/msg/TranslationOffset.js, /home/terry/mr23_ws/devel/share/gennodejs/ros/novatel_oem7_msgs/msg/TranslationOffset.js)
Linked: (/home/terry/mr23_ws/devel/.private/novatel_oem7_msgs/share/gennodejs/ros/novatel_oem7_msgs/msg/INSReceiverStatus.js, /home/terry/mr23_ws/devel/share/gennodejs/ros/novatel_oem7_msgs/msg/INSReceiverStatus.js)
Linked: (/home/terry/mr23_ws/devel/.private/novatel_oem7_msgs/share/gennodejs/ros/novatel_oem7_msgs/msg/INSResetType.js, /home/terry/mr23_ws/devel/share/gennodejs/ros/novatel_oem7_msgs/msg/INSResetType.js)
Linked: (/home/terry/mr23_ws/devel/.private/novatel_oem7_msgs/share/gennodejs/ros/novatel_oem7_msgs/msg/RXSTATUS.js, /home/terry/mr23_ws/devel/share/gennodejs/ros/novatel_oem7_msgs/msg/RXSTATUS.js)
Linked: (/home/terry/mr23_ws/devel/.private/novatel_oem7_msgs/share/gennodejs/ros/novatel_oem7_msgs/msg/SubscriptionType.js, /home/terry/mr23_ws/devel/share/gennodejs/ros/novatel_oem7_msgs/msg/SubscriptionType.js)
Linked: (/home/terry/mr23_ws/devel/.private/novatel_oem7_msgs/share/gennodejs/ros/novatel_oem7_msgs/msg/INSPVA.js, /home/terry/mr23_ws/devel/share/gennodejs/ros/novatel_oem7_msgs/msg/INSPVA.js)
Linked: (/home/terry/mr23_ws/devel/.private/novatel_oem7_msgs/share/gennodejs/ros/novatel_oem7_msgs/msg/TERRASTARINFO.js, /home/terry/mr23_ws/devel/share/gennodejs/ros/novatel_oem7_msgs/msg/TERRASTARINFO.js)
Linked: (/home/terry/mr23_ws/devel/.private/novatel_oem7_msgs/share/gennodejs/ros/novatel_oem7_msgs/msg/SolutionStatus.js, /home/terry/mr23_ws/devel/share/gennodejs/ros/novatel_oem7_msgs/msg/SolutionStatus.js)
Linked: (/home/terry/mr23_ws/devel/.private/novatel_oem7_msgs/share/gennodejs/ros/novatel_oem7_msgs/msg/Oem7RawMsg.js, /home/terry/mr23_ws/devel/share/gennodejs/ros/novatel_oem7_msgs/msg/Oem7RawMsg.js)
Linked: (/home/terry/mr23_ws/devel/.private/novatel_oem7_msgs/share/gennodejs/ros/novatel_oem7_msgs/msg/PositionOrVelocityType.js, /home/terry/mr23_ws/devel/share/gennodejs/ros/novatel_oem7_msgs/msg/PositionOrVelocityType.js)
Linked: (/home/terry/mr23_ws/devel/.private/novatel_oem7_msgs/share/gennodejs/ros/novatel_oem7_msgs/msg/TERRASTARSTATUS.js, /home/terry/mr23_ws/devel/share/gennodejs/ros/novatel_oem7_msgs/msg/TERRASTARSTATUS.js)
Linked: (/home/terry/mr23_ws/devel/.private/novatel_oem7_msgs/share/gennodejs/ros/novatel_oem7_msgs/msg/LocalAreaStatus.js, /home/terry/mr23_ws/devel/share/gennodejs/ros/novatel_oem7_msgs/msg/LocalAreaStatus.js)
Linked: (/home/terry/mr23_ws/devel/.private/novatel_oem7_msgs/share/gennodejs/ros/novatel_oem7_msgs/msg/Oem7Header.js, /home/terry/mr23_ws/devel/share/gennodejs/ros/novatel_oem7_msgs/msg/Oem7Header.js)
Linked: (/home/terry/mr23_ws/devel/.private/novatel_oem7_msgs/share/novatel_oem7_msgs/cmake/novatel_oem7_msgsConfig.cmake, /home/terry/mr23_ws/devel/share/novatel_oem7_msgs/cmake/novatel_oem7_msgsConfig.cmake)
Linked: (/home/terry/mr23_ws/devel/.private/novatel_oem7_msgs/share/novatel_oem7_msgs/cmake/novatel_oem7_msgsConfig-version.cmake, /home/terry/mr23_ws/devel/share/novatel_oem7_msgs/cmake/novatel_oem7_msgsConfig-version.cmake)
Linked: (/home/terry/mr23_ws/devel/.private/novatel_oem7_msgs/share/novatel_oem7_msgs/cmake/novatel_oem7_msgs-msg-paths.cmake, /home/terry/mr23_ws/devel/share/novatel_oem7_msgs/cmake/novatel_oem7_msgs-msg-paths.cmake)
Linked: (/home/terry/mr23_ws/devel/.private/novatel_oem7_msgs/share/novatel_oem7_msgs/cmake/novatel_oem7_msgs-msg-extras.cmake, /home/terry/mr23_ws/devel/share/novatel_oem7_msgs/cmake/novatel_oem7_msgs-msg-extras.cmake)
Linked: (/home/terry/mr23_ws/devel/.private/novatel_oem7_msgs/lib/pkgconfig/novatel_oem7_msgs.pc, /home/terry/mr23_ws/devel/lib/pkgconfig/novatel_oem7_msgs.pc)
Linked: (/home/terry/mr23_ws/devel/.private/novatel_oem7_msgs/lib/python3/dist-packages/novatel_oem7_msgs/__init__.py, /home/terry/mr23_ws/devel/lib/python3/dist-packages/novatel_oem7_msgs/__init__.py)
Linked: (/home/terry/mr23_ws/devel/.private/novatel_oem7_msgs/lib/python3/dist-packages/novatel_oem7_msgs/srv/__init__.py, /home/terry/mr23_ws/devel/lib/python3/dist-packages/novatel_oem7_msgs/srv/__init__.py)
Linked: (/home/terry/mr23_ws/devel/.private/novatel_oem7_msgs/lib/python3/dist-packages/novatel_oem7_msgs/srv/_Oem7AbasciiCmd.py, /home/terry/mr23_ws/devel/lib/python3/dist-packages/novatel_oem7_msgs/srv/_Oem7AbasciiCmd.py)
Linked: (/home/terry/mr23_ws/devel/.private/novatel_oem7_msgs/lib/python3/dist-packages/novatel_oem7_msgs/msg/_SubscriptionPermission.py, /home/terry/mr23_ws/devel/lib/python3/dist-packages/novatel_oem7_msgs/msg/_SubscriptionPermission.py)
Linked: (/home/terry/mr23_ws/devel/.private/novatel_oem7_msgs/lib/python3/dist-packages/novatel_oem7_msgs/msg/_INSSTDEV.py, /home/terry/mr23_ws/devel/lib/python3/dist-packages/novatel_oem7_msgs/msg/_INSSTDEV.py)
Linked: (/home/terry/mr23_ws/devel/.private/novatel_oem7_msgs/lib/python3/dist-packages/novatel_oem7_msgs/msg/_INSSourceStatus.py, /home/terry/mr23_ws/devel/lib/python3/dist-packages/novatel_oem7_msgs/msg/_INSSourceStatus.py)
Linked: (/home/terry/mr23_ws/devel/.private/novatel_oem7_msgs/lib/python3/dist-packages/novatel_oem7_msgs/msg/_SolutionSource.py, /home/terry/mr23_ws/devel/lib/python3/dist-packages/novatel_oem7_msgs/msg/_SolutionSource.py)
Linked: (/home/terry/mr23_ws/devel/.private/novatel_oem7_msgs/lib/python3/dist-packages/novatel_oem7_msgs/msg/_LocalAreaStatus.py, /home/terry/mr23_ws/devel/lib/python3/dist-packages/novatel_oem7_msgs/msg/_LocalAreaStatus.py)
Linked: (/home/terry/mr23_ws/devel/.private/novatel_oem7_msgs/lib/python3/dist-packages/novatel_oem7_msgs/msg/_INSResetType.py, /home/terry/mr23_ws/devel/lib/python3/dist-packages/novatel_oem7_msgs/msg/_INSResetType.py)
Linked: (/home/terry/mr23_ws/devel/.private/novatel_oem7_msgs/lib/python3/dist-packages/novatel_oem7_msgs/msg/_INSAlignmentMode.py, /home/terry/mr23_ws/devel/lib/python3/dist-packages/novatel_oem7_msgs/msg/_INSAlignmentMode.py)
Linked: (/home/terry/mr23_ws/devel/.private/novatel_oem7_msgs/lib/python3/dist-packages/novatel_oem7_msgs/msg/_SyncState.py, /home/terry/mr23_ws/devel/lib/python3/dist-packages/novatel_oem7_msgs/msg/_SyncState.py)
Linked: (/home/terry/mr23_ws/devel/.private/novatel_oem7_msgs/lib/python3/dist-packages/novatel_oem7_msgs/msg/_Rotation.py, /home/terry/mr23_ws/devel/lib/python3/dist-packages/novatel_oem7_msgs/msg/_Rotation.py)
Linked: (/home/terry/mr23_ws/devel/.private/novatel_oem7_msgs/lib/python3/dist-packages/novatel_oem7_msgs/msg/_INSOutputFrame.py, /home/terry/mr23_ws/devel/lib/python3/dist-packages/novatel_oem7_msgs/msg/_INSOutputFrame.py)
Linked: (/home/terry/mr23_ws/devel/.private/novatel_oem7_msgs/lib/python3/dist-packages/novatel_oem7_msgs/msg/_TIME.py, /home/terry/mr23_ws/devel/lib/python3/dist-packages/novatel_oem7_msgs/msg/_TIME.py)
Linked: (/home/terry/mr23_ws/devel/.private/novatel_oem7_msgs/lib/python3/dist-packages/novatel_oem7_msgs/msg/__init__.py, /home/terry/mr23_ws/devel/lib/python3/dist-packages/novatel_oem7_msgs/msg/__init__.py)
Linked: (/home/terry/mr23_ws/devel/.private/novatel_oem7_msgs/lib/python3/dist-packages/novatel_oem7_msgs/msg/_GeogatingStatus.py, /home/terry/mr23_ws/devel/lib/python3/dist-packages/novatel_oem7_msgs/msg/_GeogatingStatus.py)
Linked: (/home/terry/mr23_ws/devel/.private/novatel_oem7_msgs/lib/python3/dist-packages/novatel_oem7_msgs/msg/_RegionRestriction.py, /home/terry/mr23_ws/devel/lib/python3/dist-packages/novatel_oem7_msgs/msg/_RegionRestriction.py)
Linked: (/home/terry/mr23_ws/devel/.private/novatel_oem7_msgs/lib/python3/dist-packages/novatel_oem7_msgs/msg/_BESTUTM.py, /home/terry/mr23_ws/devel/lib/python3/dist-packages/novatel_oem7_msgs/msg/_BESTUTM.py)
Linked: (/home/terry/mr23_ws/devel/.private/novatel_oem7_msgs/lib/python3/dist-packages/novatel_oem7_msgs/msg/_CORRIMU.py, /home/terry/mr23_ws/devel/lib/python3/dist-packages/novatel_oem7_msgs/msg/_CORRIMU.py)
Linked: (/home/terry/mr23_ws/devel/.private/novatel_oem7_msgs/lib/python3/dist-packages/novatel_oem7_msgs/msg/_TERRASTARSTATUS.py, /home/terry/mr23_ws/devel/lib/python3/dist-packages/novatel_oem7_msgs/msg/_TERRASTARSTATUS.py)
Linked: (/home/terry/mr23_ws/devel/.private/novatel_oem7_msgs/lib/python3/dist-packages/novatel_oem7_msgs/msg/_TERRASTARINFO.py, /home/terry/mr23_ws/devel/lib/python3/dist-packages/novatel_oem7_msgs/msg/_TERRASTARINFO.py)
Linked: (/home/terry/mr23_ws/devel/.private/novatel_oem7_msgs/lib/python3/dist-packages/novatel_oem7_msgs/msg/_INSReceiverStatus.py, /home/terry/mr23_ws/devel/lib/python3/dist-packages/novatel_oem7_msgs/msg/_INSReceiverStatus.py)
Linked: (/home/terry/mr23_ws/devel/.private/novatel_oem7_msgs/lib/python3/dist-packages/novatel_oem7_msgs/msg/_BESTPOS.py, /home/terry/mr23_ws/devel/lib/python3/dist-packages/novatel_oem7_msgs/msg/_BESTPOS.py)
Linked: (/home/terry/mr23_ws/devel/.private/novatel_oem7_msgs/lib/python3/dist-packages/novatel_oem7_msgs/msg/_PPPPOS.py, /home/terry/mr23_ws/devel/lib/python3/dist-packages/novatel_oem7_msgs/msg/_PPPPOS.py)
Linked: (/home/terry/mr23_ws/devel/.private/novatel_oem7_msgs/lib/python3/dist-packages/novatel_oem7_msgs/msg/_HEADING2.py, /home/terry/mr23_ws/devel/lib/python3/dist-packages/novatel_oem7_msgs/msg/_HEADING2.py)
Linked: (/home/terry/mr23_ws/devel/.private/novatel_oem7_msgs/lib/python3/dist-packages/novatel_oem7_msgs/msg/_RotationalOffset.py, /home/terry/mr23_ws/devel/lib/python3/dist-packages/novatel_oem7_msgs/msg/_RotationalOffset.py)
Linked: (/home/terry/mr23_ws/devel/.private/novatel_oem7_msgs/lib/python3/dist-packages/novatel_oem7_msgs/msg/_Translation.py, /home/terry/mr23_ws/devel/lib/python3/dist-packages/novatel_oem7_msgs/msg/_Translation.py)
Linked: (/home/terry/mr23_ws/devel/.private/novatel_oem7_msgs/lib/python3/dist-packages/novatel_oem7_msgs/msg/_INSExtendedSolutionStatus.py, /home/terry/mr23_ws/devel/lib/python3/dist-packages/novatel_oem7_msgs/msg/_INSExtendedSolutionStatus.py)
Linked: (/home/terry/mr23_ws/devel/.private/novatel_oem7_msgs/lib/python3/dist-packages/novatel_oem7_msgs/msg/_BESTVEL.py, /home/terry/mr23_ws/devel/lib/python3/dist-packages/novatel_oem7_msgs/msg/_BESTVEL.py)
Linked: (/home/terry/mr23_ws/devel/.private/novatel_oem7_msgs/lib/python3/dist-packages/novatel_oem7_msgs/msg/_INSFrame.py, /home/terry/mr23_ws/devel/lib/python3/dist-packages/novatel_oem7_msgs/msg/_INSFrame.py)
Linked: (/home/terry/mr23_ws/devel/.private/novatel_oem7_msgs/lib/python3/dist-packages/novatel_oem7_msgs/msg/_IMURATECORRIMU.py, /home/terry/mr23_ws/devel/lib/python3/dist-packages/novatel_oem7_msgs/msg/_IMURATECORRIMU.py)
Linked: (/home/terry/mr23_ws/devel/.private/novatel_oem7_msgs/lib/python3/dist-packages/novatel_oem7_msgs/msg/_Oem7Header.py, /home/terry/mr23_ws/devel/lib/python3/dist-packages/novatel_oem7_msgs/msg/_Oem7Header.py)
Linked: (/home/terry/mr23_ws/devel/.private/novatel_oem7_msgs/lib/python3/dist-packages/novatel_oem7_msgs/msg/_TranslationOffset.py, /home/terry/mr23_ws/devel/lib/python3/dist-packages/novatel_oem7_msgs/msg/_TranslationOffset.py)
Linked: (/home/terry/mr23_ws/devel/.private/novatel_oem7_msgs/lib/python3/dist-packages/novatel_oem7_msgs/msg/_BestExtendedSolutionStatus.py, /home/terry/mr23_ws/devel/lib/python3/dist-packages/novatel_oem7_msgs/msg/_BestExtendedSolutionStatus.py)
Linked: (/home/terry/mr23_ws/devel/.private/novatel_oem7_msgs/lib/python3/dist-packages/novatel_oem7_msgs/msg/_PositionOrVelocityType.py, /home/terry/mr23_ws/devel/lib/python3/dist-packages/novatel_oem7_msgs/msg/_PositionOrVelocityType.py)
Linked: (/home/terry/mr23_ws/devel/.private/novatel_oem7_msgs/lib/python3/dist-packages/novatel_oem7_msgs/msg/_INSUpdate.py, /home/terry/mr23_ws/devel/lib/python3/dist-packages/novatel_oem7_msgs/msg/_INSUpdate.py)
Linked: (/home/terry/mr23_ws/devel/.private/novatel_oem7_msgs/lib/python3/dist-packages/novatel_oem7_msgs/msg/_InertialSolutionStatus.py, /home/terry/mr23_ws/devel/lib/python3/dist-packages/novatel_oem7_msgs/msg/_InertialSolutionStatus.py)
Linked: (/home/terry/mr23_ws/devel/.private/novatel_oem7_msgs/lib/python3/dist-packages/novatel_oem7_msgs/msg/_RXSTATUS.py, /home/terry/mr23_ws/devel/lib/python3/dist-packages/novatel_oem7_msgs/msg/_RXSTATUS.py)
Linked: (/home/terry/mr23_ws/devel/.private/novatel_oem7_msgs/lib/python3/dist-packages/novatel_oem7_msgs/msg/_Oem7RawMsg.py, /home/terry/mr23_ws/devel/lib/python3/dist-packages/novatel_oem7_msgs/msg/_Oem7RawMsg.py)
Linked: (/home/terry/mr23_ws/devel/.private/novatel_oem7_msgs/lib/python3/dist-packages/novatel_oem7_msgs/msg/_SolutionStatus.py, /home/terry/mr23_ws/devel/lib/python3/dist-packages/novatel_oem7_msgs/msg/_SolutionStatus.py)
Linked: (/home/terry/mr23_ws/devel/.private/novatel_oem7_msgs/lib/python3/dist-packages/novatel_oem7_msgs/msg/_SubscriptionType.py, /home/terry/mr23_ws/devel/lib/python3/dist-packages/novatel_oem7_msgs/msg/_SubscriptionType.py)
Linked: (/home/terry/mr23_ws/devel/.private/novatel_oem7_msgs/lib/python3/dist-packages/novatel_oem7_msgs/msg/_INSPVAX.py, /home/terry/mr23_ws/devel/lib/python3/dist-packages/novatel_oem7_msgs/msg/_INSPVAX.py)
Linked: (/home/terry/mr23_ws/devel/.private/novatel_oem7_msgs/lib/python3/dist-packages/novatel_oem7_msgs/msg/_INSPVA.py, /home/terry/mr23_ws/devel/lib/python3/dist-packages/novatel_oem7_msgs/msg/_INSPVA.py)
Linked: (/home/terry/mr23_ws/devel/.private/novatel_oem7_msgs/lib/python3/dist-packages/novatel_oem7_msgs/msg/_AccessStatus.py, /home/terry/mr23_ws/devel/lib/python3/dist-packages/novatel_oem7_msgs/msg/_AccessStatus.py)
Linked: (/home/terry/mr23_ws/devel/.private/novatel_oem7_msgs/lib/python3/dist-packages/novatel_oem7_msgs/msg/_BESTGNSSPOS.py, /home/terry/mr23_ws/devel/lib/python3/dist-packages/novatel_oem7_msgs/msg/_BESTGNSSPOS.py)
Linked: (/home/terry/mr23_ws/devel/.private/novatel_oem7_msgs/lib/python3/dist-packages/novatel_oem7_msgs/msg/_INSCONFIG.py, /home/terry/mr23_ws/devel/lib/python3/dist-packages/novatel_oem7_msgs/msg/_INSCONFIG.py)
Linked: (/home/terry/mr23_ws/devel/.private/novatel_oem7_msgs/include/novatel_oem7_msgs/TranslationOffset.h, /home/terry/mr23_ws/devel/include/novatel_oem7_msgs/TranslationOffset.h)
Linked: (/home/terry/mr23_ws/devel/.private/novatel_oem7_msgs/include/novatel_oem7_msgs/LocalAreaStatus.h, /home/terry/mr23_ws/devel/include/novatel_oem7_msgs/LocalAreaStatus.h)
Linked: (/home/terry/mr23_ws/devel/.private/novatel_oem7_msgs/include/novatel_oem7_msgs/INSCONFIG.h, /home/terry/mr23_ws/devel/include/novatel_oem7_msgs/INSCONFIG.h)
Linked: (/home/terry/mr23_ws/devel/.private/novatel_oem7_msgs/include/novatel_oem7_msgs/Oem7Header.h, /home/terry/mr23_ws/devel/include/novatel_oem7_msgs/Oem7Header.h)
Linked: (/home/terry/mr23_ws/devel/.private/novatel_oem7_msgs/include/novatel_oem7_msgs/BESTGNSSPOS.h, /home/terry/mr23_ws/devel/include/novatel_oem7_msgs/BESTGNSSPOS.h)
Linked: (/home/terry/mr23_ws/devel/.private/novatel_oem7_msgs/include/novatel_oem7_msgs/INSPVA.h, /home/terry/mr23_ws/devel/include/novatel_oem7_msgs/INSPVA.h)
Linked: (/home/terry/mr23_ws/devel/.private/novatel_oem7_msgs/include/novatel_oem7_msgs/SyncState.h, /home/terry/mr23_ws/devel/include/novatel_oem7_msgs/SyncState.h)
Linked: (/home/terry/mr23_ws/devel/.private/novatel_oem7_msgs/include/novatel_oem7_msgs/SolutionStatus.h, /home/terry/mr23_ws/devel/include/novatel_oem7_msgs/SolutionStatus.h)
Linked: (/home/terry/mr23_ws/devel/.private/novatel_oem7_msgs/include/novatel_oem7_msgs/BestExtendedSolutionStatus.h, /home/terry/mr23_ws/devel/include/novatel_oem7_msgs/BestExtendedSolutionStatus.h)
Linked: (/home/terry/mr23_ws/devel/.private/novatel_oem7_msgs/include/novatel_oem7_msgs/INSOutputFrame.h, /home/terry/mr23_ws/devel/include/novatel_oem7_msgs/INSOutputFrame.h)
Linked: (/home/terry/mr23_ws/devel/.private/novatel_oem7_msgs/include/novatel_oem7_msgs/RegionRestriction.h, /home/terry/mr23_ws/devel/include/novatel_oem7_msgs/RegionRestriction.h)
Linked: (/home/terry/mr23_ws/devel/.private/novatel_oem7_msgs/include/novatel_oem7_msgs/BESTPOS.h, /home/terry/mr23_ws/devel/include/novatel_oem7_msgs/BESTPOS.h)
Linked: (/home/terry/mr23_ws/devel/.private/novatel_oem7_msgs/include/novatel_oem7_msgs/GeogatingStatus.h, /home/terry/mr23_ws/devel/include/novatel_oem7_msgs/GeogatingStatus.h)
Linked: (/home/terry/mr23_ws/devel/.private/novatel_oem7_msgs/include/novatel_oem7_msgs/HEADING2.h, /home/terry/mr23_ws/devel/include/novatel_oem7_msgs/HEADING2.h)
Linked: (/home/terry/mr23_ws/devel/.private/novatel_oem7_msgs/include/novatel_oem7_msgs/PPPPOS.h, /home/terry/mr23_ws/devel/include/novatel_oem7_msgs/PPPPOS.h)
Linked: (/home/terry/mr23_ws/devel/.private/novatel_oem7_msgs/include/novatel_oem7_msgs/TIME.h, /home/terry/mr23_ws/devel/include/novatel_oem7_msgs/TIME.h)
Linked: (/home/terry/mr23_ws/devel/.private/novatel_oem7_msgs/include/novatel_oem7_msgs/TERRASTARINFO.h, /home/terry/mr23_ws/devel/include/novatel_oem7_msgs/TERRASTARINFO.h)
Linked: (/home/terry/mr23_ws/devel/.private/novatel_oem7_msgs/include/novatel_oem7_msgs/AccessStatus.h, /home/terry/mr23_ws/devel/include/novatel_oem7_msgs/AccessStatus.h)
Linked: (/home/terry/mr23_ws/devel/.private/novatel_oem7_msgs/include/novatel_oem7_msgs/BESTUTM.h, /home/terry/mr23_ws/devel/include/novatel_oem7_msgs/BESTUTM.h)
Linked: (/home/terry/mr23_ws/devel/.private/novatel_oem7_msgs/include/novatel_oem7_msgs/Oem7AbasciiCmdRequest.h, /home/terry/mr23_ws/devel/include/novatel_oem7_msgs/Oem7AbasciiCmdRequest.h)
Linked: (/home/terry/mr23_ws/devel/.private/novatel_oem7_msgs/include/novatel_oem7_msgs/SubscriptionPermission.h, /home/terry/mr23_ws/devel/include/novatel_oem7_msgs/SubscriptionPermission.h)
Linked: (/home/terry/mr23_ws/devel/.private/novatel_oem7_msgs/include/novatel_oem7_msgs/Translation.h, /home/terry/mr23_ws/devel/include/novatel_oem7_msgs/Translation.h)
Linked: (/home/terry/mr23_ws/devel/.private/novatel_oem7_msgs/include/novatel_oem7_msgs/INSUpdate.h, /home/terry/mr23_ws/devel/include/novatel_oem7_msgs/INSUpdate.h)
Linked: (/home/terry/mr23_ws/devel/.private/novatel_oem7_msgs/include/novatel_oem7_msgs/RXSTATUS.h, /home/terry/mr23_ws/devel/include/novatel_oem7_msgs/RXSTATUS.h)
Linked: (/home/terry/mr23_ws/devel/.private/novatel_oem7_msgs/include/novatel_oem7_msgs/TERRASTARSTATUS.h, /home/terry/mr23_ws/devel/include/novatel_oem7_msgs/TERRASTARSTATUS.h)
Linked: (/home/terry/mr23_ws/devel/.private/novatel_oem7_msgs/include/novatel_oem7_msgs/Rotation.h, /home/terry/mr23_ws/devel/include/novatel_oem7_msgs/Rotation.h)
Linked: (/home/terry/mr23_ws/devel/.private/novatel_oem7_msgs/include/novatel_oem7_msgs/Oem7RawMsg.h, /home/terry/mr23_ws/devel/include/novatel_oem7_msgs/Oem7RawMsg.h)
Linked: (/home/terry/mr23_ws/devel/.private/novatel_oem7_msgs/include/novatel_oem7_msgs/CORRIMU.h, /home/terry/mr23_ws/devel/include/novatel_oem7_msgs/CORRIMU.h)
Linked: (/home/terry/mr23_ws/devel/.private/novatel_oem7_msgs/include/novatel_oem7_msgs/INSFrame.h, /home/terry/mr23_ws/devel/include/novatel_oem7_msgs/INSFrame.h)
Linked: (/home/terry/mr23_ws/devel/.private/novatel_oem7_msgs/include/novatel_oem7_msgs/RotationalOffset.h, /home/terry/mr23_ws/devel/include/novatel_oem7_msgs/RotationalOffset.h)
Linked: (/home/terry/mr23_ws/devel/.private/novatel_oem7_msgs/include/novatel_oem7_msgs/IMURATECORRIMU.h, /home/terry/mr23_ws/devel/include/novatel_oem7_msgs/IMURATECORRIMU.h)
Linked: (/home/terry/mr23_ws/devel/.private/novatel_oem7_msgs/include/novatel_oem7_msgs/INSReceiverStatus.h, /home/terry/mr23_ws/devel/include/novatel_oem7_msgs/INSReceiverStatus.h)
Linked: (/home/terry/mr23_ws/devel/.private/novatel_oem7_msgs/include/novatel_oem7_msgs/Oem7AbasciiCmd.h, /home/terry/mr23_ws/devel/include/novatel_oem7_msgs/Oem7AbasciiCmd.h)
Linked: (/home/terry/mr23_ws/devel/.private/novatel_oem7_msgs/include/novatel_oem7_msgs/INSPVAX.h, /home/terry/mr23_ws/devel/include/novatel_oem7_msgs/INSPVAX.h)
Linked: (/home/terry/mr23_ws/devel/.private/novatel_oem7_msgs/include/novatel_oem7_msgs/INSAlignmentMode.h, /home/terry/mr23_ws/devel/include/novatel_oem7_msgs/INSAlignmentMode.h)
Linked: (/home/terry/mr23_ws/devel/.private/novatel_oem7_msgs/include/novatel_oem7_msgs/INSExtendedSolutionStatus.h, /home/terry/mr23_ws/devel/include/novatel_oem7_msgs/INSExtendedSolutionStatus.h)
Linked: (/home/terry/mr23_ws/devel/.private/novatel_oem7_msgs/include/novatel_oem7_msgs/InertialSolutionStatus.h, /home/terry/mr23_ws/devel/include/novatel_oem7_msgs/InertialSolutionStatus.h)
Linked: (/home/terry/mr23_ws/devel/.private/novatel_oem7_msgs/include/novatel_oem7_msgs/Oem7AbasciiCmdResponse.h, /home/terry/mr23_ws/devel/include/novatel_oem7_msgs/Oem7AbasciiCmdResponse.h)
Linked: (/home/terry/mr23_ws/devel/.private/novatel_oem7_msgs/include/novatel_oem7_msgs/BESTVEL.h, /home/terry/mr23_ws/devel/include/novatel_oem7_msgs/BESTVEL.h)
Linked: (/home/terry/mr23_ws/devel/.private/novatel_oem7_msgs/include/novatel_oem7_msgs/INSSourceStatus.h, /home/terry/mr23_ws/devel/include/novatel_oem7_msgs/INSSourceStatus.h)
Linked: (/home/terry/mr23_ws/devel/.private/novatel_oem7_msgs/include/novatel_oem7_msgs/SolutionSource.h, /home/terry/mr23_ws/devel/include/novatel_oem7_msgs/SolutionSource.h)
Linked: (/home/terry/mr23_ws/devel/.private/novatel_oem7_msgs/include/novatel_oem7_msgs/INSResetType.h, /home/terry/mr23_ws/devel/include/novatel_oem7_msgs/INSResetType.h)
Linked: (/home/terry/mr23_ws/devel/.private/novatel_oem7_msgs/include/novatel_oem7_msgs/SubscriptionType.h, /home/terry/mr23_ws/devel/include/novatel_oem7_msgs/SubscriptionType.h)
Linked: (/home/terry/mr23_ws/devel/.private/novatel_oem7_msgs/include/novatel_oem7_msgs/PositionOrVelocityType.h, /home/terry/mr23_ws/devel/include/novatel_oem7_msgs/PositionOrVelocityType.h)
Linked: (/home/terry/mr23_ws/devel/.private/novatel_oem7_msgs/include/novatel_oem7_msgs/INSSTDEV.h, /home/terry/mr23_ws/devel/include/novatel_oem7_msgs/INSSTDEV.h)
