Symlinking /home/terry/mr23_ws/devel/share/common-lisp/ros/novatel_oem7_msgs/srv/_package.lisp
Symlinking /home/terry/mr23_ws/devel/share/common-lisp/ros/novatel_oem7_msgs/srv/Oem7AbasciiCmd.lisp
Symlinking /home/terry/mr23_ws/devel/share/common-lisp/ros/novatel_oem7_msgs/srv/_package_Oem7AbasciiCmd.lisp
Symlinking /home/terry/mr23_ws/devel/share/common-lisp/ros/novatel_oem7_msgs/srv/novatel_oem7_msgs-srv.asd
Symlinking /home/terry/mr23_ws/devel/share/common-lisp/ros/novatel_oem7_msgs/msg/_package_RegionRestriction.lisp
Symlinking /home/terry/mr23_ws/devel/share/common-lisp/ros/novatel_oem7_msgs/msg/SubscriptionType.lisp
Symlinking /home/terry/mr23_ws/devel/share/common-lisp/ros/novatel_oem7_msgs/msg/IMURATECORRIMU.lisp
Symlinking /home/terry/mr23_ws/devel/share/common-lisp/ros/novatel_oem7_msgs/msg/_package_SubscriptionType.lisp
Symlinking /home/terry/mr23_ws/devel/share/common-lisp/ros/novatel_oem7_msgs/msg/_package_BESTPOS.lisp
Symlinking /home/terry/mr23_ws/devel/share/common-lisp/ros/novatel_oem7_msgs/msg/_package_InertialSolutionStatus.lisp
Symlinking /home/terry/mr23_ws/devel/share/common-lisp/ros/novatel_oem7_msgs/msg/_package_HEADING2.lisp
Symlinking /home/terry/mr23_ws/devel/share/common-lisp/ros/novatel_oem7_msgs/msg/_package_SyncState.lisp
Symlinking /home/terry/mr23_ws/devel/share/common-lisp/ros/novatel_oem7_msgs/msg/_package_INSSTDEV.lisp
Symlinking /home/terry/mr23_ws/devel/share/common-lisp/ros/novatel_oem7_msgs/msg/_package_INSUpdate.lisp
Symlinking /home/terry/mr23_ws/devel/share/common-lisp/ros/novatel_oem7_msgs/msg/_package_INSCONFIG.lisp
Symlinking /home/terry/mr23_ws/devel/share/common-lisp/ros/novatel_oem7_msgs/msg/_package_Oem7Header.lisp
Symlinking /home/terry/mr23_ws/devel/share/common-lisp/ros/novatel_oem7_msgs/msg/GeogatingStatus.lisp
Symlinking /home/terry/mr23_ws/devel/share/common-lisp/ros/novatel_oem7_msgs/msg/TIME.lisp
Symlinking /home/terry/mr23_ws/devel/share/common-lisp/ros/novatel_oem7_msgs/msg/_package_TranslationOffset.lisp
Symlinking /home/terry/mr23_ws/devel/share/common-lisp/ros/novatel_oem7_msgs/msg/Oem7Header.lisp
Symlinking /home/terry/mr23_ws/devel/share/common-lisp/ros/novatel_oem7_msgs/msg/novatel_oem7_msgs-msg.asd
Symlinking /home/terry/mr23_ws/devel/share/common-lisp/ros/novatel_oem7_msgs/msg/CORRIMU.lisp
Symlinking /home/terry/mr23_ws/devel/share/common-lisp/ros/novatel_oem7_msgs/msg/_package_SolutionSource.lisp
Symlinking /home/terry/mr23_ws/devel/share/common-lisp/ros/novatel_oem7_msgs/msg/_package_GeogatingStatus.lisp
Symlinking /home/terry/mr23_ws/devel/share/common-lisp/ros/novatel_oem7_msgs/msg/SyncState.lisp
Symlinking /home/terry/mr23_ws/devel/share/common-lisp/ros/novatel_oem7_msgs/msg/_package_Rotation.lisp
Symlinking /home/terry/mr23_ws/devel/share/common-lisp/ros/novatel_oem7_msgs/msg/SolutionStatus.lisp
Symlinking /home/terry/mr23_ws/devel/share/common-lisp/ros/novatel_oem7_msgs/msg/_package.lisp
Symlinking /home/terry/mr23_ws/devel/share/common-lisp/ros/novatel_oem7_msgs/msg/_package_INSReceiverStatus.lisp
Symlinking /home/terry/mr23_ws/devel/share/common-lisp/ros/novatel_oem7_msgs/msg/_package_SubscriptionPermission.lisp
Symlinking /home/terry/mr23_ws/devel/share/common-lisp/ros/novatel_oem7_msgs/msg/_package_TERRASTARSTATUS.lisp
Symlinking /home/terry/mr23_ws/devel/share/common-lisp/ros/novatel_oem7_msgs/msg/BESTPOS.lisp
Symlinking /home/terry/mr23_ws/devel/share/common-lisp/ros/novatel_oem7_msgs/msg/_package_LocalAreaStatus.lisp
Symlinking /home/terry/mr23_ws/devel/share/common-lisp/ros/novatel_oem7_msgs/msg/_package_PositionOrVelocityType.lisp
Symlinking /home/terry/mr23_ws/devel/share/common-lisp/ros/novatel_oem7_msgs/msg/BESTUTM.lisp
Symlinking /home/terry/mr23_ws/devel/share/common-lisp/ros/novatel_oem7_msgs/msg/PositionOrVelocityType.lisp
Symlinking /home/terry/mr23_ws/devel/share/common-lisp/ros/novatel_oem7_msgs/msg/INSExtendedSolutionStatus.lisp
Symlinking /home/terry/mr23_ws/devel/share/common-lisp/ros/novatel_oem7_msgs/msg/_package_IMURATECORRIMU.lisp
Symlinking /home/terry/mr23_ws/devel/share/common-lisp/ros/novatel_oem7_msgs/msg/TERRASTARINFO.lisp
Symlinking /home/terry/mr23_ws/devel/share/common-lisp/ros/novatel_oem7_msgs/msg/INSPVA.lisp
Symlinking /home/terry/mr23_ws/devel/share/common-lisp/ros/novatel_oem7_msgs/msg/_package_AccessStatus.lisp
Symlinking /home/terry/mr23_ws/devel/share/common-lisp/ros/novatel_oem7_msgs/msg/INSCONFIG.lisp
Symlinking /home/terry/mr23_ws/devel/share/common-lisp/ros/novatel_oem7_msgs/msg/_package_INSOutputFrame.lisp
Symlinking /home/terry/mr23_ws/devel/share/common-lisp/ros/novatel_oem7_msgs/msg/PPPPOS.lisp
Symlinking /home/terry/mr23_ws/devel/share/common-lisp/ros/novatel_oem7_msgs/msg/INSAlignmentMode.lisp
Symlinking /home/terry/mr23_ws/devel/share/common-lisp/ros/novatel_oem7_msgs/msg/Translation.lisp
Symlinking /home/terry/mr23_ws/devel/share/common-lisp/ros/novatel_oem7_msgs/msg/_package_BESTUTM.lisp
Symlinking /home/terry/mr23_ws/devel/share/common-lisp/ros/novatel_oem7_msgs/msg/INSOutputFrame.lisp
Symlinking /home/terry/mr23_ws/devel/share/common-lisp/ros/novatel_oem7_msgs/msg/TERRASTARSTATUS.lisp
Symlinking /home/terry/mr23_ws/devel/share/common-lisp/ros/novatel_oem7_msgs/msg/AccessStatus.lisp
Symlinking /home/terry/mr23_ws/devel/share/common-lisp/ros/novatel_oem7_msgs/msg/INSResetType.lisp
Symlinking /home/terry/mr23_ws/devel/share/common-lisp/ros/novatel_oem7_msgs/msg/_package_INSAlignmentMode.lisp
Symlinking /home/terry/mr23_ws/devel/share/common-lisp/ros/novatel_oem7_msgs/msg/BestExtendedSolutionStatus.lisp
Symlinking /home/terry/mr23_ws/devel/share/common-lisp/ros/novatel_oem7_msgs/msg/INSPVAX.lisp
Symlinking /home/terry/mr23_ws/devel/share/common-lisp/ros/novatel_oem7_msgs/msg/_package_INSResetType.lisp
Symlinking /home/terry/mr23_ws/devel/share/common-lisp/ros/novatel_oem7_msgs/msg/RegionRestriction.lisp
Symlinking /home/terry/mr23_ws/devel/share/common-lisp/ros/novatel_oem7_msgs/msg/BESTGNSSPOS.lisp
Symlinking /home/terry/mr23_ws/devel/share/common-lisp/ros/novatel_oem7_msgs/msg/Rotation.lisp
Symlinking /home/terry/mr23_ws/devel/share/common-lisp/ros/novatel_oem7_msgs/msg/INSSTDEV.lisp
Symlinking /home/terry/mr23_ws/devel/share/common-lisp/ros/novatel_oem7_msgs/msg/_package_TERRASTARINFO.lisp
Symlinking /home/terry/mr23_ws/devel/share/common-lisp/ros/novatel_oem7_msgs/msg/HEADING2.lisp
Symlinking /home/terry/mr23_ws/devel/share/common-lisp/ros/novatel_oem7_msgs/msg/INSSourceStatus.lisp
Symlinking /home/terry/mr23_ws/devel/share/common-lisp/ros/novatel_oem7_msgs/msg/_package_Translation.lisp
Symlinking /home/terry/mr23_ws/devel/share/common-lisp/ros/novatel_oem7_msgs/msg/_package_BESTGNSSPOS.lisp
Symlinking /home/terry/mr23_ws/devel/share/common-lisp/ros/novatel_oem7_msgs/msg/SubscriptionPermission.lisp
Symlinking /home/terry/mr23_ws/devel/share/common-lisp/ros/novatel_oem7_msgs/msg/_package_SolutionStatus.lisp
Symlinking /home/terry/mr23_ws/devel/share/common-lisp/ros/novatel_oem7_msgs/msg/_package_CORRIMU.lisp
Symlinking /home/terry/mr23_ws/devel/share/common-lisp/ros/novatel_oem7_msgs/msg/InertialSolutionStatus.lisp
Symlinking /home/terry/mr23_ws/devel/share/common-lisp/ros/novatel_oem7_msgs/msg/_package_RotationalOffset.lisp
Symlinking /home/terry/mr23_ws/devel/share/common-lisp/ros/novatel_oem7_msgs/msg/_package_BestExtendedSolutionStatus.lisp
Symlinking /home/terry/mr23_ws/devel/share/common-lisp/ros/novatel_oem7_msgs/msg/INSReceiverStatus.lisp
Symlinking /home/terry/mr23_ws/devel/share/common-lisp/ros/novatel_oem7_msgs/msg/_package_Oem7RawMsg.lisp
Symlinking /home/terry/mr23_ws/devel/share/common-lisp/ros/novatel_oem7_msgs/msg/_package_RXSTATUS.lisp
Symlinking /home/terry/mr23_ws/devel/share/common-lisp/ros/novatel_oem7_msgs/msg/RXSTATUS.lisp
Symlinking /home/terry/mr23_ws/devel/share/common-lisp/ros/novatel_oem7_msgs/msg/_package_INSPVA.lisp
Symlinking /home/terry/mr23_ws/devel/share/common-lisp/ros/novatel_oem7_msgs/msg/SolutionSource.lisp
Symlinking /home/terry/mr23_ws/devel/share/common-lisp/ros/novatel_oem7_msgs/msg/_package_INSFrame.lisp
Symlinking /home/terry/mr23_ws/devel/share/common-lisp/ros/novatel_oem7_msgs/msg/_package_BESTVEL.lisp
Symlinking /home/terry/mr23_ws/devel/share/common-lisp/ros/novatel_oem7_msgs/msg/BESTVEL.lisp
Symlinking /home/terry/mr23_ws/devel/share/common-lisp/ros/novatel_oem7_msgs/msg/_package_INSSourceStatus.lisp
Symlinking /home/terry/mr23_ws/devel/share/common-lisp/ros/novatel_oem7_msgs/msg/_package_INSExtendedSolutionStatus.lisp
Symlinking /home/terry/mr23_ws/devel/share/common-lisp/ros/novatel_oem7_msgs/msg/INSFrame.lisp
Symlinking /home/terry/mr23_ws/devel/share/common-lisp/ros/novatel_oem7_msgs/msg/Oem7RawMsg.lisp
Symlinking /home/terry/mr23_ws/devel/share/common-lisp/ros/novatel_oem7_msgs/msg/RotationalOffset.lisp
Symlinking /home/terry/mr23_ws/devel/share/common-lisp/ros/novatel_oem7_msgs/msg/INSUpdate.lisp
Symlinking /home/terry/mr23_ws/devel/share/common-lisp/ros/novatel_oem7_msgs/msg/_package_INSPVAX.lisp
Symlinking /home/terry/mr23_ws/devel/share/common-lisp/ros/novatel_oem7_msgs/msg/TranslationOffset.lisp
Symlinking /home/terry/mr23_ws/devel/share/common-lisp/ros/novatel_oem7_msgs/msg/LocalAreaStatus.lisp
Symlinking /home/terry/mr23_ws/devel/share/common-lisp/ros/novatel_oem7_msgs/msg/_package_PPPPOS.lisp
Symlinking /home/terry/mr23_ws/devel/share/common-lisp/ros/novatel_oem7_msgs/msg/_package_TIME.lisp
Symlinking /home/terry/mr23_ws/devel/share/roseus/ros/novatel_oem7_msgs/manifest.l
Symlinking /home/terry/mr23_ws/devel/share/roseus/ros/novatel_oem7_msgs/srv/Oem7AbasciiCmd.l
Symlinking /home/terry/mr23_ws/devel/share/roseus/ros/novatel_oem7_msgs/msg/BESTGNSSPOS.l
Symlinking /home/terry/mr23_ws/devel/share/roseus/ros/novatel_oem7_msgs/msg/PPPPOS.l
Symlinking /home/terry/mr23_ws/devel/share/roseus/ros/novatel_oem7_msgs/msg/INSExtendedSolutionStatus.l
Symlinking /home/terry/mr23_ws/devel/share/roseus/ros/novatel_oem7_msgs/msg/RotationalOffset.l
Symlinking /home/terry/mr23_ws/devel/share/roseus/ros/novatel_oem7_msgs/msg/INSCONFIG.l
Symlinking /home/terry/mr23_ws/devel/share/roseus/ros/novatel_oem7_msgs/msg/BESTPOS.l
Symlinking /home/terry/mr23_ws/devel/share/roseus/ros/novatel_oem7_msgs/msg/INSPVA.l
Symlinking /home/terry/mr23_ws/devel/share/roseus/ros/novatel_oem7_msgs/msg/TranslationOffset.l
Symlinking /home/terry/mr23_ws/devel/share/roseus/ros/novatel_oem7_msgs/msg/SubscriptionType.l
Symlinking /home/terry/mr23_ws/devel/share/roseus/ros/novatel_oem7_msgs/msg/INSUpdate.l
Symlinking /home/terry/mr23_ws/devel/share/roseus/ros/novatel_oem7_msgs/msg/SolutionStatus.l
Symlinking /home/terry/mr23_ws/devel/share/roseus/ros/novatel_oem7_msgs/msg/SubscriptionPermission.l
Symlinking /home/terry/mr23_ws/devel/share/roseus/ros/novatel_oem7_msgs/msg/IMURATECORRIMU.l
Symlinking /home/terry/mr23_ws/devel/share/roseus/ros/novatel_oem7_msgs/msg/INSFrame.l
Symlinking /home/terry/mr23_ws/devel/share/roseus/ros/novatel_oem7_msgs/msg/Oem7RawMsg.l
Symlinking /home/terry/mr23_ws/devel/share/roseus/ros/novatel_oem7_msgs/msg/BESTUTM.l
Symlinking /home/terry/mr23_ws/devel/share/roseus/ros/novatel_oem7_msgs/msg/BestExtendedSolutionStatus.l
Symlinking /home/terry/mr23_ws/devel/share/roseus/ros/novatel_oem7_msgs/msg/Rotation.l
Symlinking /home/terry/mr23_ws/devel/share/roseus/ros/novatel_oem7_msgs/msg/PositionOrVelocityType.l
Symlinking /home/terry/mr23_ws/devel/share/roseus/ros/novatel_oem7_msgs/msg/Oem7Header.l
Symlinking /home/terry/mr23_ws/devel/share/roseus/ros/novatel_oem7_msgs/msg/InertialSolutionStatus.l
Symlinking /home/terry/mr23_ws/devel/share/roseus/ros/novatel_oem7_msgs/msg/INSReceiverStatus.l
Symlinking /home/terry/mr23_ws/devel/share/roseus/ros/novatel_oem7_msgs/msg/SyncState.l
Symlinking /home/terry/mr23_ws/devel/share/roseus/ros/novatel_oem7_msgs/msg/HEADING2.l
Symlinking /home/terry/mr23_ws/devel/share/roseus/ros/novatel_oem7_msgs/msg/LocalAreaStatus.l
Symlinking /home/terry/mr23_ws/devel/share/roseus/ros/novatel_oem7_msgs/msg/INSSTDEV.l
Symlinking /home/terry/mr23_ws/devel/share/roseus/ros/novatel_oem7_msgs/msg/CORRIMU.l
Symlinking /home/terry/mr23_ws/devel/share/roseus/ros/novatel_oem7_msgs/msg/Translation.l
Symlinking /home/terry/mr23_ws/devel/share/roseus/ros/novatel_oem7_msgs/msg/AccessStatus.l
Symlinking /home/terry/mr23_ws/devel/share/roseus/ros/novatel_oem7_msgs/msg/RegionRestriction.l
Symlinking /home/terry/mr23_ws/devel/share/roseus/ros/novatel_oem7_msgs/msg/INSPVAX.l
Symlinking /home/terry/mr23_ws/devel/share/roseus/ros/novatel_oem7_msgs/msg/TIME.l
Symlinking /home/terry/mr23_ws/devel/share/roseus/ros/novatel_oem7_msgs/msg/INSOutputFrame.l
Symlinking /home/terry/mr23_ws/devel/share/roseus/ros/novatel_oem7_msgs/msg/BESTVEL.l
Symlinking /home/terry/mr23_ws/devel/share/roseus/ros/novatel_oem7_msgs/msg/SolutionSource.l
Symlinking /home/terry/mr23_ws/devel/share/roseus/ros/novatel_oem7_msgs/msg/TERRASTARSTATUS.l
Symlinking /home/terry/mr23_ws/devel/share/roseus/ros/novatel_oem7_msgs/msg/TERRASTARINFO.l
Symlinking /home/terry/mr23_ws/devel/share/roseus/ros/novatel_oem7_msgs/msg/GeogatingStatus.l
Symlinking /home/terry/mr23_ws/devel/share/roseus/ros/novatel_oem7_msgs/msg/INSAlignmentMode.l
Symlinking /home/terry/mr23_ws/devel/share/roseus/ros/novatel_oem7_msgs/msg/INSSourceStatus.l
Symlinking /home/terry/mr23_ws/devel/share/roseus/ros/novatel_oem7_msgs/msg/RXSTATUS.l
Symlinking /home/terry/mr23_ws/devel/share/roseus/ros/novatel_oem7_msgs/msg/INSResetType.l
Symlinking /home/terry/mr23_ws/devel/share/gennodejs/ros/novatel_oem7_msgs/_index.js
Symlinking /home/terry/mr23_ws/devel/share/gennodejs/ros/novatel_oem7_msgs/srv/Oem7AbasciiCmd.js
Symlinking /home/terry/mr23_ws/devel/share/gennodejs/ros/novatel_oem7_msgs/srv/_index.js
Symlinking /home/terry/mr23_ws/devel/share/gennodejs/ros/novatel_oem7_msgs/msg/SubscriptionPermission.js
Symlinking /home/terry/mr23_ws/devel/share/gennodejs/ros/novatel_oem7_msgs/msg/BestExtendedSolutionStatus.js
Symlinking /home/terry/mr23_ws/devel/share/gennodejs/ros/novatel_oem7_msgs/msg/RotationalOffset.js
Symlinking /home/terry/mr23_ws/devel/share/gennodejs/ros/novatel_oem7_msgs/msg/AccessStatus.js
Symlinking /home/terry/mr23_ws/devel/share/gennodejs/ros/novatel_oem7_msgs/msg/HEADING2.js
Symlinking /home/terry/mr23_ws/devel/share/gennodejs/ros/novatel_oem7_msgs/msg/CORRIMU.js
Symlinking /home/terry/mr23_ws/devel/share/gennodejs/ros/novatel_oem7_msgs/msg/BESTUTM.js
Symlinking /home/terry/mr23_ws/devel/share/gennodejs/ros/novatel_oem7_msgs/msg/INSSTDEV.js
Symlinking /home/terry/mr23_ws/devel/share/gennodejs/ros/novatel_oem7_msgs/msg/IMURATECORRIMU.js
Symlinking /home/terry/mr23_ws/devel/share/gennodejs/ros/novatel_oem7_msgs/msg/BESTVEL.js
Symlinking /home/terry/mr23_ws/devel/share/gennodejs/ros/novatel_oem7_msgs/msg/Translation.js
Symlinking /home/terry/mr23_ws/devel/share/gennodejs/ros/novatel_oem7_msgs/msg/BESTGNSSPOS.js
Symlinking /home/terry/mr23_ws/devel/share/gennodejs/ros/novatel_oem7_msgs/msg/INSExtendedSolutionStatus.js
Symlinking /home/terry/mr23_ws/devel/share/gennodejs/ros/novatel_oem7_msgs/msg/Rotation.js
Symlinking /home/terry/mr23_ws/devel/share/gennodejs/ros/novatel_oem7_msgs/msg/INSFrame.js
Symlinking /home/terry/mr23_ws/devel/share/gennodejs/ros/novatel_oem7_msgs/msg/BESTPOS.js
Symlinking /home/terry/mr23_ws/devel/share/gennodejs/ros/novatel_oem7_msgs/msg/SyncState.js
Symlinking /home/terry/mr23_ws/devel/share/gennodejs/ros/novatel_oem7_msgs/msg/TIME.js
Symlinking /home/terry/mr23_ws/devel/share/gennodejs/ros/novatel_oem7_msgs/msg/RegionRestriction.js
Symlinking /home/terry/mr23_ws/devel/share/gennodejs/ros/novatel_oem7_msgs/msg/InertialSolutionStatus.js
Symlinking /home/terry/mr23_ws/devel/share/gennodejs/ros/novatel_oem7_msgs/msg/PPPPOS.js
Symlinking /home/terry/mr23_ws/devel/share/gennodejs/ros/novatel_oem7_msgs/msg/INSPVAX.js
Symlinking /home/terry/mr23_ws/devel/share/gennodejs/ros/novatel_oem7_msgs/msg/INSSourceStatus.js
Symlinking /home/terry/mr23_ws/devel/share/gennodejs/ros/novatel_oem7_msgs/msg/GeogatingStatus.js
Symlinking /home/terry/mr23_ws/devel/share/gennodejs/ros/novatel_oem7_msgs/msg/INSOutputFrame.js
Symlinking /home/terry/mr23_ws/devel/share/gennodejs/ros/novatel_oem7_msgs/msg/INSUpdate.js
Symlinking /home/terry/mr23_ws/devel/share/gennodejs/ros/novatel_oem7_msgs/msg/INSCONFIG.js
Symlinking /home/terry/mr23_ws/devel/share/gennodejs/ros/novatel_oem7_msgs/msg/INSAlignmentMode.js
Symlinking /home/terry/mr23_ws/devel/share/gennodejs/ros/novatel_oem7_msgs/msg/SolutionSource.js
Symlinking /home/terry/mr23_ws/devel/share/gennodejs/ros/novatel_oem7_msgs/msg/_index.js
Symlinking /home/terry/mr23_ws/devel/share/gennodejs/ros/novatel_oem7_msgs/msg/TranslationOffset.js
Symlinking /home/terry/mr23_ws/devel/share/gennodejs/ros/novatel_oem7_msgs/msg/INSReceiverStatus.js
Symlinking /home/terry/mr23_ws/devel/share/gennodejs/ros/novatel_oem7_msgs/msg/INSResetType.js
Symlinking /home/terry/mr23_ws/devel/share/gennodejs/ros/novatel_oem7_msgs/msg/RXSTATUS.js
Symlinking /home/terry/mr23_ws/devel/share/gennodejs/ros/novatel_oem7_msgs/msg/SubscriptionType.js
Symlinking /home/terry/mr23_ws/devel/share/gennodejs/ros/novatel_oem7_msgs/msg/INSPVA.js
Symlinking /home/terry/mr23_ws/devel/share/gennodejs/ros/novatel_oem7_msgs/msg/TERRASTARINFO.js
Symlinking /home/terry/mr23_ws/devel/share/gennodejs/ros/novatel_oem7_msgs/msg/SolutionStatus.js
Symlinking /home/terry/mr23_ws/devel/share/gennodejs/ros/novatel_oem7_msgs/msg/Oem7RawMsg.js
Symlinking /home/terry/mr23_ws/devel/share/gennodejs/ros/novatel_oem7_msgs/msg/PositionOrVelocityType.js
Symlinking /home/terry/mr23_ws/devel/share/gennodejs/ros/novatel_oem7_msgs/msg/TERRASTARSTATUS.js
Symlinking /home/terry/mr23_ws/devel/share/gennodejs/ros/novatel_oem7_msgs/msg/LocalAreaStatus.js
Symlinking /home/terry/mr23_ws/devel/share/gennodejs/ros/novatel_oem7_msgs/msg/Oem7Header.js
Symlinking /home/terry/mr23_ws/devel/share/novatel_oem7_msgs/cmake/novatel_oem7_msgsConfig.cmake
Symlinking /home/terry/mr23_ws/devel/share/novatel_oem7_msgs/cmake/novatel_oem7_msgsConfig-version.cmake
Symlinking /home/terry/mr23_ws/devel/share/novatel_oem7_msgs/cmake/novatel_oem7_msgs-msg-paths.cmake
Symlinking /home/terry/mr23_ws/devel/share/novatel_oem7_msgs/cmake/novatel_oem7_msgs-msg-extras.cmake
Symlinking /home/terry/mr23_ws/devel/lib/pkgconfig/novatel_oem7_msgs.pc
Symlinking /home/terry/mr23_ws/devel/lib/python3/dist-packages/novatel_oem7_msgs/__init__.py
Symlinking /home/terry/mr23_ws/devel/lib/python3/dist-packages/novatel_oem7_msgs/srv/__init__.py
Symlinking /home/terry/mr23_ws/devel/lib/python3/dist-packages/novatel_oem7_msgs/srv/_Oem7AbasciiCmd.py
Symlinking /home/terry/mr23_ws/devel/lib/python3/dist-packages/novatel_oem7_msgs/msg/_SubscriptionPermission.py
Symlinking /home/terry/mr23_ws/devel/lib/python3/dist-packages/novatel_oem7_msgs/msg/_INSSTDEV.py
Symlinking /home/terry/mr23_ws/devel/lib/python3/dist-packages/novatel_oem7_msgs/msg/_INSSourceStatus.py
Symlinking /home/terry/mr23_ws/devel/lib/python3/dist-packages/novatel_oem7_msgs/msg/_SolutionSource.py
Symlinking /home/terry/mr23_ws/devel/lib/python3/dist-packages/novatel_oem7_msgs/msg/_LocalAreaStatus.py
Symlinking /home/terry/mr23_ws/devel/lib/python3/dist-packages/novatel_oem7_msgs/msg/_INSResetType.py
Symlinking /home/terry/mr23_ws/devel/lib/python3/dist-packages/novatel_oem7_msgs/msg/_INSAlignmentMode.py
Symlinking /home/terry/mr23_ws/devel/lib/python3/dist-packages/novatel_oem7_msgs/msg/_SyncState.py
Symlinking /home/terry/mr23_ws/devel/lib/python3/dist-packages/novatel_oem7_msgs/msg/_Rotation.py
Symlinking /home/terry/mr23_ws/devel/lib/python3/dist-packages/novatel_oem7_msgs/msg/_INSOutputFrame.py
Symlinking /home/terry/mr23_ws/devel/lib/python3/dist-packages/novatel_oem7_msgs/msg/_TIME.py
Symlinking /home/terry/mr23_ws/devel/lib/python3/dist-packages/novatel_oem7_msgs/msg/__init__.py
Symlinking /home/terry/mr23_ws/devel/lib/python3/dist-packages/novatel_oem7_msgs/msg/_GeogatingStatus.py
Symlinking /home/terry/mr23_ws/devel/lib/python3/dist-packages/novatel_oem7_msgs/msg/_RegionRestriction.py
Symlinking /home/terry/mr23_ws/devel/lib/python3/dist-packages/novatel_oem7_msgs/msg/_BESTUTM.py
Symlinking /home/terry/mr23_ws/devel/lib/python3/dist-packages/novatel_oem7_msgs/msg/_CORRIMU.py
Symlinking /home/terry/mr23_ws/devel/lib/python3/dist-packages/novatel_oem7_msgs/msg/_TERRASTARSTATUS.py
Symlinking /home/terry/mr23_ws/devel/lib/python3/dist-packages/novatel_oem7_msgs/msg/_TERRASTARINFO.py
Symlinking /home/terry/mr23_ws/devel/lib/python3/dist-packages/novatel_oem7_msgs/msg/_INSReceiverStatus.py
Symlinking /home/terry/mr23_ws/devel/lib/python3/dist-packages/novatel_oem7_msgs/msg/_BESTPOS.py
Symlinking /home/terry/mr23_ws/devel/lib/python3/dist-packages/novatel_oem7_msgs/msg/_PPPPOS.py
Symlinking /home/terry/mr23_ws/devel/lib/python3/dist-packages/novatel_oem7_msgs/msg/_HEADING2.py
Symlinking /home/terry/mr23_ws/devel/lib/python3/dist-packages/novatel_oem7_msgs/msg/_RotationalOffset.py
Symlinking /home/terry/mr23_ws/devel/lib/python3/dist-packages/novatel_oem7_msgs/msg/_Translation.py
Symlinking /home/terry/mr23_ws/devel/lib/python3/dist-packages/novatel_oem7_msgs/msg/_INSExtendedSolutionStatus.py
Symlinking /home/terry/mr23_ws/devel/lib/python3/dist-packages/novatel_oem7_msgs/msg/_BESTVEL.py
Symlinking /home/terry/mr23_ws/devel/lib/python3/dist-packages/novatel_oem7_msgs/msg/_INSFrame.py
Symlinking /home/terry/mr23_ws/devel/lib/python3/dist-packages/novatel_oem7_msgs/msg/_IMURATECORRIMU.py
Symlinking /home/terry/mr23_ws/devel/lib/python3/dist-packages/novatel_oem7_msgs/msg/_Oem7Header.py
Symlinking /home/terry/mr23_ws/devel/lib/python3/dist-packages/novatel_oem7_msgs/msg/_TranslationOffset.py
Symlinking /home/terry/mr23_ws/devel/lib/python3/dist-packages/novatel_oem7_msgs/msg/_BestExtendedSolutionStatus.py
Symlinking /home/terry/mr23_ws/devel/lib/python3/dist-packages/novatel_oem7_msgs/msg/_PositionOrVelocityType.py
Symlinking /home/terry/mr23_ws/devel/lib/python3/dist-packages/novatel_oem7_msgs/msg/_INSUpdate.py
Symlinking /home/terry/mr23_ws/devel/lib/python3/dist-packages/novatel_oem7_msgs/msg/_InertialSolutionStatus.py
Symlinking /home/terry/mr23_ws/devel/lib/python3/dist-packages/novatel_oem7_msgs/msg/_RXSTATUS.py
Symlinking /home/terry/mr23_ws/devel/lib/python3/dist-packages/novatel_oem7_msgs/msg/_Oem7RawMsg.py
Symlinking /home/terry/mr23_ws/devel/lib/python3/dist-packages/novatel_oem7_msgs/msg/_SolutionStatus.py
Symlinking /home/terry/mr23_ws/devel/lib/python3/dist-packages/novatel_oem7_msgs/msg/_SubscriptionType.py
Symlinking /home/terry/mr23_ws/devel/lib/python3/dist-packages/novatel_oem7_msgs/msg/_INSPVAX.py
Symlinking /home/terry/mr23_ws/devel/lib/python3/dist-packages/novatel_oem7_msgs/msg/_INSPVA.py
Symlinking /home/terry/mr23_ws/devel/lib/python3/dist-packages/novatel_oem7_msgs/msg/_AccessStatus.py
Symlinking /home/terry/mr23_ws/devel/lib/python3/dist-packages/novatel_oem7_msgs/msg/_BESTGNSSPOS.py
Symlinking /home/terry/mr23_ws/devel/lib/python3/dist-packages/novatel_oem7_msgs/msg/_INSCONFIG.py
Symlinking /home/terry/mr23_ws/devel/include/novatel_oem7_msgs/TranslationOffset.h
Symlinking /home/terry/mr23_ws/devel/include/novatel_oem7_msgs/LocalAreaStatus.h
Symlinking /home/terry/mr23_ws/devel/include/novatel_oem7_msgs/INSCONFIG.h
Symlinking /home/terry/mr23_ws/devel/include/novatel_oem7_msgs/Oem7Header.h
Symlinking /home/terry/mr23_ws/devel/include/novatel_oem7_msgs/BESTGNSSPOS.h
Symlinking /home/terry/mr23_ws/devel/include/novatel_oem7_msgs/INSPVA.h
Symlinking /home/terry/mr23_ws/devel/include/novatel_oem7_msgs/SyncState.h
Symlinking /home/terry/mr23_ws/devel/include/novatel_oem7_msgs/SolutionStatus.h
Symlinking /home/terry/mr23_ws/devel/include/novatel_oem7_msgs/BestExtendedSolutionStatus.h
Symlinking /home/terry/mr23_ws/devel/include/novatel_oem7_msgs/INSOutputFrame.h
Symlinking /home/terry/mr23_ws/devel/include/novatel_oem7_msgs/RegionRestriction.h
Symlinking /home/terry/mr23_ws/devel/include/novatel_oem7_msgs/BESTPOS.h
Symlinking /home/terry/mr23_ws/devel/include/novatel_oem7_msgs/GeogatingStatus.h
Symlinking /home/terry/mr23_ws/devel/include/novatel_oem7_msgs/HEADING2.h
Symlinking /home/terry/mr23_ws/devel/include/novatel_oem7_msgs/PPPPOS.h
Symlinking /home/terry/mr23_ws/devel/include/novatel_oem7_msgs/TIME.h
Symlinking /home/terry/mr23_ws/devel/include/novatel_oem7_msgs/TERRASTARINFO.h
Symlinking /home/terry/mr23_ws/devel/include/novatel_oem7_msgs/AccessStatus.h
Symlinking /home/terry/mr23_ws/devel/include/novatel_oem7_msgs/BESTUTM.h
Symlinking /home/terry/mr23_ws/devel/include/novatel_oem7_msgs/Oem7AbasciiCmdRequest.h
Symlinking /home/terry/mr23_ws/devel/include/novatel_oem7_msgs/SubscriptionPermission.h
Symlinking /home/terry/mr23_ws/devel/include/novatel_oem7_msgs/Translation.h
Symlinking /home/terry/mr23_ws/devel/include/novatel_oem7_msgs/INSUpdate.h
Symlinking /home/terry/mr23_ws/devel/include/novatel_oem7_msgs/RXSTATUS.h
Symlinking /home/terry/mr23_ws/devel/include/novatel_oem7_msgs/TERRASTARSTATUS.h
Symlinking /home/terry/mr23_ws/devel/include/novatel_oem7_msgs/Rotation.h
Symlinking /home/terry/mr23_ws/devel/include/novatel_oem7_msgs/Oem7RawMsg.h
Symlinking /home/terry/mr23_ws/devel/include/novatel_oem7_msgs/CORRIMU.h
Symlinking /home/terry/mr23_ws/devel/include/novatel_oem7_msgs/INSFrame.h
Symlinking /home/terry/mr23_ws/devel/include/novatel_oem7_msgs/RotationalOffset.h
Symlinking /home/terry/mr23_ws/devel/include/novatel_oem7_msgs/IMURATECORRIMU.h
Symlinking /home/terry/mr23_ws/devel/include/novatel_oem7_msgs/INSReceiverStatus.h
Symlinking /home/terry/mr23_ws/devel/include/novatel_oem7_msgs/Oem7AbasciiCmd.h
Symlinking /home/terry/mr23_ws/devel/include/novatel_oem7_msgs/INSPVAX.h
Symlinking /home/terry/mr23_ws/devel/include/novatel_oem7_msgs/INSAlignmentMode.h
Symlinking /home/terry/mr23_ws/devel/include/novatel_oem7_msgs/INSExtendedSolutionStatus.h
Symlinking /home/terry/mr23_ws/devel/include/novatel_oem7_msgs/InertialSolutionStatus.h
Symlinking /home/terry/mr23_ws/devel/include/novatel_oem7_msgs/Oem7AbasciiCmdResponse.h
Symlinking /home/terry/mr23_ws/devel/include/novatel_oem7_msgs/BESTVEL.h
Symlinking /home/terry/mr23_ws/devel/include/novatel_oem7_msgs/INSSourceStatus.h
Symlinking /home/terry/mr23_ws/devel/include/novatel_oem7_msgs/SolutionSource.h
Symlinking /home/terry/mr23_ws/devel/include/novatel_oem7_msgs/INSResetType.h
Symlinking /home/terry/mr23_ws/devel/include/novatel_oem7_msgs/SubscriptionType.h
Symlinking /home/terry/mr23_ws/devel/include/novatel_oem7_msgs/PositionOrVelocityType.h
Symlinking /home/terry/mr23_ws/devel/include/novatel_oem7_msgs/INSSTDEV.h
