[35m[1mScanning dependencies of target rosgraph_msgs_generate_messages_eus[0m
[35m[1mScanning dependencies of target actionlib_generate_messages_cpp[0m
[35m[1mScanning dependencies of target novatel_oem7_msgs_generate_messages_lisp[0m
[35m[1mScanning dependencies of target nmea_msgs_generate_messages_eus[0m
[35m[1mScanning dependencies of target rosgraph_msgs_generate_messages_lisp[0m
[35m[1mScanning dependencies of target nmea_msgs_generate_messages_py[0m
[35m[1mScanning dependencies of target novatel_oem7_msgs_generate_messages_cpp[0m
[35m[1mScanning dependencies of target tf2_msgs_generate_messages_lisp[0m
[35m[1mScanning dependencies of target tf2_msgs_generate_messages_cpp[0m
[35m[1mScanning dependencies of target actionlib_generate_messages_py[0m
[35m[1mScanning dependencies of target tf2_msgs_generate_messages_nodejs[0m
[35m[1mScanning dependencies of target actionlib_msgs_generate_messages_eus[0m
[  0%] Built target novatel_oem7_msgs_generate_messages_lisp
[  0%] Built target actionlib_generate_messages_cpp
[  0%] Built target nmea_msgs_generate_messages_py
[  0%] Built target nmea_msgs_generate_messages_eus
[  0%] Built target tf2_msgs_generate_messages_cpp
[  0%] Built target novatel_oem7_msgs_generate_messages_cpp
[  0%] Built target tf2_msgs_generate_messages_lisp
[  0%] Built target actionlib_generate_messages_py
[  0%] Built target actionlib_msgs_generate_messages_eus
[  0%] Built target tf2_msgs_generate_messages_nodejs
[  0%] Built target rosgraph_msgs_generate_messages_eus
[35m[1mScanning dependencies of target roscpp_generate_messages_py[0m
[  0%] Built target rosgraph_msgs_generate_messages_lisp
[35m[1mScanning dependencies of target nav_msgs_generate_messages_cpp[0m
[35m[1mScanning dependencies of target gps_common_generate_messages_cpp[0m
[35m[1mScanning dependencies of target actionlib_generate_messages_nodejs[0m
[35m[1mScanning dependencies of target roscpp_generate_messages_cpp[0m
[35m[1mScanning dependencies of target std_msgs_generate_messages_py[0m
[35m[1mScanning dependencies of target rosgraph_msgs_generate_messages_nodejs[0m
[35m[1mScanning dependencies of target actionlib_msgs_generate_messages_py[0m
[35m[1mScanning dependencies of target novatel_oem7_msgs_generate_messages_py[0m
[35m[1mScanning dependencies of target geometry_msgs_generate_messages_eus[0m
[35m[1mScanning dependencies of target std_msgs_generate_messages_cpp[0m
[  0%] Built target roscpp_generate_messages_py
[35m[1mScanning dependencies of target bond_generate_messages_py[0m
[  0%] Built target std_msgs_generate_messages_py
[  0%] Built target roscpp_generate_messages_cpp
[  0%] Built target actionlib_generate_messages_nodejs
[  0%] Built target gps_common_generate_messages_cpp
[  0%] Built target nav_msgs_generate_messages_cpp
[  0%] Built target geometry_msgs_generate_messages_eus
[  0%] Built target actionlib_msgs_generate_messages_py
[  0%] Built target novatel_oem7_msgs_generate_messages_py
[  0%] Built target rosgraph_msgs_generate_messages_nodejs
[  0%] Built target std_msgs_generate_messages_cpp
[35m[1mScanning dependencies of target std_msgs_generate_messages_nodejs[0m
[  0%] Built target bond_generate_messages_py
[35m[1mScanning dependencies of target actionlib_generate_messages_lisp[0m
[35m[1mScanning dependencies of target nodelet_generate_messages_lisp[0m
[35m[1mScanning dependencies of target roscpp_generate_messages_lisp[0m
[35m[1mScanning dependencies of target novatel_oem7_msgs_generate_messages_eus[0m
[35m[1mScanning dependencies of target std_msgs_generate_messages_lisp[0m
[35m[1mScanning dependencies of target nodelet_generate_messages_cpp[0m
[35m[1mScanning dependencies of target nodelet_generate_messages_eus[0m
[35m[1mScanning dependencies of target rosgraph_msgs_generate_messages_py[0m
[35m[1mScanning dependencies of target bond_generate_messages_nodejs[0m
[35m[1mScanning dependencies of target nodelet_generate_messages_nodejs[0m
[  0%] Built target std_msgs_generate_messages_nodejs
[35m[1mScanning dependencies of target nodelet_generate_messages_py[0m
[  0%] Built target std_msgs_generate_messages_lisp
[  0%] Built target bond_generate_messages_nodejs
[  0%] Built target roscpp_generate_messages_lisp
[  0%] Built target nodelet_generate_messages_lisp
[  0%] Built target rosgraph_msgs_generate_messages_py
[  0%] Built target novatel_oem7_msgs_generate_messages_eus
[  0%] Built target actionlib_generate_messages_lisp
[  0%] Built target nodelet_generate_messages_cpp
[  0%] Built target nodelet_generate_messages_eus
[35m[1mScanning dependencies of target gps_common_generate_messages_nodejs[0m
[  0%] Built target nodelet_generate_messages_py
[  0%] Built target nodelet_generate_messages_nodejs
[35m[1mScanning dependencies of target sensor_msgs_generate_messages_lisp[0m
[35m[1mScanning dependencies of target sensor_msgs_generate_messages_eus[0m
[35m[1mScanning dependencies of target tf2_msgs_generate_messages_py[0m
[35m[1mScanning dependencies of target novatel_oem7_msgs_generate_messages_nodejs[0m
[35m[1mScanning dependencies of target bond_generate_messages_cpp[0m
[35m[1mScanning dependencies of target nmea_msgs_generate_messages_lisp[0m
[35m[1mScanning dependencies of target bond_generate_messages_eus[0m
[35m[1mScanning dependencies of target roscpp_generate_messages_eus[0m
[35m[1mScanning dependencies of target actionlib_generate_messages_eus[0m
[35m[1mScanning dependencies of target nmea_msgs_generate_messages_nodejs[0m
[  0%] Built target gps_common_generate_messages_nodejs
[35m[1mScanning dependencies of target rosgraph_msgs_generate_messages_cpp[0m
[  0%] Built target sensor_msgs_generate_messages_lisp
[  0%] Built target roscpp_generate_messages_eus
[  0%] Built target novatel_oem7_msgs_generate_messages_nodejs
[  0%] Built target bond_generate_messages_eus
[  0%] Built target tf2_msgs_generate_messages_py
[  0%] Built target sensor_msgs_generate_messages_eus
[  0%] Built target actionlib_generate_messages_eus
[  0%] Built target nmea_msgs_generate_messages_lisp
[  0%] Built target nmea_msgs_generate_messages_nodejs
[  0%] Built target rosgraph_msgs_generate_messages_cpp
[35m[1mScanning dependencies of target roscpp_generate_messages_nodejs[0m
[  0%] Built target bond_generate_messages_cpp
[35m[1mScanning dependencies of target bond_generate_messages_lisp[0m
[35m[1mScanning dependencies of target gps_common_generate_messages_eus[0m
[35m[1mScanning dependencies of target gps_common_generate_messages_lisp[0m
[35m[1mScanning dependencies of target nav_msgs_generate_messages_eus[0m
[35m[1mScanning dependencies of target gps_common_generate_messages_py[0m
[35m[1mScanning dependencies of target nav_msgs_generate_messages_py[0m
[35m[1mScanning dependencies of target geometry_msgs_generate_messages_py[0m
[35m[1mScanning dependencies of target nav_msgs_generate_messages_lisp[0m
[35m[1mScanning dependencies of target tf2_msgs_generate_messages_eus[0m
[35m[1mScanning dependencies of target sensor_msgs_generate_messages_py[0m
[  0%] Built target roscpp_generate_messages_nodejs
[35m[1mScanning dependencies of target sensor_msgs_generate_messages_nodejs[0m
[  0%] Built target bond_generate_messages_lisp
[  0%] Built target gps_common_generate_messages_lisp
[  0%] Built target nav_msgs_generate_messages_eus
[  0%] Built target geometry_msgs_generate_messages_py
[  0%] Built target gps_common_generate_messages_py
[  0%] Built target nav_msgs_generate_messages_py
[  0%] Built target nav_msgs_generate_messages_lisp
[  0%] Built target tf2_msgs_generate_messages_eus
[  0%] Built target gps_common_generate_messages_eus
[  0%] Built target sensor_msgs_generate_messages_py
[35m[1mScanning dependencies of target nmea_msgs_generate_messages_cpp[0m
[35m[1mScanning dependencies of target geometry_msgs_generate_messages_cpp[0m
[  0%] Built target sensor_msgs_generate_messages_nodejs
[35m[1mScanning dependencies of target geometry_msgs_generate_messages_lisp[0m
[35m[1mScanning dependencies of target geometry_msgs_generate_messages_nodejs[0m
[35m[1mScanning dependencies of target actionlib_msgs_generate_messages_lisp[0m
[35m[1mScanning dependencies of target std_msgs_generate_messages_eus[0m
[35m[1mScanning dependencies of target actionlib_msgs_generate_messages_cpp[0m
[35m[1mScanning dependencies of target actionlib_msgs_generate_messages_nodejs[0m
[35m[1mScanning dependencies of target nav_msgs_generate_messages_nodejs[0m
[  0%] Built target nmea_msgs_generate_messages_cpp
[35m[1mScanning dependencies of target sensor_msgs_generate_messages_cpp[0m
[  0%] Built target geometry_msgs_generate_messages_cpp
[  0%] Built target geometry_msgs_generate_messages_lisp
[  0%] Built target actionlib_msgs_generate_messages_lisp
[  0%] Built target actionlib_msgs_generate_messages_nodejs
[  0%] Built target nav_msgs_generate_messages_nodejs
[  0%] Built target actionlib_msgs_generate_messages_cpp
[  0%] Built target geometry_msgs_generate_messages_nodejs
[  0%] Built target std_msgs_generate_messages_eus
[  0%] Built target sensor_msgs_generate_messages_cpp
[35m[1mScanning dependencies of target novatel_oem7_driver[0m
[ 15%] [32mBuilding CXX object CMakeFiles/novatel_oem7_driver.dir/src/oem7_receiver_port.cpp.o[0m
[ 15%] [32mBuilding CXX object CMakeFiles/novatel_oem7_driver.dir/src/oem7_config_nodelet.cpp.o[0m
[ 15%] [32mBuilding CXX object CMakeFiles/novatel_oem7_driver.dir/src/oem7_receiver_file.cpp.o[0m
[ 21%] [32mBuilding CXX object CMakeFiles/novatel_oem7_driver.dir/src/oem7_message_nodelet.cpp.o[0m
[ 26%] [32mBuilding CXX object CMakeFiles/novatel_oem7_driver.dir/src/oem7_receiver_net.cpp.o[0m
[ 47%] [32mBuilding CXX object CMakeFiles/novatel_oem7_driver.dir/src/oem7_debug_file.cpp.o[0m
[ 47%] [32mBuilding CXX object CMakeFiles/novatel_oem7_driver.dir/src/oem7_message_util.cpp.o[0m
[ 47%] [32mBuilding CXX object CMakeFiles/novatel_oem7_driver.dir/src/oem7_ros_messages.cpp.o[0m
[ 47%] [32mBuilding CXX object CMakeFiles/novatel_oem7_driver.dir/src/message_handler.cpp.o[0m
[ 52%] [32mBuilding CXX object CMakeFiles/novatel_oem7_driver.dir/src/oem7_log_nodelet.cpp.o[0m
[ 57%] [32mBuilding CXX object CMakeFiles/novatel_oem7_driver.dir/src/bestpos_handler.cpp.o[0m
[ 63%] [32mBuilding CXX object CMakeFiles/novatel_oem7_driver.dir/src/oem7_message_decoder.cpp.o[0m
[ 68%] [32mBuilding CXX object CMakeFiles/novatel_oem7_driver.dir/src/ins_handler.cpp.o[0m
[ 73%] [32mBuilding CXX object CMakeFiles/novatel_oem7_driver.dir/src/align_handler.cpp.o[0m
[ 78%] [32mBuilding CXX object CMakeFiles/novatel_oem7_driver.dir/src/time_handler.cpp.o[0m
[ 84%] [32mBuilding CXX object CMakeFiles/novatel_oem7_driver.dir/src/receiverstatus_handler.cpp.o[0m
[ 89%] [32mBuilding CXX object CMakeFiles/novatel_oem7_driver.dir/src/nmea_handler.cpp.o[0m
[ 94%] [32mBuilding CXX object CMakeFiles/novatel_oem7_driver.dir/src/oem7_imu.cpp.o[0m
[100%] [32m[1mLinking CXX shared library /home/terry/mr23_ws/devel/.private/novatel_oem7_driver/lib/libnovatel_oem7_driver.so[0m
[100%] Built target novatel_oem7_driver
