Not searching for unused variables given on the command line.
[36m--[0m Using CATKIN_DEVEL_PREFIX: /home/terry/mr23_ws/devel/.private/novatel_oem7_driver
[36m--[0m Using CMAKE_PREFIX_PATH: /home/terry/mr23_ws/devel;/opt/ros/noetic
[36m--[0m This workspace overlays: /home/terry/mr23_ws/devel;/opt/ros/noetic
[36m--[0m Found PythonInterp: /usr/bin/python3 (found suitable version "3.8.10", minimum required is "3")
[36m--[0m Using PYTHON_EXECUTABLE: /usr/bin/python3
[36m--[0m Using Debian Python package layout
[36m--[0m Using empy: /usr/lib/python3/dist-packages/em.py
[36m--[0m Using CATKIN_ENABLE_TESTING: ON
[36m--[0m Call enable_testing()
[36m--[0m Using CATKIN_TEST_RESULTS_DIR: /home/terry/mr23_ws/build/novatel_oem7_driver/test_results
[36m--[0m Forcing gtest/gmock from source, though one was otherwise available.
[36m--[0m Found gtest sources under '/usr/src/googletest': gtests will be built
[36m--[0m Found gmock sources under '/usr/src/googletest': gmock will be built
[36m--[0m Found PythonInterp: /usr/bin/python3 (found version "3.8.10")
[36m--[0m Using Python nosetests: /usr/bin/nosetests3
[36m--[0m catkin 0.8.10
[36m--[0m BUILD_SHARED_LIBS is on
[36m--[0m Using these message generators: gencpp;geneus;genlisp;gennodejs;genpy
[36m--[0m Found Boost: /usr/lib/aarch64-linux-gnu/cmake/Boost-1.71.0/BoostConfig.cmake (found version "1.71.0") found components: system thread
[36m--[0m System Host Proc: 'aarch64'
[36m--[0m System Proc: 'aarch64'
[36m--[0m VOID_P: 8
[36m--[0m Linking to Oem7 Decoder at: '/home/terry/mr23_ws/src/novatel_oem7_driver/src/novatel_oem7_driver/novatel_oem7/bin/arm64v8/liboem7decoder.a'
[36m--[0m Installing devel-space wrapper /home/terry/mr23_ws/src/novatel_oem7_driver/src/novatel_oem7_driver/test/oem7_bist.py to /home/terry/mr23_ws/devel/.private/novatel_oem7_driver/share/novatel_oem7_driver
[36m--[0m Installing devel-space wrapper /home/terry/mr23_ws/src/novatel_oem7_driver/src/novatel_oem7_driver/test/oem7_message_test.py to /home/terry/mr23_ws/devel/.private/novatel_oem7_driver/share/novatel_oem7_driver
[36m--[0m Configuring done
[36m--[0m Generating done
[36m--[0m Build files have been written to: /home/terry/mr23_ws/build/novatel_oem7_driver
