Linked: (/home/terry/mr23_ws/devel/.private/patchworkpp/share/common-lisp/ros/jsk_recognition_msgs/msg/_package_PolygonArray.lisp, /home/terry/mr23_ws/devel/share/common-lisp/ros/jsk_recognition_msgs/msg/_package_PolygonArray.lisp)
Linked: (/home/terry/mr23_ws/devel/.private/patchworkpp/share/common-lisp/ros/jsk_recognition_msgs/msg/_package.lisp, /home/terry/mr23_ws/devel/share/common-lisp/ros/jsk_recognition_msgs/msg/_package.lisp)
Linked: (/home/terry/mr23_ws/devel/.private/patchworkpp/share/common-lisp/ros/jsk_recognition_msgs/msg/jsk_recognition_msgs-msg.asd, /home/terry/mr23_ws/devel/share/common-lisp/ros/jsk_recognition_msgs/msg/jsk_recognition_msgs-msg.asd)
Linked: (/home/terry/mr23_ws/devel/.private/patchworkpp/share/common-lisp/ros/jsk_recognition_msgs/msg/PolygonArray.lisp, /home/terry/mr23_ws/devel/share/common-lisp/ros/jsk_recognition_msgs/msg/PolygonArray.lisp)
Linked: (/home/terry/mr23_ws/devel/.private/patchworkpp/share/roseus/ros/patchworkpp/manifest.l, /home/terry/mr23_ws/devel/share/roseus/ros/patchworkpp/manifest.l)
Linked: (/home/terry/mr23_ws/devel/.private/patchworkpp/share/roseus/ros/jsk_recognition_msgs/manifest.l, /home/terry/mr23_ws/devel/share/roseus/ros/jsk_recognition_msgs/manifest.l)
Linked: (/home/terry/mr23_ws/devel/.private/patchworkpp/share/roseus/ros/jsk_recognition_msgs/msg/PolygonArray.l, /home/terry/mr23_ws/devel/share/roseus/ros/jsk_recognition_msgs/msg/PolygonArray.l)
Linked: (/home/terry/mr23_ws/devel/.private/patchworkpp/share/gennodejs/ros/jsk_recognition_msgs/_index.js, /home/terry/mr23_ws/devel/share/gennodejs/ros/jsk_recognition_msgs/_index.js)
Linked: (/home/terry/mr23_ws/devel/.private/patchworkpp/share/gennodejs/ros/jsk_recognition_msgs/msg/PolygonArray.js, /home/terry/mr23_ws/devel/share/gennodejs/ros/jsk_recognition_msgs/msg/PolygonArray.js)
Linked: (/home/terry/mr23_ws/devel/.private/patchworkpp/share/gennodejs/ros/jsk_recognition_msgs/msg/_index.js, /home/terry/mr23_ws/devel/share/gennodejs/ros/jsk_recognition_msgs/msg/_index.js)
Linked: (/home/terry/mr23_ws/devel/.private/patchworkpp/share/patchworkpp/cmake/patchworkpp-msg-paths.cmake, /home/terry/mr23_ws/devel/share/patchworkpp/cmake/patchworkpp-msg-paths.cmake)
Linked: (/home/terry/mr23_ws/devel/.private/patchworkpp/share/patchworkpp/cmake/patchworkppConfig-version.cmake, /home/terry/mr23_ws/devel/share/patchworkpp/cmake/patchworkppConfig-version.cmake)
Linked: (/home/terry/mr23_ws/devel/.private/patchworkpp/share/patchworkpp/cmake/patchworkpp-msg-extras.cmake, /home/terry/mr23_ws/devel/share/patchworkpp/cmake/patchworkpp-msg-extras.cmake)
Linked: (/home/terry/mr23_ws/devel/.private/patchworkpp/share/patchworkpp/cmake/patchworkppConfig.cmake, /home/terry/mr23_ws/devel/share/patchworkpp/cmake/patchworkppConfig.cmake)
Linked: (/home/terry/mr23_ws/devel/.private/patchworkpp/share/jsk_recognition_msgs/cmake/jsk_recognition_msgsConfig.cmake, /home/terry/mr23_ws/devel/share/jsk_recognition_msgs/cmake/jsk_recognition_msgsConfig.cmake)
Linked: (/home/terry/mr23_ws/devel/.private/patchworkpp/share/jsk_recognition_msgs/cmake/jsk_recognition_msgsConfig-version.cmake, /home/terry/mr23_ws/devel/share/jsk_recognition_msgs/cmake/jsk_recognition_msgsConfig-version.cmake)
Linked: (/home/terry/mr23_ws/devel/.private/patchworkpp/share/jsk_recognition_msgs/cmake/jsk_recognition_msgs-msg-extras.cmake, /home/terry/mr23_ws/devel/share/jsk_recognition_msgs/cmake/jsk_recognition_msgs-msg-extras.cmake)
Linked: (/home/terry/mr23_ws/devel/.private/patchworkpp/share/jsk_recognition_msgs/cmake/jsk_recognition_msgs-msg-paths.cmake, /home/terry/mr23_ws/devel/share/jsk_recognition_msgs/cmake/jsk_recognition_msgs-msg-paths.cmake)
Linked: (/home/terry/mr23_ws/devel/.private/patchworkpp/lib/pkgconfig/patchworkpp.pc, /home/terry/mr23_ws/devel/lib/pkgconfig/patchworkpp.pc)
Linked: (/home/terry/mr23_ws/devel/.private/patchworkpp/lib/pkgconfig/jsk_recognition_msgs.pc, /home/terry/mr23_ws/devel/lib/pkgconfig/jsk_recognition_msgs.pc)
Linked: (/home/terry/mr23_ws/devel/.private/patchworkpp/lib/python3/dist-packages/patchworkpp/__init__.py, /home/terry/mr23_ws/devel/lib/python3/dist-packages/patchworkpp/__init__.py)
Linked: (/home/terry/mr23_ws/devel/.private/patchworkpp/lib/python3/dist-packages/jsk_recognition_msgs/__init__.py, /home/terry/mr23_ws/devel/lib/python3/dist-packages/jsk_recognition_msgs/__init__.py)
Linked: (/home/terry/mr23_ws/devel/.private/patchworkpp/lib/python3/dist-packages/jsk_recognition_msgs/msg/_PolygonArray.py, /home/terry/mr23_ws/devel/lib/python3/dist-packages/jsk_recognition_msgs/msg/_PolygonArray.py)
Linked: (/home/terry/mr23_ws/devel/.private/patchworkpp/lib/python3/dist-packages/jsk_recognition_msgs/msg/__init__.py, /home/terry/mr23_ws/devel/lib/python3/dist-packages/jsk_recognition_msgs/msg/__init__.py)
Linked: (/home/terry/mr23_ws/devel/.private/patchworkpp/lib/patchworkpp/video, /home/terry/mr23_ws/devel/lib/patchworkpp/video)
Linked: (/home/terry/mr23_ws/devel/.private/patchworkpp/lib/patchworkpp/demo, /home/terry/mr23_ws/devel/lib/patchworkpp/demo)
Linked: (/home/terry/mr23_ws/devel/.private/patchworkpp/lib/patchworkpp/offline_kitti, /home/terry/mr23_ws/devel/lib/patchworkpp/offline_kitti)
Linked: (/home/terry/mr23_ws/devel/.private/patchworkpp/include/jsk_recognition_msgs/PolygonArray.h, /home/terry/mr23_ws/devel/include/jsk_recognition_msgs/PolygonArray.h)
