Symlinking /home/terry/mr23_ws/devel/share/common-lisp/ros/jsk_recognition_msgs/msg/_package_PolygonArray.lisp
Symlinking /home/terry/mr23_ws/devel/share/common-lisp/ros/jsk_recognition_msgs/msg/_package.lisp
Symlinking /home/terry/mr23_ws/devel/share/common-lisp/ros/jsk_recognition_msgs/msg/jsk_recognition_msgs-msg.asd
Symlinking /home/terry/mr23_ws/devel/share/common-lisp/ros/jsk_recognition_msgs/msg/PolygonArray.lisp
Symlinking /home/terry/mr23_ws/devel/share/roseus/ros/patchworkpp/manifest.l
Symlinking /home/terry/mr23_ws/devel/share/roseus/ros/jsk_recognition_msgs/manifest.l
Symlinking /home/terry/mr23_ws/devel/share/roseus/ros/jsk_recognition_msgs/msg/PolygonArray.l
Symlinking /home/terry/mr23_ws/devel/share/gennodejs/ros/jsk_recognition_msgs/_index.js
Symlinking /home/terry/mr23_ws/devel/share/gennodejs/ros/jsk_recognition_msgs/msg/PolygonArray.js
Symlinking /home/terry/mr23_ws/devel/share/gennodejs/ros/jsk_recognition_msgs/msg/_index.js
Symlinking /home/terry/mr23_ws/devel/share/patchworkpp/cmake/patchworkpp-msg-paths.cmake
Symlinking /home/terry/mr23_ws/devel/share/patchworkpp/cmake/patchworkppConfig-version.cmake
Symlinking /home/terry/mr23_ws/devel/share/patchworkpp/cmake/patchworkpp-msg-extras.cmake
Symlinking /home/terry/mr23_ws/devel/share/patchworkpp/cmake/patchworkppConfig.cmake
Symlinking /home/terry/mr23_ws/devel/share/jsk_recognition_msgs/cmake/jsk_recognition_msgsConfig.cmake
Symlinking /home/terry/mr23_ws/devel/share/jsk_recognition_msgs/cmake/jsk_recognition_msgsConfig-version.cmake
Symlinking /home/terry/mr23_ws/devel/share/jsk_recognition_msgs/cmake/jsk_recognition_msgs-msg-extras.cmake
Symlinking /home/terry/mr23_ws/devel/share/jsk_recognition_msgs/cmake/jsk_recognition_msgs-msg-paths.cmake
Symlinking /home/terry/mr23_ws/devel/lib/pkgconfig/patchworkpp.pc
Symlinking /home/terry/mr23_ws/devel/lib/pkgconfig/jsk_recognition_msgs.pc
Symlinking /home/terry/mr23_ws/devel/lib/python3/dist-packages/patchworkpp/__init__.py
Symlinking /home/terry/mr23_ws/devel/lib/python3/dist-packages/jsk_recognition_msgs/__init__.py
Symlinking /home/terry/mr23_ws/devel/lib/python3/dist-packages/jsk_recognition_msgs/msg/_PolygonArray.py
Symlinking /home/terry/mr23_ws/devel/lib/python3/dist-packages/jsk_recognition_msgs/msg/__init__.py
Symlinking /home/terry/mr23_ws/devel/lib/patchworkpp/video
Symlinking /home/terry/mr23_ws/devel/lib/patchworkpp/demo
Symlinking /home/terry/mr23_ws/devel/lib/patchworkpp/offline_kitti
Symlinking /home/terry/mr23_ws/devel/include/jsk_recognition_msgs/PolygonArray.h
