[  0%] Built target sensor_msgs_generate_messages_py
[  0%] Built target std_msgs_generate_messages_cpp
[  0%] Built target sensor_msgs_generate_messages_cpp
[  0%] Built target geometry_msgs_generate_messages_cpp
[  0%] Built target geometry_msgs_generate_messages_py
[  0%] Built target std_msgs_generate_messages_py
[  0%] Built target std_msgs_generate_messages_nodejs
[  0%] Built target sensor_msgs_generate_messages_nodejs
[  0%] Built target geometry_msgs_generate_messages_nodejs
[  0%] Built target geometry_msgs_generate_messages_lisp
[  0%] Built target std_msgs_generate_messages_lisp
[  0%] Built target sensor_msgs_generate_messages_lisp
[  0%] Built target geometry_msgs_generate_messages_eus
[  0%] Built target std_msgs_generate_messages_eus
[  0%] Built target sensor_msgs_generate_messages_eus
[  0%] Built target patchworkpp_generate_messages_cpp
[  0%] Built target patchworkpp_generate_messages_py
[  0%] Built target patchworkpp_generate_messages_nodejs
[  0%] Built target patchworkpp_generate_messages_lisp
[  7%] Built target _jsk_recognition_msgs_generate_messages_check_deps_PolygonArray
[  7%] Built target patchworkpp_generate_messages_eus
[ 21%] Built target video
[ 35%] Built target demo
[ 35%] Built target patchworkpp_generate_messages
[ 50%] Built target offline_kitti
[ 57%] Built target jsk_recognition_msgs_generate_messages_cpp
[ 71%] Built target jsk_recognition_msgs_generate_messages_py
[ 78%] Built target jsk_recognition_msgs_generate_messages_nodejs
[ 92%] Built target jsk_recognition_msgs_generate_messages_eus
[100%] Built target jsk_recognition_msgs_generate_messages_lisp
[100%] Built target jsk_recognition_msgs_generate_messages
