[  0%] Built target std_msgs_generate_messages_py
[  0%] Built target geometry_msgs_generate_messages_py
[  0%] Built target std_msgs_generate_messages_nodejs
[  0%] Built target geometry_msgs_generate_messages_nodejs
[  0%] Built target std_msgs_generate_messages_lisp
[  0%] Built target geometry_msgs_generate_messages_cpp
[  0%] Built target sensor_msgs_generate_messages_cpp
[  0%] Built target sensor_msgs_generate_messages_nodejs
[  0%] Built target sensor_msgs_generate_messages_lisp
[  0%] Built target sensor_msgs_generate_messages_py
[  0%] Built target geometry_msgs_generate_messages_lisp
[  0%] Built target std_msgs_generate_messages_cpp
[  0%] Built target std_msgs_generate_messages_eus
[  0%] Built target sensor_msgs_generate_messages_eus
[  0%] Built target geometry_msgs_generate_messages_eus
[  0%] Built target patchworkpp_generate_messages_lisp
[  0%] Built target patchworkpp_generate_messages_py
[  0%] Built target patchworkpp_generate_messages_nodejs
[  0%] Built target patchworkpp_generate_messages_cpp
[  7%] Built target patchworkpp_generate_messages_eus
[ 21%] Built target _jsk_recognition_msgs_generate_messages_check_deps_PolygonArray
[ 50%] Built target demo
[ 50%] Built target video
[ 50%] Built target offline_kitti
[ 50%] Built target patchworkpp_generate_messages
[ 92%] Built target jsk_recognition_msgs_generate_messages_nodejs
[ 92%] Built target jsk_recognition_msgs_generate_messages_lisp
[ 92%] Built target jsk_recognition_msgs_generate_messages_cpp
[100%] Built target jsk_recognition_msgs_generate_messages_eus
[100%] Built target jsk_recognition_msgs_generate_messages_py
[100%] Built target jsk_recognition_msgs_generate_messages
