/usr/bin/ld: CMakeFiles/zed-ros-3d-node.dir/src/yolo.cpp.o: in function `nvinfer1::(anonymous namespace)::createInferRuntime(nvinfer1::ILogger&)':
yolo.cpp:(.text+0x14): undefined reference to `createInferRuntime_INTERNAL'
/usr/bin/ld: CMakeFiles/zed-ros-3d-node.dir/src/yolo.cpp.o: in function `nvinfer1::(anonymous namespace)::createInferBuilder(nvinfer1::ILogger&)':
yolo.cpp:(.text+0x34): undefined reference to `createInferBuilder_INTERNAL'
/usr/bin/ld: CMakeFiles/zed-ros-3d-node.dir/src/yolo.cpp.o: in function `preprocess_img(cv::Mat&, int, int)':
yolo.cpp:(.text+0x15c): undefined reference to `cv::Mat::Mat(int, int, int)'
/usr/bin/ld: yolo.cpp:(.text+0x19c): undefined reference to `cv::resize(cv::_InputArray const&, cv::_OutputArray const&, cv::Size_<int>, double, double, int)'
/usr/bin/ld: yolo.cpp:(.text+0x1ec): undefined reference to `cv::Mat::Mat(int, int, int, cv::Scalar_<double> const&)'
/usr/bin/ld: yolo.cpp:(.text+0x23c): undefined reference to `cv::Mat::copyTo(cv::_OutputArray const&) const'
/usr/bin/ld: yolo.cpp:(.text+0x24c): undefined reference to `cv::Mat::~Mat()'
/usr/bin/ld: yolo.cpp:(.text+0x258): undefined reference to `cv::Mat::~Mat()'
/usr/bin/ld: yolo.cpp:(.text+0x2a8): undefined reference to `cv::Mat::~Mat()'
/usr/bin/ld: yolo.cpp:(.text+0x2b8): undefined reference to `cv::Mat::~Mat()'
/usr/bin/ld: yolo.cpp:(.text+0x2cc): undefined reference to `cv::Mat::~Mat()'
/usr/bin/ld: CMakeFiles/zed-ros-3d-node.dir/src/yolo.cpp.o: in function `nvonnxparser::(anonymous namespace)::createParser(nvinfer1::INetworkDefinition&, nvinfer1::ILogger&)':
yolo.cpp:(.text+0x308): undefined reference to `createNvOnnxParser_INTERNAL'
/usr/bin/ld: CMakeFiles/zed-ros-3d-node.dir/src/yolo.cpp.o: in function `Yolo::Yolo()':
yolo.cpp:(.text+0x968): undefined reference to `cv::Mat::Mat()'
/usr/bin/ld: yolo.cpp:(.text+0xa80): undefined reference to `cv::Mat::~Mat()'
/usr/bin/ld: CMakeFiles/zed-ros-3d-node.dir/src/yolo.cpp.o: in function `Yolo::~Yolo()':
yolo.cpp:(.text+0xac0): undefined reference to `cudaStreamDestroy'
/usr/bin/ld: yolo.cpp:(.text+0xacc): undefined reference to `cudaFree'
/usr/bin/ld: yolo.cpp:(.text+0xb74): undefined reference to `cudaFree'
/usr/bin/ld: yolo.cpp:(.text+0xc94): undefined reference to `cv::Mat::~Mat()'
/usr/bin/ld: CMakeFiles/zed-ros-3d-node.dir/src/yolo.cpp.o: in function `Yolo::init(std::__cxx11::basic_string<char, std::char_traits<char>, std::allocator<char> >)':
yolo.cpp:(.text+0x1968): undefined reference to `cudaStreamCreate'
/usr/bin/ld: CMakeFiles/zed-ros-3d-node.dir/src/yolo.cpp.o: in function `Yolo::run(sl::Mat, int, int, float)':
yolo.cpp:(.text+0x1b24): undefined reference to `cv::cvtColor(cv::_InputArray const&, cv::_OutputArray const&, int, int)'
/usr/bin/ld: yolo.cpp:(.text+0x1b3c): undefined reference to `cv::Mat::empty() const'
/usr/bin/ld: yolo.cpp:(.text+0x1d5c): undefined reference to `cudaMemcpyAsync'
/usr/bin/ld: yolo.cpp:(.text+0x1edc): undefined reference to `cudaMemcpyAsync'
/usr/bin/ld: yolo.cpp:(.text+0x1f84): undefined reference to `cudaStreamSynchronize'
/usr/bin/ld: yolo.cpp:(.text+0x20d8): undefined reference to `cv::Mat::Mat(int, int, int, void*, unsigned long)'
/usr/bin/ld: yolo.cpp:(.text+0x20e8): undefined reference to `cv::Mat::t() const'
/usr/bin/ld: yolo.cpp:(.text+0x213c): undefined reference to `cv::Mat::~Mat()'
/usr/bin/ld: yolo.cpp:(.text+0x23c0): undefined reference to `cv::Mat::~Mat()'
/usr/bin/ld: yolo.cpp:(.text+0x2774): undefined reference to `cv::Mat::~Mat()'
/usr/bin/ld: yolo.cpp:(.text+0x2784): undefined reference to `cv::Mat::~Mat()'
/usr/bin/ld: yolo.cpp:(.text+0x27e8): undefined reference to `cv::Mat::~Mat()'
/usr/bin/ld: CMakeFiles/zed-ros-3d-node.dir/src/yolo.cpp.o:yolo.cpp:(.text+0x2818): more undefined references to `cv::Mat::~Mat()' follow
/usr/bin/ld: CMakeFiles/zed-ros-3d-node.dir/src/yolo.cpp.o: in function `cudaError cudaMalloc<float>(float**, unsigned long)':
yolo.cpp:(.text+0x28bc): undefined reference to `cudaMalloc'
/usr/bin/ld: CMakeFiles/zed-ros-3d-node.dir/src/yolo.cpp.o: in function `cv::Mat::row(int) const':
yolo.cpp:(.text._ZNK2cv3Mat3rowEi[_ZNK2cv3Mat3rowEi]+0x64): undefined reference to `cv::Mat::Mat(cv::Mat const&, cv::Range const&, cv::Range const&)'
/usr/bin/ld: CMakeFiles/zed-ros-3d-node.dir/src/yolo.cpp.o: in function `cv::Mat::operator()(cv::Rect_<int> const&) const':
yolo.cpp:(.text._ZNK2cv3MatclERKNS_5Rect_IiEE[_ZNK2cv3MatclERKNS_5Rect_IiEE]+0x24): undefined reference to `cv::Mat::Mat(cv::Mat const&, cv::Rect_<int> const&)'
/usr/bin/ld: CMakeFiles/zed-ros-3d-node.dir/src/yolo.cpp.o: in function `cv::MatExpr::~MatExpr()':
yolo.cpp:(.text._ZN2cv7MatExprD2Ev[_ZN2cv7MatExprD5Ev]+0x14): undefined reference to `cv::Mat::~Mat()'
/usr/bin/ld: yolo.cpp:(.text._ZN2cv7MatExprD2Ev[_ZN2cv7MatExprD5Ev]+0x20): undefined reference to `cv::Mat::~Mat()'
/usr/bin/ld: yolo.cpp:(.text._ZN2cv7MatExprD2Ev[_ZN2cv7MatExprD5Ev]+0x2c): undefined reference to `cv::Mat::~Mat()'
/usr/bin/ld: CMakeFiles/zed-ros-3d-node.dir/src/yolo.cpp.o: in function `slMat2cvMat(sl::Mat&)':
yolo.cpp:(.text._Z11slMat2cvMatRN2sl3MatE[_Z11slMat2cvMatRN2sl3MatE]+0x11c): undefined reference to `unsigned char* sl::Mat::getPtr<unsigned char>(sl::MEM) const'
/usr/bin/ld: yolo.cpp:(.text._Z11slMat2cvMatRN2sl3MatE[_Z11slMat2cvMatRN2sl3MatE]+0x138): undefined reference to `cv::Mat::Mat(int, int, int, void*, unsigned long)'
collect2: error: ld returned 1 exit status
make[2]: *** [CMakeFiles/zed-ros-3d-node.dir/build.make:136: zed-ros-3d-node] Error 1
make[1]: *** [CMakeFiles/Makefile2:1618: CMakeFiles/zed-ros-3d-node.dir/all] Error 2
make: *** [Makefile:146: all] Error 2
