[01m[K/home/terry/mr23_ws/src/zed-ros-3d/src/yolo.cpp:[m[K In destructor ‘[01m[KYolo::~Yolo()[m[K’:
[01m[K/home/terry/mr23_ws/src/zed-ros-3d/src/yolo.cpp:119:26:[m[K [01;35m[Kwarning: [m[K‘[01m[Kvoid nvinfer1::IExecutionContext::destroy()[m[K’ is deprecated [[01;35m[K-Wdeprecated-declarations[m[K]
  119 |         context->destroy([01;35m[K)[m[K;
      |                          [01;35m[K^[m[K
In file included from [01m[K/usr/include/aarch64-linux-gnu/NvInfer.h:17[m[K,
                 from [01m[K/home/terry/mr23_ws/src/zed-ros-3d/include/yolo.hpp:4[m[K,
                 from [01m[K/home/terry/mr23_ws/src/zed-ros-3d/src/yolo.cpp:1[m[K:
[01m[K/usr/include/aarch64-linux-gnu/NvInferRuntime.h:2371:25:[m[K [01;36m[Knote: [m[Kdeclared here
 2371 |     TRT_DEPRECATED void [01;36m[Kdestroy[m[K() noexcept
      |                         [01;36m[K^~~~~~~[m[K
[01m[K/home/terry/mr23_ws/src/zed-ros-3d/src/yolo.cpp:120:25:[m[K [01;35m[Kwarning: [m[K‘[01m[Kvoid nvinfer1::ICudaEngine::destroy()[m[K’ is deprecated [[01;35m[K-Wdeprecated-declarations[m[K]
  120 |         engine->destroy([01;35m[K)[m[K;
      |                         [01;35m[K^[m[K
In file included from [01m[K/usr/include/aarch64-linux-gnu/NvInfer.h:17[m[K,
                 from [01m[K/home/terry/mr23_ws/src/zed-ros-3d/include/yolo.hpp:4[m[K,
                 from [01m[K/home/terry/mr23_ws/src/zed-ros-3d/src/yolo.cpp:1[m[K:
[01m[K/usr/include/aarch64-linux-gnu/NvInferRuntime.h:1609:25:[m[K [01;36m[Knote: [m[Kdeclared here
 1609 |     TRT_DEPRECATED void [01;36m[Kdestroy[m[K() noexcept
      |                         [01;36m[K^~~~~~~[m[K
[01m[K/home/terry/mr23_ws/src/zed-ros-3d/src/yolo.cpp:121:26:[m[K [01;35m[Kwarning: [m[K‘[01m[Kvoid nvinfer1::IRuntime::destroy()[m[K’ is deprecated [[01;35m[K-Wdeprecated-declarations[m[K]
  121 |         runtime->destroy([01;35m[K)[m[K;
      |                          [01;35m[K^[m[K
In file included from [01m[K/usr/include/aarch64-linux-gnu/NvInfer.h:17[m[K,
                 from [01m[K/home/terry/mr23_ws/src/zed-ros-3d/include/yolo.hpp:4[m[K,
                 from [01m[K/home/terry/mr23_ws/src/zed-ros-3d/src/yolo.cpp:1[m[K:
[01m[K/usr/include/aarch64-linux-gnu/NvInferRuntime.h:682:25:[m[K [01;36m[Knote: [m[Kdeclared here
  682 |     TRT_DEPRECATED void [01;36m[Kdestroy[m[K() noexcept
      |                         [01;36m[K^~~~~~~[m[K
[01m[K/home/terry/mr23_ws/src/zed-ros-3d/src/yolo.cpp:[m[K In static member function ‘[01m[Kstatic int Yolo::build_engine(std::string, std::string, OptimDim)[m[K’:
[01m[K/home/terry/mr23_ws/src/zed-ros-3d/src/yolo.cpp:172:39:[m[K [01;35m[Kwarning: [m[K‘[01m[Kvoid nvinfer1::IBuilder::setMaxBatchSize(int32_t)[m[K’ is deprecated [[01;35m[K-Wdeprecated-declarations[m[K]
  172 |             builder->setMaxBatchSize(1[01;35m[K)[m[K;
      |                                       [01;35m[K^[m[K
In file included from [01m[K/home/terry/mr23_ws/src/zed-ros-3d/include/yolo.hpp:4[m[K,
                 from [01m[K/home/terry/mr23_ws/src/zed-ros-3d/src/yolo.cpp:1[m[K:
[01m[K/usr/include/aarch64-linux-gnu/NvInfer.h:9379:25:[m[K [01;36m[Knote: [m[Kdeclared here
 9379 |     TRT_DEPRECATED void [01;36m[KsetMaxBatchSize[m[K(int32_t batchSize) noexcept
      |                         [01;36m[K^~~~~~~~~~~~~~~[m[K
[01m[K/home/terry/mr23_ws/src/zed-ros-3d/src/yolo.cpp:198:66:[m[K [01;35m[Kwarning: [m[K‘[01m[Knvinfer1::ICudaEngine* nvinfer1::IBuilder::buildEngineWithConfig(nvinfer1::INetworkDefinition&, nvinfer1::IBuilderConfig&)[m[K’ is deprecated [[01;35m[K-Wdeprecated-declarations[m[K]
  198 |         engine = builder->buildEngineWithConfig(*network, *config[01;35m[K)[m[K;
      |                                                                  [01;35m[K^[m[K
In file included from [01m[K/home/terry/mr23_ws/src/zed-ros-3d/include/yolo.hpp:4[m[K,
                 from [01m[K/home/terry/mr23_ws/src/zed-ros-3d/src/yolo.cpp:1[m[K:
[01m[K/usr/include/aarch64-linux-gnu/NvInfer.h:9483:43:[m[K [01;36m[Knote: [m[Kdeclared here
 9483 |     TRT_DEPRECATED nvinfer1::ICudaEngine* [01;36m[KbuildEngineWithConfig[m[K(
      |                                           [01;36m[K^~~~~~~~~~~~~~~~~~~~~[m[K
[01m[K/home/terry/mr23_ws/src/zed-ros-3d/src/yolo.cpp:212:25:[m[K [01;35m[Kwarning: [m[K‘[01m[Kvirtual void nvonnxparser::IParser::destroy()[m[K’ is deprecated [[01;35m[K-Wdeprecated-declarations[m[K]
  212 |         parser->destroy([01;35m[K)[m[K;
      |                         [01;35m[K^[m[K
In file included from [01m[K/home/terry/mr23_ws/src/zed-ros-3d/src/yolo.cpp:2[m[K:
[01m[K/usr/include/aarch64-linux-gnu/NvOnnxParser.h:199:33:[m[K [01;36m[Knote: [m[Kdeclared here
  199 |     TRT_DEPRECATED virtual void [01;36m[Kdestroy[m[K() = 0;
      |                                 [01;36m[K^~~~~~~[m[K
[01m[K/home/terry/mr23_ws/src/zed-ros-3d/src/yolo.cpp:213:26:[m[K [01;35m[Kwarning: [m[K‘[01m[Kvoid nvinfer1::INetworkDefinition::destroy()[m[K’ is deprecated [[01;35m[K-Wdeprecated-declarations[m[K]
  213 |         network->destroy([01;35m[K)[m[K;
      |                          [01;35m[K^[m[K
In file included from [01m[K/home/terry/mr23_ws/src/zed-ros-3d/include/yolo.hpp:4[m[K,
                 from [01m[K/home/terry/mr23_ws/src/zed-ros-3d/src/yolo.cpp:1[m[K:
[01m[K/usr/include/aarch64-linux-gnu/NvInfer.h:7015:25:[m[K [01;36m[Knote: [m[Kdeclared here
 7015 |     TRT_DEPRECATED void [01;36m[Kdestroy[m[K() noexcept
      |                         [01;36m[K^~~~~~~[m[K
[01m[K/home/terry/mr23_ws/src/zed-ros-3d/src/yolo.cpp:214:25:[m[K [01;35m[Kwarning: [m[K‘[01m[Kvoid nvinfer1::IBuilderConfig::destroy()[m[K’ is deprecated [[01;35m[K-Wdeprecated-declarations[m[K]
  214 |         config->destroy([01;35m[K)[m[K;
      |                         [01;35m[K^[m[K
In file included from [01m[K/home/terry/mr23_ws/src/zed-ros-3d/include/yolo.hpp:4[m[K,
                 from [01m[K/home/terry/mr23_ws/src/zed-ros-3d/src/yolo.cpp:1[m[K:
[01m[K/usr/include/aarch64-linux-gnu/NvInfer.h:8950:25:[m[K [01;36m[Knote: [m[Kdeclared here
 8950 |     TRT_DEPRECATED void [01;36m[Kdestroy[m[K() noexcept
      |                         [01;36m[K^~~~~~~[m[K
[01m[K/home/terry/mr23_ws/src/zed-ros-3d/src/yolo.cpp:215:26:[m[K [01;35m[Kwarning: [m[K‘[01m[Kvoid nvinfer1::IBuilder::destroy()[m[K’ is deprecated [[01;35m[K-Wdeprecated-declarations[m[K]
  215 |         builder->destroy([01;35m[K)[m[K;
      |                          [01;35m[K^[m[K
In file included from [01m[K/home/terry/mr23_ws/src/zed-ros-3d/include/yolo.hpp:4[m[K,
                 from [01m[K/home/terry/mr23_ws/src/zed-ros-3d/src/yolo.cpp:1[m[K:
[01m[K/usr/include/aarch64-linux-gnu/NvInfer.h:9422:25:[m[K [01;36m[Knote: [m[Kdeclared here
 9422 |     TRT_DEPRECATED void [01;36m[Kdestroy[m[K() noexcept
      |                         [01;36m[K^~~~~~~[m[K
[01m[K/home/terry/mr23_ws/src/zed-ros-3d/src/yolo.cpp:217:25:[m[K [01;35m[Kwarning: [m[K‘[01m[Kvoid nvinfer1::ICudaEngine::destroy()[m[K’ is deprecated [[01;35m[K-Wdeprecated-declarations[m[K]
  217 |         engine->destroy([01;35m[K)[m[K;
      |                         [01;35m[K^[m[K
In file included from [01m[K/usr/include/aarch64-linux-gnu/NvInfer.h:17[m[K,
                 from [01m[K/home/terry/mr23_ws/src/zed-ros-3d/include/yolo.hpp:4[m[K,
                 from [01m[K/home/terry/mr23_ws/src/zed-ros-3d/src/yolo.cpp:1[m[K:
[01m[K/usr/include/aarch64-linux-gnu/NvInferRuntime.h:1609:25:[m[K [01;36m[Knote: [m[Kdeclared here
 1609 |     TRT_DEPRECATED void [01;36m[Kdestroy[m[K() noexcept
      |                         [01;36m[K^~~~~~~[m[K
[01m[K/home/terry/mr23_ws/src/zed-ros-3d/src/yolo.cpp:[m[K In member function ‘[01m[Kint Yolo::init(std::string)[m[K’:
[01m[K/home/terry/mr23_ws/src/zed-ros-3d/src/yolo.cpp:253:31:[m[K [01;35m[Kwarning: [m[K‘[01m[Kint32_t nvinfer1::ICudaEngine::getNbBindings() const[m[K’ is deprecated [[01;35m[K-Wdeprecated-declarations[m[K]
  253 |     if (engine->getNbBindings([01;35m[K)[m[K != 2) return 1;
      |                               [01;35m[K^[m[K
In file included from [01m[K/usr/include/aarch64-linux-gnu/NvInfer.h:17[m[K,
                 from [01m[K/home/terry/mr23_ws/src/zed-ros-3d/include/yolo.hpp:4[m[K,
                 from [01m[K/home/terry/mr23_ws/src/zed-ros-3d/src/yolo.cpp:1[m[K:
[01m[K/usr/include/aarch64-linux-gnu/NvInferRuntime.h:1399:28:[m[K [01;36m[Knote: [m[Kdeclared here
 1399 |     TRT_DEPRECATED int32_t [01;36m[KgetNbBindings[m[K() const noexcept
      |                            [01;36m[K^~~~~~~~~~~~~[m[K
[01m[K/home/terry/mr23_ws/src/zed-ros-3d/src/yolo.cpp:256:48:[m[K [01;35m[Kwarning: [m[K‘[01m[Kint32_t nvinfer1::ICudaEngine::getNbBindings() const[m[K’ is deprecated [[01;35m[K-Wdeprecated-declarations[m[K]
  256 |     const int bindings = engine->getNbBindings([01;35m[K)[m[K;
      |                                                [01;35m[K^[m[K
In file included from [01m[K/usr/include/aarch64-linux-gnu/NvInfer.h:17[m[K,
                 from [01m[K/home/terry/mr23_ws/src/zed-ros-3d/include/yolo.hpp:4[m[K,
                 from [01m[K/home/terry/mr23_ws/src/zed-ros-3d/src/yolo.cpp:1[m[K:
[01m[K/usr/include/aarch64-linux-gnu/NvInferRuntime.h:1399:28:[m[K [01;36m[Knote: [m[Kdeclared here
 1399 |     TRT_DEPRECATED int32_t [01;36m[KgetNbBindings[m[K() const noexcept
      |                            [01;36m[K^~~~~~~~~~~~~[m[K
[01m[K/home/terry/mr23_ws/src/zed-ros-3d/src/yolo.cpp:258:37:[m[K [01;35m[Kwarning: [m[K‘[01m[Kbool nvinfer1::ICudaEngine::bindingIsInput(int32_t) const[m[K’ is deprecated [[01;35m[K-Wdeprecated-declarations[m[K]
  258 |         if (engine->bindingIsInput(i[01;35m[K)[m[K) {
      |                                     [01;35m[K^[m[K
In file included from [01m[K/usr/include/aarch64-linux-gnu/NvInfer.h:17[m[K,
                 from [01m[K/home/terry/mr23_ws/src/zed-ros-3d/include/yolo.hpp:4[m[K,
                 from [01m[K/home/terry/mr23_ws/src/zed-ros-3d/src/yolo.cpp:1[m[K:
[01m[K/usr/include/aarch64-linux-gnu/NvInferRuntime.h:1465:25:[m[K [01;36m[Knote: [m[Kdeclared here
 1465 |     TRT_DEPRECATED bool [01;36m[KbindingIsInput[m[K(int32_t bindingIndex) const noexcept
      |                         [01;36m[K^~~~~~~~~~~~~~[m[K
[01m[K/home/terry/mr23_ws/src/zed-ros-3d/src/yolo.cpp:259:58:[m[K [01;35m[Kwarning: [m[K‘[01m[Kconst char* nvinfer1::ICudaEngine::getBindingName(int32_t) const[m[K’ is deprecated [[01;35m[K-Wdeprecated-declarations[m[K]
  259 |             input_binding_name = engine->getBindingName(i[01;35m[K)[m[K;
      |                                                          [01;35m[K^[m[K
In file included from [01m[K/usr/include/aarch64-linux-gnu/NvInfer.h:17[m[K,
                 from [01m[K/home/terry/mr23_ws/src/zed-ros-3d/include/yolo.hpp:4[m[K,
                 from [01m[K/home/terry/mr23_ws/src/zed-ros-3d/src/yolo.cpp:1[m[K:
[01m[K/usr/include/aarch64-linux-gnu/NvInferRuntime.h:1450:32:[m[K [01;36m[Knote: [m[Kdeclared here
 1450 |     TRT_DEPRECATED char const* [01;36m[KgetBindingName[m[K(int32_t bindingIndex) const noexcept
      |                                [01;36m[K^~~~~~~~~~~~~~[m[K
[01m[K/home/terry/mr23_ws/src/zed-ros-3d/src/yolo.cpp:260:59:[m[K [01;35m[Kwarning: [m[K‘[01m[Knvinfer1::Dims nvinfer1::ICudaEngine::getBindingDimensions(int32_t) const[m[K’ is deprecated [[01;35m[K-Wdeprecated-declarations[m[K]
  260 |             Dims bind_dim = engine->getBindingDimensions(i[01;35m[K)[m[K;
      |                                                           [01;35m[K^[m[K
In file included from [01m[K/usr/include/aarch64-linux-gnu/NvInfer.h:17[m[K,
                 from [01m[K/home/terry/mr23_ws/src/zed-ros-3d/include/yolo.hpp:4[m[K,
                 from [01m[K/home/terry/mr23_ws/src/zed-ros-3d/src/yolo.cpp:1[m[K:
[01m[K/usr/include/aarch64-linux-gnu/NvInferRuntime.h:1492:25:[m[K [01;36m[Knote: [m[Kdeclared here
 1492 |     TRT_DEPRECATED Dims [01;36m[KgetBindingDimensions[m[K(int32_t bindingIndex) const noexcept
      |                         [01;36m[K^~~~~~~~~~~~~~~~~~~~[m[K
[01m[K/home/terry/mr23_ws/src/zed-ros-3d/src/yolo.cpp:267:51:[m[K [01;35m[Kwarning: [m[K‘[01m[Kconst char* nvinfer1::ICudaEngine::getBindingName(int32_t) const[m[K’ is deprecated [[01;35m[K-Wdeprecated-declarations[m[K]
  267 |             output_name = engine->getBindingName(i[01;35m[K)[m[K;
      |                                                   [01;35m[K^[m[K
In file included from [01m[K/usr/include/aarch64-linux-gnu/NvInfer.h:17[m[K,
                 from [01m[K/home/terry/mr23_ws/src/zed-ros-3d/include/yolo.hpp:4[m[K,
                 from [01m[K/home/terry/mr23_ws/src/zed-ros-3d/src/yolo.cpp:1[m[K:
[01m[K/usr/include/aarch64-linux-gnu/NvInferRuntime.h:1450:32:[m[K [01;36m[Knote: [m[Kdeclared here
 1450 |     TRT_DEPRECATED char const* [01;36m[KgetBindingName[m[K(int32_t bindingIndex) const noexcept
      |                                [01;36m[K^~~~~~~~~~~~~~[m[K
[01m[K/home/terry/mr23_ws/src/zed-ros-3d/src/yolo.cpp:270:59:[m[K [01;35m[Kwarning: [m[K‘[01m[Knvinfer1::Dims nvinfer1::ICudaEngine::getBindingDimensions(int32_t) const[m[K’ is deprecated [[01;35m[K-Wdeprecated-declarations[m[K]
  270 |             Dims bind_dim = engine->getBindingDimensions(i[01;35m[K)[m[K;
      |                                                           [01;35m[K^[m[K
In file included from [01m[K/usr/include/aarch64-linux-gnu/NvInfer.h:17[m[K,
                 from [01m[K/home/terry/mr23_ws/src/zed-ros-3d/include/yolo.hpp:4[m[K,
                 from [01m[K/home/terry/mr23_ws/src/zed-ros-3d/src/yolo.cpp:1[m[K:
[01m[K/usr/include/aarch64-linux-gnu/NvInferRuntime.h:1492:25:[m[K [01;36m[Knote: [m[Kdeclared here
 1492 |     TRT_DEPRECATED Dims [01;36m[KgetBindingDimensions[m[K(int32_t bindingIndex) const noexcept
      |                         [01;36m[K^~~~~~~~~~~~~~~~~~~~[m[K
[01m[K/home/terry/mr23_ws/src/zed-ros-3d/src/yolo.cpp:[m[K In member function ‘[01m[Kstd::vector<BBoxInfo> Yolo::run(sl::Mat, int, int, float)[m[K’:
[01m[K/home/terry/mr23_ws/src/zed-ros-3d/src/yolo.cpp:345:62:[m[K [01;35m[Kwarning: [m[K‘[01m[Kbool nvinfer1::IExecutionContext::enqueueV2(void* const*, cudaStream_t, CUevent_st**)[m[K’ is deprecated [[01;35m[K-Wdeprecated-declarations[m[K]
  345 |     context->enqueueV2(&d_buffers_nvinfer[0], stream, nullptr[01;35m[K)[m[K;
      |                                                              [01;35m[K^[m[K
In file included from [01m[K/usr/include/aarch64-linux-gnu/NvInfer.h:17[m[K,
                 from [01m[K/home/terry/mr23_ws/src/zed-ros-3d/include/yolo.hpp:4[m[K,
                 from [01m[K/home/terry/mr23_ws/src/zed-ros-3d/src/yolo.cpp:1[m[K:
[01m[K/usr/include/aarch64-linux-gnu/NvInferRuntime.h:2814:25:[m[K [01;36m[Knote: [m[Kdeclared here
 2814 |     TRT_DEPRECATED bool [01;36m[KenqueueV2[m[K(void* const* bindings, cudaStream_t stream, cudaEvent_t* inputConsumed) noexcept
      |                         [01;36m[K^~~~~~~~~[m[K
/usr/bin/ld: CMakeFiles/zed-ros-3d-node.dir/src/yolo.cpp.o: in function `nvinfer1::(anonymous namespace)::createInferRuntime(nvinfer1::ILogger&)':
yolo.cpp:(.text+0x14): undefined reference to `createInferRuntime_INTERNAL'
/usr/bin/ld: CMakeFiles/zed-ros-3d-node.dir/src/yolo.cpp.o: in function `nvinfer1::(anonymous namespace)::createInferBuilder(nvinfer1::ILogger&)':
yolo.cpp:(.text+0x34): undefined reference to `createInferBuilder_INTERNAL'
/usr/bin/ld: CMakeFiles/zed-ros-3d-node.dir/src/yolo.cpp.o: in function `preprocess_img(cv::Mat&, int, int)':
yolo.cpp:(.text+0x15c): undefined reference to `cv::Mat::Mat(int, int, int)'
/usr/bin/ld: yolo.cpp:(.text+0x19c): undefined reference to `cv::resize(cv::_InputArray const&, cv::_OutputArray const&, cv::Size_<int>, double, double, int)'
/usr/bin/ld: yolo.cpp:(.text+0x1ec): undefined reference to `cv::Mat::Mat(int, int, int, cv::Scalar_<double> const&)'
/usr/bin/ld: yolo.cpp:(.text+0x23c): undefined reference to `cv::Mat::copyTo(cv::_OutputArray const&) const'
/usr/bin/ld: yolo.cpp:(.text+0x24c): undefined reference to `cv::Mat::~Mat()'
/usr/bin/ld: yolo.cpp:(.text+0x258): undefined reference to `cv::Mat::~Mat()'
/usr/bin/ld: yolo.cpp:(.text+0x2a8): undefined reference to `cv::Mat::~Mat()'
/usr/bin/ld: yolo.cpp:(.text+0x2b8): undefined reference to `cv::Mat::~Mat()'
/usr/bin/ld: yolo.cpp:(.text+0x2cc): undefined reference to `cv::Mat::~Mat()'
/usr/bin/ld: CMakeFiles/zed-ros-3d-node.dir/src/yolo.cpp.o: in function `nvonnxparser::(anonymous namespace)::createParser(nvinfer1::INetworkDefinition&, nvinfer1::ILogger&)':
yolo.cpp:(.text+0x308): undefined reference to `createNvOnnxParser_INTERNAL'
/usr/bin/ld: CMakeFiles/zed-ros-3d-node.dir/src/yolo.cpp.o: in function `Yolo::Yolo()':
yolo.cpp:(.text+0x968): undefined reference to `cv::Mat::Mat()'
/usr/bin/ld: yolo.cpp:(.text+0xa80): undefined reference to `cv::Mat::~Mat()'
/usr/bin/ld: CMakeFiles/zed-ros-3d-node.dir/src/yolo.cpp.o: in function `Yolo::~Yolo()':
yolo.cpp:(.text+0xac0): undefined reference to `cudaStreamDestroy'
/usr/bin/ld: yolo.cpp:(.text+0xacc): undefined reference to `cudaFree'
/usr/bin/ld: yolo.cpp:(.text+0xb74): undefined reference to `cudaFree'
/usr/bin/ld: yolo.cpp:(.text+0xc94): undefined reference to `cv::Mat::~Mat()'
/usr/bin/ld: CMakeFiles/zed-ros-3d-node.dir/src/yolo.cpp.o: in function `Yolo::init(std::__cxx11::basic_string<char, std::char_traits<char>, std::allocator<char> >)':
yolo.cpp:(.text+0x1968): undefined reference to `cudaStreamCreate'
/usr/bin/ld: CMakeFiles/zed-ros-3d-node.dir/src/yolo.cpp.o: in function `Yolo::run(sl::Mat, int, int, float)':
yolo.cpp:(.text+0x1b24): undefined reference to `cv::cvtColor(cv::_InputArray const&, cv::_OutputArray const&, int, int)'
/usr/bin/ld: yolo.cpp:(.text+0x1b3c): undefined reference to `cv::Mat::empty() const'
/usr/bin/ld: yolo.cpp:(.text+0x1d5c): undefined reference to `cudaMemcpyAsync'
/usr/bin/ld: yolo.cpp:(.text+0x1edc): undefined reference to `cudaMemcpyAsync'
/usr/bin/ld: yolo.cpp:(.text+0x1f84): undefined reference to `cudaStreamSynchronize'
/usr/bin/ld: yolo.cpp:(.text+0x20d8): undefined reference to `cv::Mat::Mat(int, int, int, void*, unsigned long)'
/usr/bin/ld: yolo.cpp:(.text+0x20e8): undefined reference to `cv::Mat::t() const'
/usr/bin/ld: yolo.cpp:(.text+0x213c): undefined reference to `cv::Mat::~Mat()'
/usr/bin/ld: yolo.cpp:(.text+0x23c0): undefined reference to `cv::Mat::~Mat()'
/usr/bin/ld: yolo.cpp:(.text+0x2774): undefined reference to `cv::Mat::~Mat()'
/usr/bin/ld: yolo.cpp:(.text+0x2784): undefined reference to `cv::Mat::~Mat()'
/usr/bin/ld: yolo.cpp:(.text+0x27e8): undefined reference to `cv::Mat::~Mat()'
/usr/bin/ld: CMakeFiles/zed-ros-3d-node.dir/src/yolo.cpp.o:yolo.cpp:(.text+0x2818): more undefined references to `cv::Mat::~Mat()' follow
/usr/bin/ld: CMakeFiles/zed-ros-3d-node.dir/src/yolo.cpp.o: in function `cudaError cudaMalloc<float>(float**, unsigned long)':
yolo.cpp:(.text+0x28bc): undefined reference to `cudaMalloc'
/usr/bin/ld: CMakeFiles/zed-ros-3d-node.dir/src/yolo.cpp.o: in function `cv::Mat::row(int) const':
yolo.cpp:(.text._ZNK2cv3Mat3rowEi[_ZNK2cv3Mat3rowEi]+0x64): undefined reference to `cv::Mat::Mat(cv::Mat const&, cv::Range const&, cv::Range const&)'
/usr/bin/ld: CMakeFiles/zed-ros-3d-node.dir/src/yolo.cpp.o: in function `cv::Mat::operator()(cv::Rect_<int> const&) const':
yolo.cpp:(.text._ZNK2cv3MatclERKNS_5Rect_IiEE[_ZNK2cv3MatclERKNS_5Rect_IiEE]+0x24): undefined reference to `cv::Mat::Mat(cv::Mat const&, cv::Rect_<int> const&)'
/usr/bin/ld: CMakeFiles/zed-ros-3d-node.dir/src/yolo.cpp.o: in function `cv::MatExpr::~MatExpr()':
yolo.cpp:(.text._ZN2cv7MatExprD2Ev[_ZN2cv7MatExprD5Ev]+0x14): undefined reference to `cv::Mat::~Mat()'
/usr/bin/ld: yolo.cpp:(.text._ZN2cv7MatExprD2Ev[_ZN2cv7MatExprD5Ev]+0x20): undefined reference to `cv::Mat::~Mat()'
/usr/bin/ld: yolo.cpp:(.text._ZN2cv7MatExprD2Ev[_ZN2cv7MatExprD5Ev]+0x2c): undefined reference to `cv::Mat::~Mat()'
/usr/bin/ld: CMakeFiles/zed-ros-3d-node.dir/src/yolo.cpp.o: in function `slMat2cvMat(sl::Mat&)':
yolo.cpp:(.text._Z11slMat2cvMatRN2sl3MatE[_Z11slMat2cvMatRN2sl3MatE]+0x11c): undefined reference to `unsigned char* sl::Mat::getPtr<unsigned char>(sl::MEM) const'
/usr/bin/ld: yolo.cpp:(.text._Z11slMat2cvMatRN2sl3MatE[_Z11slMat2cvMatRN2sl3MatE]+0x138): undefined reference to `cv::Mat::Mat(int, int, int, void*, unsigned long)'
collect2: error: ld returned 1 exit status
make[2]: *** [CMakeFiles/zed-ros-3d-node.dir/build.make:136: zed-ros-3d-node] Error 1
make[1]: *** [CMakeFiles/Makefile2:1618: CMakeFiles/zed-ros-3d-node.dir/all] Error 2
make: *** [Makefile:146: all] Error 2
