[ 23%] [32mBuilding CXX object src/lib/CMakeFiles/velodyne_rawdata.dir/rawdata.cc.o[0m
[ 23%] [32mBuilding CXX object src/lib/CMakeFiles/velodyne_rawdata.dir/calibration.cc.o[0m
[ 23%] [34m[1mGenerating dynamic reconfigure files from cfg/TransformNode.cfg: /home/terry/mr23_ws/devel/.private/velodyne_pointcloud/include/velodyne_pointcloud/TransformNodeConfig.h /home/terry/mr23_ws/devel/.private/velodyne_pointcloud/lib/python3/dist-packages/velodyne_pointcloud/cfg/TransformNodeConfig.py[0m
Generating reconfiguration files for TransformNode in velodyne_pointcloud
Wrote header file in /home/terry/mr23_ws/devel/.private/velodyne_pointcloud/include/velodyne_pointcloud/TransformNodeConfig.h
[ 23%] Built target velodyne_pointcloud_gencfg
[ 30%] [32m[1mLinking CXX shared library /home/terry/mr23_ws/devel/.private/velodyne_pointcloud/lib/libvelodyne_rawdata.so[0m
[ 30%] Built target velodyne_rawdata
[ 46%] [32mBuilding CXX object src/conversions/CMakeFiles/data_containers.dir/pointcloudXYZIRT.cc.o[0m
[ 46%] [32mBuilding CXX object src/conversions/CMakeFiles/data_containers.dir/organized_cloudXYZIRT.cc.o[0m
[ 53%] [32m[1mLinking CXX shared library /home/terry/mr23_ws/devel/.private/velodyne_pointcloud/lib/libdata_containers.so[0m
[ 53%] Built target data_containers
[ 84%] [32mBuilding CXX object src/conversions/CMakeFiles/transform_nodelet.dir/transform.cc.o[0m
[ 84%] [32mBuilding CXX object src/conversions/CMakeFiles/transform_node.dir/transform_node.cc.o[0m
[ 84%] [32mBuilding CXX object src/conversions/CMakeFiles/transform_nodelet.dir/transform_nodelet.cc.o[0m
[ 84%] [32mBuilding CXX object src/conversions/CMakeFiles/transform_node.dir/transform.cc.o[0m
[ 92%] [32m[1mLinking CXX shared library /home/terry/mr23_ws/devel/.private/velodyne_pointcloud/lib/libtransform_nodelet.so[0m
[100%] [32m[1mLinking CXX executable /home/terry/mr23_ws/devel/.private/velodyne_pointcloud/lib/velodyne_pointcloud/transform_node[0m
[100%] Built target transform_nodelet
[100%] Built target transform_node
