[ 11%] Built target tf2_msgs_generate_messages_lisp
[ 11%] Built target velodyne_msgs_generate_messages_py
[ 11%] Built target velodyne_msgs_generate_messages_lisp
[ 11%] Built target tf2_msgs_generate_messages_nodejs
[ 11%] Built target actionlib_generate_messages_eus
[ 11%] Built target velodyne_driver_gencfg
[ 11%] Built target velodyne_msgs_generate_messages_eus
[ 11%] Built target velodyne_msgs_generate_messages_cpp
[ 11%] Built target actionlib_msgs_generate_messages_cpp
[ 11%] Built target actionlib_msgs_generate_messages_py
[ 11%] Built target rosgraph_msgs_generate_messages_eus
[ 11%] Built target actionlib_generate_messages_nodejs
[ 11%] Built target actionlib_generate_messages_cpp
[ 11%] Built target dynamic_reconfigure_generate_messages_lisp
[ 11%] Built target dynamic_reconfigure_generate_messages_cpp
[ 11%] Built target rosgraph_msgs_generate_messages_nodejs
[ 11%] Built target roscpp_generate_messages_py
[ 11%] Built target tf2_msgs_generate_messages_cpp
[ 11%] Built target tf_generate_messages_lisp
[ 11%] Built target rosgraph_msgs_generate_messages_py
[ 11%] Built target roscpp_generate_messages_lisp
[ 11%] Built target nodelet_generate_messages_cpp
[ 11%] Built target actionlib_generate_messages_lisp
[ 11%] Built target sensor_msgs_generate_messages_cpp
[ 11%] Built target roscpp_generate_messages_eus
[ 11%] Built target dynamic_reconfigure_gencfg
[ 11%] Built target diagnostic_msgs_generate_messages_py
[ 11%] Built target geometry_msgs_generate_messages_eus
[ 11%] Built target roscpp_generate_messages_cpp
[ 11%] Built target std_msgs_generate_messages_nodejs
[ 11%] Built target nodelet_generate_messages_lisp
[ 11%] Built target diagnostic_msgs_generate_messages_eus
[ 11%] Built target diagnostic_msgs_generate_messages_cpp
[ 11%] Built target std_msgs_generate_messages_py
[ 11%] Built target std_msgs_generate_messages_cpp
[ 11%] Built target rosgraph_msgs_generate_messages_lisp
[ 11%] Built target diagnostic_msgs_generate_messages_nodejs
[ 11%] Built target std_msgs_generate_messages_lisp
[ 11%] Built target tf_generate_messages_eus
[ 11%] Built target dynamic_reconfigure_generate_messages_py
[ 11%] Built target actionlib_msgs_generate_messages_eus
[ 11%] Built target actionlib_generate_messages_py
[ 11%] Built target roscpp_generate_messages_nodejs
[ 11%] Built target diagnostic_msgs_generate_messages_lisp
[ 11%] Built target actionlib_msgs_generate_messages_nodejs
[ 11%] Built target tf_generate_messages_py
[ 11%] Built target actionlib_msgs_generate_messages_lisp
[ 11%] Built target nodelet_generate_messages_eus
[ 11%] Built target std_msgs_generate_messages_eus
[ 11%] Built target nodelet_generate_messages_nodejs
[ 11%] Built target nodelet_generate_messages_py
[ 11%] Built target tf2_msgs_generate_messages_py
[ 11%] Built target dynamic_reconfigure_generate_messages_nodejs
[ 11%] Built target bond_generate_messages_cpp
[ 11%] Built target bond_generate_messages_nodejs
[ 11%] Built target bond_generate_messages_eus
[ 11%] Built target sensor_msgs_generate_messages_nodejs
[ 11%] Built target sensor_msgs_generate_messages_eus
[ 11%] Built target bond_generate_messages_lisp
[ 11%] Built target sensor_msgs_generate_messages_lisp
[ 11%] Built target bond_generate_messages_py
[ 11%] Built target geometry_msgs_generate_messages_lisp
[ 11%] Built target tf_generate_messages_cpp
[ 11%] Built target velodyne_msgs_generate_messages_nodejs
[ 11%] Built target tf_generate_messages_nodejs
[ 11%] Built target geometry_msgs_generate_messages_nodejs
[ 11%] Built target geometry_msgs_generate_messages_py
[ 11%] Built target geometry_msgs_generate_messages_cpp
[ 11%] Built target dynamic_reconfigure_generate_messages_eus
[ 11%] Built target sensor_msgs_generate_messages_py
[ 11%] Built target tf2_msgs_generate_messages_eus
[ 11%] Built target rosgraph_msgs_generate_messages_cpp
[ 22%] [32mBuilding CXX object src/lib/CMakeFiles/velodyne_input.dir/input.cc.o[0m
[ 33%] [32m[1mLinking CXX shared library /home/terry/mr23_ws/devel/.private/velodyne_driver/lib/libvelodyne_input.so[0m
[ 33%] Built target velodyne_input
[35m[1mScanning dependencies of target driver_nodelet[0m
[35m[1mScanning dependencies of target velodyne_node[0m
[ 66%] [32mBuilding CXX object src/driver/CMakeFiles/velodyne_node.dir/velodyne_node.cc.o[0m
[ 66%] [32mBuilding CXX object src/driver/CMakeFiles/driver_nodelet.dir/nodelet.cc.o[0m
[ 66%] [32mBuilding CXX object src/driver/CMakeFiles/velodyne_node.dir/driver.cc.o[0m
[ 77%] [32mBuilding CXX object src/driver/CMakeFiles/driver_nodelet.dir/driver.cc.o[0m
[ 88%] [32m[1mLinking CXX executable /home/terry/mr23_ws/devel/.private/velodyne_driver/lib/velodyne_driver/velodyne_node[0m
[ 88%] Built target velodyne_node
[100%] [32m[1mLinking CXX shared library /home/terry/mr23_ws/devel/.private/velodyne_driver/lib/libdriver_nodelet.so[0m
[100%] Built target driver_nodelet
