[  0%] Built target velodyne_msgs_generate_messages_cpp
[  0%] Built target tf2_msgs_generate_messages_lisp
[  0%] Built target velodyne_msgs_generate_messages_py
[ 11%] Built target velodyne_msgs_generate_messages_lisp
[ 11%] Built target velodyne_msgs_generate_messages_eus
[ 11%] Built target velodyne_driver_gencfg
[ 11%] Built target tf2_msgs_generate_messages_nodejs
[ 11%] Built target actionlib_generate_messages_eus
[ 11%] Built target actionlib_msgs_generate_messages_cpp
[ 11%] Built target actionlib_msgs_generate_messages_py
[ 11%] Built target actionlib_generate_messages_nodejs
[ 11%] Built target tf2_msgs_generate_messages_cpp
[ 11%] Built target actionlib_generate_messages_cpp
[ 11%] Built target roscpp_generate_messages_py
[ 11%] Built target rosgraph_msgs_generate_messages_nodejs
[ 11%] Built target rosgraph_msgs_generate_messages_eus
[ 11%] Built target dynamic_reconfigure_generate_messages_lisp
[ 11%] Built target dynamic_reconfigure_generate_messages_cpp
[ 11%] Built target tf_generate_messages_lisp
[ 11%] Built target rosgraph_msgs_generate_messages_py
[ 11%] Built target roscpp_generate_messages_eus
[ 11%] Built target actionlib_generate_messages_lisp
[ 11%] Built target roscpp_generate_messages_lisp
[ 11%] Built target dynamic_reconfigure_gencfg
[ 11%] Built target roscpp_generate_messages_cpp
[ 11%] Built target diagnostic_msgs_generate_messages_py
[ 11%] Built target nodelet_generate_messages_cpp
[ 11%] Built target std_msgs_generate_messages_nodejs
[ 11%] Built target sensor_msgs_generate_messages_cpp
[ 11%] Built target geometry_msgs_generate_messages_eus
[ 11%] Built target nodelet_generate_messages_lisp
[ 11%] Built target diagnostic_msgs_generate_messages_cpp
[ 11%] Built target std_msgs_generate_messages_py
[ 11%] Built target diagnostic_msgs_generate_messages_eus
[ 11%] Built target rosgraph_msgs_generate_messages_lisp
[ 11%] Built target tf_generate_messages_eus
[ 11%] Built target actionlib_msgs_generate_messages_eus
[ 11%] Built target std_msgs_generate_messages_lisp
[ 11%] Built target std_msgs_generate_messages_cpp
[ 11%] Built target diagnostic_msgs_generate_messages_nodejs
[ 11%] Built target dynamic_reconfigure_generate_messages_py
[ 11%] Built target actionlib_generate_messages_py
[ 11%] Built target actionlib_msgs_generate_messages_lisp
[ 11%] Built target actionlib_msgs_generate_messages_nodejs
[ 11%] Built target roscpp_generate_messages_nodejs
[ 11%] Built target diagnostic_msgs_generate_messages_lisp
[ 11%] Built target tf_generate_messages_py
[ 11%] Built target nodelet_generate_messages_eus
[ 11%] Built target nodelet_generate_messages_nodejs
[ 11%] Built target std_msgs_generate_messages_eus
[ 11%] Built target bond_generate_messages_nodejs
[ 11%] Built target nodelet_generate_messages_py
[ 11%] Built target dynamic_reconfigure_generate_messages_nodejs
[ 11%] Built target sensor_msgs_generate_messages_nodejs
[ 11%] Built target bond_generate_messages_eus
[ 11%] Built target tf2_msgs_generate_messages_py
[ 11%] Built target bond_generate_messages_cpp
[ 11%] Built target bond_generate_messages_lisp
[ 11%] Built target sensor_msgs_generate_messages_eus
[ 11%] Built target sensor_msgs_generate_messages_lisp
[ 11%] Built target bond_generate_messages_py
[ 11%] Built target tf_generate_messages_cpp
[ 11%] Built target geometry_msgs_generate_messages_lisp
[ 11%] Built target tf_generate_messages_nodejs
[ 11%] Built target velodyne_msgs_generate_messages_nodejs
[ 11%] Built target geometry_msgs_generate_messages_cpp
[ 11%] Built target geometry_msgs_generate_messages_nodejs
[ 11%] Built target dynamic_reconfigure_generate_messages_eus
[ 11%] Built target geometry_msgs_generate_messages_py
[ 11%] Built target sensor_msgs_generate_messages_py
[ 11%] Built target tf2_msgs_generate_messages_eus
[ 11%] Built target rosgraph_msgs_generate_messages_cpp
[ 33%] Built target velodyne_input
[ 66%] Built target driver_nodelet
[100%] Built target velodyne_node
