[35m[1mScanning dependencies of target actionlib_msgs_generate_messages_py[0m
[35m[1mScanning dependencies of target velodyne_msgs_generate_messages_cpp[0m
[35m[1mScanning dependencies of target velodyne_driver_gencfg[0m
[35m[1mScanning dependencies of target tf2_msgs_generate_messages_lisp[0m
[35m[1mScanning dependencies of target actionlib_generate_messages_eus[0m
[35m[1mScanning dependencies of target velodyne_msgs_generate_messages_py[0m
[35m[1mScanning dependencies of target velodyne_msgs_generate_messages_eus[0m
[35m[1mScanning dependencies of target tf2_msgs_generate_messages_nodejs[0m
[35m[1mScanning dependencies of target velodyne_msgs_generate_messages_lisp[0m
[35m[1mScanning dependencies of target actionlib_msgs_generate_messages_cpp[0m
[35m[1mScanning dependencies of target actionlib_generate_messages_nodejs[0m
[  0%] Built target actionlib_generate_messages_eus
[ 11%] [34m[1mGenerating dynamic reconfigure files from cfg/VelodyneNode.cfg: /home/terry/mr23_ws/devel/.private/velodyne_driver/include/velodyne_driver/VelodyneNodeConfig.h /home/terry/mr23_ws/devel/.private/velodyne_driver/lib/python3/dist-packages/velodyne_driver/cfg/VelodyneNodeConfig.py[0m
[ 11%] Built target actionlib_msgs_generate_messages_py
[ 11%] Built target velodyne_msgs_generate_messages_py
[ 11%] Built target tf2_msgs_generate_messages_lisp
[  0%] Built target velodyne_msgs_generate_messages_lisp
[ 11%] Built target velodyne_msgs_generate_messages_eus
[ 11%] Built target tf2_msgs_generate_messages_nodejs
[ 11%] Built target velodyne_msgs_generate_messages_cpp
[ 11%] Built target actionlib_msgs_generate_messages_cpp
[ 11%] Built target actionlib_generate_messages_nodejs
[35m[1mScanning dependencies of target dynamic_reconfigure_generate_messages_lisp[0m
[35m[1mScanning dependencies of target actionlib_generate_messages_cpp[0m
[35m[1mScanning dependencies of target tf2_msgs_generate_messages_cpp[0m
[35m[1mScanning dependencies of target rosgraph_msgs_generate_messages_eus[0m
[35m[1mScanning dependencies of target rosgraph_msgs_generate_messages_nodejs[0m
[35m[1mScanning dependencies of target dynamic_reconfigure_generate_messages_cpp[0m
[35m[1mScanning dependencies of target rosgraph_msgs_generate_messages_py[0m
[35m[1mScanning dependencies of target roscpp_generate_messages_py[0m
[35m[1mScanning dependencies of target tf_generate_messages_lisp[0m
[ 11%] Built target actionlib_generate_messages_cpp
[ 11%] Built target tf2_msgs_generate_messages_cpp
[ 11%] Built target rosgraph_msgs_generate_messages_eus
[35m[1mScanning dependencies of target roscpp_generate_messages_lisp[0m
[ 11%] Built target rosgraph_msgs_generate_messages_nodejs
[ 11%] Built target dynamic_reconfigure_generate_messages_cpp
[ 11%] Built target rosgraph_msgs_generate_messages_py
[ 11%] Built target dynamic_reconfigure_generate_messages_lisp
[ 11%] Built target roscpp_generate_messages_py
[ 11%] Built target tf_generate_messages_lisp
[35m[1mScanning dependencies of target actionlib_generate_messages_lisp[0m
[35m[1mScanning dependencies of target roscpp_generate_messages_eus[0m
[35m[1mScanning dependencies of target dynamic_reconfigure_gencfg[0m
[ 11%] Built target roscpp_generate_messages_lisp
[35m[1mScanning dependencies of target nodelet_generate_messages_cpp[0m
[35m[1mScanning dependencies of target roscpp_generate_messages_cpp[0m
[35m[1mScanning dependencies of target diagnostic_msgs_generate_messages_py[0m
[35m[1mScanning dependencies of target sensor_msgs_generate_messages_cpp[0m
[35m[1mScanning dependencies of target std_msgs_generate_messages_nodejs[0m
[35m[1mScanning dependencies of target geometry_msgs_generate_messages_eus[0m
[ 11%] Built target actionlib_generate_messages_lisp
[ 11%] Built target std_msgs_generate_messages_nodejs
[ 11%] Built target diagnostic_msgs_generate_messages_py
[ 11%] Built target nodelet_generate_messages_cpp
[ 11%] Built target geometry_msgs_generate_messages_eus
[35m[1mScanning dependencies of target nodelet_generate_messages_lisp[0m
[ 11%] Built target roscpp_generate_messages_eus
[ 11%] Built target roscpp_generate_messages_cpp
[ 11%] Built target sensor_msgs_generate_messages_cpp
[ 11%] Built target dynamic_reconfigure_gencfg
[35m[1mScanning dependencies of target diagnostic_msgs_generate_messages_eus[0m
[35m[1mScanning dependencies of target std_msgs_generate_messages_py[0m
[35m[1mScanning dependencies of target rosgraph_msgs_generate_messages_lisp[0m
[ 11%] Built target nodelet_generate_messages_lisp
[35m[1mScanning dependencies of target std_msgs_generate_messages_cpp[0m
[35m[1mScanning dependencies of target tf_generate_messages_eus[0m
[35m[1mScanning dependencies of target diagnostic_msgs_generate_messages_nodejs[0m
[35m[1mScanning dependencies of target diagnostic_msgs_generate_messages_cpp[0m
[35m[1mScanning dependencies of target actionlib_msgs_generate_messages_eus[0m
[35m[1mScanning dependencies of target std_msgs_generate_messages_lisp[0m
[35m[1mScanning dependencies of target dynamic_reconfigure_generate_messages_py[0m
[ 11%] Built target std_msgs_generate_messages_py
[ 11%] Built target rosgraph_msgs_generate_messages_lisp
[ 11%] Built target diagnostic_msgs_generate_messages_eus
[ 11%] Built target tf_generate_messages_eus
[ 11%] Built target diagnostic_msgs_generate_messages_nodejs
[ 11%] Built target diagnostic_msgs_generate_messages_cpp
[ 11%] Built target actionlib_msgs_generate_messages_eus
[ 11%] Built target std_msgs_generate_messages_lisp
[ 11%] Built target std_msgs_generate_messages_cpp
[35m[1mScanning dependencies of target actionlib_generate_messages_py[0m
[ 11%] Built target dynamic_reconfigure_generate_messages_py
[35m[1mScanning dependencies of target roscpp_generate_messages_nodejs[0m
[35m[1mScanning dependencies of target diagnostic_msgs_generate_messages_lisp[0m
[35m[1mScanning dependencies of target actionlib_msgs_generate_messages_nodejs[0m
Generating reconfiguration files for VelodyneNode in velodyne_driver
[35m[1mScanning dependencies of target actionlib_msgs_generate_messages_lisp[0m
Wrote header file in /home/terry/mr23_ws/devel/.private/velodyne_driver/include/velodyne_driver/VelodyneNodeConfig.h
[35m[1mScanning dependencies of target tf_generate_messages_py[0m
[35m[1mScanning dependencies of target std_msgs_generate_messages_eus[0m
[35m[1mScanning dependencies of target nodelet_generate_messages_nodejs[0m
[ 11%] Built target actionlib_generate_messages_py
[ 11%] Built target roscpp_generate_messages_nodejs
[ 11%] Built target actionlib_msgs_generate_messages_nodejs
[35m[1mScanning dependencies of target bond_generate_messages_nodejs[0m
[ 11%] Built target diagnostic_msgs_generate_messages_lisp
[35m[1mScanning dependencies of target nodelet_generate_messages_eus[0m
[ 11%] Built target std_msgs_generate_messages_eus
[ 11%] Built target tf_generate_messages_py
[ 11%] Built target actionlib_msgs_generate_messages_lisp
[35m[1mScanning dependencies of target nodelet_generate_messages_py[0m
[35m[1mScanning dependencies of target bond_generate_messages_cpp[0m
[35m[1mScanning dependencies of target tf2_msgs_generate_messages_py[0m
[ 11%] Built target nodelet_generate_messages_nodejs
[ 11%] Built target nodelet_generate_messages_eus
[35m[1mScanning dependencies of target dynamic_reconfigure_generate_messages_nodejs[0m
[ 11%] Built target bond_generate_messages_nodejs
[35m[1mScanning dependencies of target bond_generate_messages_eus[0m
[35m[1mScanning dependencies of target bond_generate_messages_lisp[0m
[35m[1mScanning dependencies of target sensor_msgs_generate_messages_nodejs[0m
[ 11%] Built target nodelet_generate_messages_py
[ 11%] Built target bond_generate_messages_cpp
[35m[1mScanning dependencies of target sensor_msgs_generate_messages_eus[0m
[ 11%] Built target tf2_msgs_generate_messages_py
[35m[1mScanning dependencies of target sensor_msgs_generate_messages_lisp[0m
[35m[1mScanning dependencies of target bond_generate_messages_py[0m
[ 11%] Built target dynamic_reconfigure_generate_messages_nodejs
[ 11%] Built target bond_generate_messages_lisp
[ 11%] Built target sensor_msgs_generate_messages_nodejs
[35m[1mScanning dependencies of target geometry_msgs_generate_messages_lisp[0m
[35m[1mScanning dependencies of target tf_generate_messages_cpp[0m
[ 11%] Built target bond_generate_messages_eus
[ 11%] Built target sensor_msgs_generate_messages_lisp
[35m[1mScanning dependencies of target tf_generate_messages_nodejs[0m
[35m[1mScanning dependencies of target geometry_msgs_generate_messages_cpp[0m
[35m[1mScanning dependencies of target velodyne_msgs_generate_messages_nodejs[0m
[ 11%] Built target sensor_msgs_generate_messages_eus
[35m[1mScanning dependencies of target dynamic_reconfigure_generate_messages_eus[0m
[ 11%] Built target bond_generate_messages_py
[35m[1mScanning dependencies of target geometry_msgs_generate_messages_nodejs[0m
[ 11%] Built target geometry_msgs_generate_messages_lisp
[ 11%] Built target geometry_msgs_generate_messages_cpp
[ 11%] Built target velodyne_msgs_generate_messages_nodejs
[ 11%] Built target tf_generate_messages_cpp
[35m[1mScanning dependencies of target geometry_msgs_generate_messages_py[0m
[35m[1mScanning dependencies of target tf2_msgs_generate_messages_eus[0m
[ 11%] Built target dynamic_reconfigure_generate_messages_eus
[35m[1mScanning dependencies of target sensor_msgs_generate_messages_py[0m
[ 11%] Built target geometry_msgs_generate_messages_nodejs
[ 11%] Built target tf_generate_messages_nodejs
[35m[1mScanning dependencies of target rosgraph_msgs_generate_messages_cpp[0m
[ 11%] Built target geometry_msgs_generate_messages_py
[ 11%] Built target velodyne_driver_gencfg
[ 11%] Built target tf2_msgs_generate_messages_eus
[ 11%] Built target sensor_msgs_generate_messages_py
[ 11%] Built target rosgraph_msgs_generate_messages_cpp
[35m[1mScanning dependencies of target velodyne_input[0m
[ 22%] [32mBuilding CXX object src/lib/CMakeFiles/velodyne_input.dir/input.cc.o[0m
[01m[K/home/terry/mr23_ws/src/velodyne/velodyne_driver/src/lib/input.cc:50:10:[m[K [01;31m[Kfatal error: [m[Kpcap.h: No such file or directory
   50 | #include [01;31m[K<pcap.h>[m[K
      |          [01;31m[K^~~~~~~~[m[K
compilation terminated.
make[2]: *** [src/lib/CMakeFiles/velodyne_input.dir/build.make:63: src/lib/CMakeFiles/velodyne_input.dir/input.cc.o] Error 1
make[1]: *** [CMakeFiles/Makefile2:3409: src/lib/CMakeFiles/velodyne_input.dir/all] Error 2
make: *** [Makefile:141: all] Error 2
